Virtuoso Framework License (111) was checked out successfully. Total checkout time was 0.15s.
********************************************************************************
Product   : Virtuoso(R) XStream Out
Program   : @(#)$CDS: strmout version 6.1.8-64b 10/08/2019 19:40 (ip-172-18-22-57) $
          : sub-version  IC6.1.8-64b.500.7 
Started at: 23-Apr-2021  16:55:59
User Name : ykhuang
Host Name : s2424
Directory : /home/ykhuang/research
CADENCE Design Systems, Inc.
********************************************************************************
Info: Cellview Rev Num:99,  Tech Rev Num:59

INFO (XSTRM-217): Reading the layer map file, /home/ykhuang/research/.xkit/setup/xh018/cadence/PDK/TECH_XH018_1143/strmInOut.layertable
INFO (XSTRM-217): Reading the object map file, /home/ykhuang/research/.xkit/setup/xh018/cadence/PDK/TECH_XH018_1143/strmOutObjects.map
INFO (XSTRM-162): You have not used the viaMap option. If the OpenAccess design has native oaVia instances, use the -viaMap option for preserving oaVia instances in a Stream Out - Stream In round trip. Using the -viaMap option improves performance and VM usage of applications using the Streamed-In design.  For details on the viaMap option, refer to the "Design Data Translator's Reference" guide for XStream.

Summary of Options :
library                                 Stimulator_IMP
strmFile                                /home/ykhuang/research/PvsLVS/CurrentMirror_x10_LV/CurrentMirror_x10_LV.gds
topCell                                 CurrentMirror_x10_LV
view                                    layout
runDir                                  /home/ykhuang/research/PvsLVS/CurrentMirror_x10_LV
logFile                                 /home/ykhuang/research/PvsLVS/CurrentMirror_x10_LV/PIPO1.LOG
techLib                                 TECH_XH018
hierDepth                               32
maxVertices                             2048
layerMap                                /home/ykhuang/research/.xkit/setup/xh018/cadence/PDK/TECH_XH018_1143/strmInOut.layertable
objectMap                                /home/ykhuang/research/.xkit/setup/xh018/cadence/PDK/TECH_XH018_1143/strmOutObjects.map
userSkillFile                           /home/ykhuang/research/PvsLVS/CurrentMirror_x10_LV/strmout.il
labelDepth                              32
case                                    Preserve
convertDot                              node
convertPin                              geometryAndText

** Info: PDK loadpath is "./.xkit/setup/xh018/cadence/PDK"
Loading XfPcellCore.cxt
Loading XfSktTools.cxt
Loading XfTechXh018.cxt
nil
Initializing library.
Finished Initializing Library .
    Generic PcellKit: 'production' loaded.
    Generic Pcell Skill Tools: 'production' loaded.
Loading Circuit Prospector Setup (XfCircuitProspSetup.il)
INFO (XSTRM-223): 1. Translating stdVia TECH_XH018/VIA3_C/layout as STRUCTURE VIA3_C_CDNS_1.
INFO (XSTRM-223): 2. Translating stdVia TECH_XH018/VIA3_C/layout as STRUCTURE VIA3_C_CDNS_2.
INFO (XSTRM-223): 3. Translating stdVia TECH_XH018/VIA3_C/layout as STRUCTURE VIA3_C_CDNS_3.
INFO (XSTRM-223): 4. Translating stdVia TECH_XH018/VIA2_C/layout as STRUCTURE VIA2_C_CDNS_4.
INFO (XSTRM-223): 5. Translating stdVia TECH_XH018/VIA1_C/layout as STRUCTURE VIA1_C_CDNS_5.
INFO (XSTRM-223): 6. Translating stdVia TECH_XH018/VIA2_C/layout as STRUCTURE VIA2_C_CDNS_6.
INFO (XSTRM-223): 7. Translating stdVia TECH_XH018/VIA1_C/layout as STRUCTURE VIA1_C_CDNS_7.
INFO (XSTRM-223): 8. Translating stdVia TECH_XH018/VIA3_C/layout as STRUCTURE VIA3_C_CDNS_8.
INFO (XSTRM-223): 9. Translating stdVia TECH_XH018/VIA1_C/layout as STRUCTURE VIA1_C_CDNS_9.
INFO (XSTRM-223): 10. Translating stdVia TECH_XH018/VIA2_C/layout as STRUCTURE VIA2_C_CDNS_10.
INFO (XSTRM-223): 11. Translating stdVia TECH_XH018/VIA3_C/layout as STRUCTURE VIA3_C_CDNS_11.
INFO (XSTRM-223): 12. Translating stdVia TECH_XH018/VIA2_C/layout as STRUCTURE VIA2_C_CDNS_12.
INFO (XSTRM-223): 13. Translating stdVia TECH_XH018/VIA1_C/layout as STRUCTURE VIA1_C_CDNS_13.
INFO (XSTRM-223): 14. Translating stdVia TECH_XH018/VIA1_C/layout as STRUCTURE VIA1_C_CDNS_14.
INFO (XSTRM-223): 15. Translating stdVia TECH_XH018/VIA3_C/layout as STRUCTURE VIA3_C_CDNS_15.
INFO (XSTRM-223): 16. Translating stdVia TECH_XH018/VIA2_C/layout as STRUCTURE VIA2_C_CDNS_16.
INFO (XSTRM-223): 17. Translating stdVia TECH_XH018/VIA1_C/layout as STRUCTURE VIA1_C_CDNS_17.
INFO (XSTRM-223): 18. Translating stdVia TECH_XH018/VIA3_C/layout as STRUCTURE VIA3_C_CDNS_18.
INFO (XSTRM-223): 19. Translating stdVia TECH_XH018/VIA2_C/layout as STRUCTURE VIA2_C_CDNS_19.
INFO (XSTRM-223): 20. Translating stdVia TECH_XH018/VIA1_C/layout as STRUCTURE VIA1_C_CDNS_20.
INFO (XSTRM-223): 21. Translating stdVia TECH_XH018/VIA2_C/layout as STRUCTURE VIA2_C_CDNS_21.
INFO (XSTRM-223): 22. Translating stdVia TECH_XH018/VIA1_C/layout as STRUCTURE VIA1_C_CDNS_22.
Express Pcell license has been checked out for the Express Pcell feature.
INFO (XSTRM-223): 23. Translating cellView PRIMLIB/ne3/layout as STRUCTURE ne3_CDNS_23.
INFO (XSTRM-223): 24. Translating cellView Stimulator_IMP/CurrentMirror_x10_LV/layout as STRUCTURE CurrentMirror_x10_LV.
WARNING (XSTRM-35): The objects in the layer-purpose pair 'MET4:pin' are ignored. This is because the layer-purpose pair used in the design is not specified in the layer map file. Specify the layer-purpose pair in the layer map file and try again.
WARNING (XSTRM-35): The objects in the layer-purpose pair 'MET2:pin' are ignored. This is because the layer-purpose pair used in the design is not specified in the layer map file. Specify the layer-purpose pair in the layer map file and try again.

Summary of Objects Translated:
	Scalar Instances:                       66
	Array Instances:                        0
	Polygons:                               0
	Paths:                                  7
	Rectangles:                             1485
	Lines:                                  0
	Arcs:                                   0
	Donuts:                                 0
	Dots:                                   0
	Ellipses:                               0
	Boundaries:                             1
	Area Blockages:                         0
	Layer Blockages:                        0
	Area Halos:                             0
	Markers:                                0
	Rows:                                   0
	Standard Vias                           758
	Custom Vias:                            0
	CdsGen Vias:                            0
	Pathsegs:                               606
	Text:                                   1
	TextDisplay:                            3
	Cells:                                  24

Elapsed Time: 0.6s   User Time: 0.2s   CPU Time: 0.2s   Peak VM: 15456KB
INFO (XSTRM-234): Translation completed. '0' error(s) and '2' warning(s) found.
