Virtuoso Framework License (111) was checked out successfully. Total checkout time was 0.15s.

Running simulation in directory: "/home/ykhuang/research/PvsLVS/CurrentMirror_x10_LV/".

INFO (TECH-150003): The technology database "basic" has been automatically
updated from revision 226610(DM 0) to revision 227612(DM 3) in virtual memory.
Running Artist Hierarchical Netlisting ...
** Info: PDK loadpath is "./.xkit/setup/xh018/cadence/PDK"
Loading XfPcellCore.cxt
Loading XfSktTools.cxt
Loading XfTechXh018.cxt
nil
Initializing library.
Finished Initializing Library .
    Generic PcellKit: 'production' loaded.
    Generic Pcell Skill Tools: 'production' loaded.
Loading Circuit Prospector Setup (XfCircuitProspSetup.il)
End netlisting Apr 23 16:56:00 2021

Running simin

Running runSim()...


Running runsim with simulator: "auCdl"
Begin simulation:    Apr 23 16:56:00 2021

auCdl netlisting completed
End simulation:      Apr 23 16:56:00 2021
INFO (AUCDL-21): (Analog) CDL netlisting completed successfully.