Begin Incremental Netlisting Mar 23 15:53:35 2021
WARNING (OSSHNL-269): Variable 'simModelNamePrefix' is not defined in the
current netlisting session. It had a value
'_unl' last time netlisting was done
in current run directory. Netlists from last
session cannot be used for
incremental netlisting. Therefore re-netlisting the
design.

End netlisting Mar 23 15:53:35 2021
Begin Incremental Netlisting Mar 23 15:54:16 2021
WARNING (OSSHNL-269): Variable 'simModelNamePrefix' is not defined in the
current netlisting session. It had a value
'_unl' last time netlisting was done
in current run directory. Netlists from last
session cannot be used for
incremental netlisting. Therefore re-netlisting the
design.

End netlisting Mar 23 15:54:16 2021
Begin Incremental Netlisting Mar 23 16:07:39 2021
WARNING (OSSHNL-269): Variable 'simModelNamePrefix' is not defined in the
current netlisting session. It had a value
'_unl' last time netlisting was done
in current run directory. Netlists from last
session cannot be used for
incremental netlisting. Therefore re-netlisting the
design.

End netlisting Mar 23 16:07:39 2021
