xmvlog(64): 18.03-s018: (c) Copyright 1995-2019 Cadence Design Systems, Inc.
TOOL:	xmvlog(64)	18.03-s018: Started on Jan 09, 2021 at 22:46:51 CET
xmvlog
    -use5x
    -SPECIFICUNIT CCVS
    -zparse /tmp/vamsZparxea922
    -NOWARN DLNOHV
    -work VerilogAMS_Practice
    -view verilogams
    -nostdout
    -logfile /home/ykhuang/research/.cadence/dfII/TextSupport/Logs/Parser/verilogams/VerilogAMS_Practice/verilogams/compile0.log
    -messages
    -ams
    -cdslib /home/ykhuang/research/cds.lib
    /home/ykhuang/research/VerilogAMS_Practice/CCVS/verilogams/verilog.vams

file: /home/ykhuang/research/VerilogAMS_Practice/CCVS/verilogams/verilog.vams
	module VerilogAMS_Practice.CCVS:verilogams
		errors: 0, warnings: 0
	 writing out DPL output:
TOOL:	xmvlog(64)	18.03-s018: Exiting on Jan 09, 2021 at 22:46:51 CET  (total: 00:00:00)
