ahdlcmicompile: Compiling ahdlcmi in xcelium.d/AMSD/ahdlSimDB/3151_tools_affirma_ams_etc_connect_lib_E2L_2.vams.connectLib__E2L_2__module__0x10000001_behavioral.ahdlcmi/Linux-64/ for Linux-64 with optimize using gcc on Wed Jan  6 17:47:11 CET 2021 [5.0]
ahdlcmicompile: Generating makefile
PATH:  /pkg/cadence/installs/IC618/bin:/pkg/cadence/installs/IC618/tools/bin/64bit:/pkg/cadence/installs/IC618/tools/bin:/pkg/cadence/installs/IC618/share/oa/bin:/pkg/xfab/XKIT/x_all/cadence/xenv:/usr/lib64/qt-3.3/bin:/usr/local/bin:/usr/bin:/usr/local/sbin:/usr/sbin:/home/ykhuang/.local/bin:/home/ykhuang/bin:/pkg/cadence/installs/IC618/tools/dfII/bin:/pkg/cadence/installs/SPECTRE181/tools/bin:/pkg/cadence/installs/ASSURA41/tools/bin:/pkg/cadence/installs/ASSURA41/tools/assura/bin:/pkg/cadence/installs/EXT182/tools/bin:/pkg/cadence/installs/XCELIUM1803/tools/bin/64bit:/pkg/cadence/installs/XCELIUM1803/tools/bin:/pkg/cadence/installs/GENUS181/tools.lnx86/bin:/pkg/cadence/installs/INNOVUS181/tools/bin/64bit:/pkg/cadence/installs/INNOVUS181/tools/bin
LD_LIBRARY_PATH:  /pkg/cadence/installs/XCELIUM1803/tools/lib/64bit:/pkg/cadence/installs/XCELIUM1803/tools/lib/64bit/SuSE:/pkg/cadence/installs/IC618/tools/lib/64bit:/pkg/cadence/installs/IC618/tools/lib:/pkg/cadence/installs/IC618/tools/lib/64bit/RHEL/RHEL7:/pkg/cadence/installs/IC618/share/oa/lib/linux_rhel60_64/opt:/pkg/cadence/installs/IC618/tools/dfII/lib/64bit:/pkg/cadence/installs/IC618/tools/sev/lib/64bit:/pkg/cadence/installs/IC618/tools/hdf5/lib/64bit:/pkg/cadence/installs/IC618/tools/lz4/lib/64bit:/pkg/cadence/installs/XCELIUM1803/tools.lnx86/lib/64bit:/pkg/cadence/installs/IC618/tools/Qt/v5/64bit/lib
/pkg/cadence/installs/XCELIUM1803/tools.lnx86/spectre/ahdlcmi/bin/gnumake -j32 -f GNUmakefile
Cleaning ./obj/optimize/5.0
rm -f -rf ./obj/optimize/5.0
Compiling C file connectLib__E2L_2__module__0x10000001_behavioral_func.c (optimize)
/pkg/cadence/installs/XCELIUM1803/tools.lnx86/spectre/ahdlcmi/bin/64bit/ahdlcc 0 /pkg/cadence/installs/XCELIUM1803/tools.lnx86/cdsgcc/gcc/4.8/bin/gcc  -march=k8 -ffast-math  -fno-unsafe-math-optimizations -O3 -m64 -DSYSV -DSVR4 -D_REENTRANT -fPIC   -DconfigSPECTRE -I. -I/pkg/cadence/installs/XCELIUM1803/tools.lnx86/spectre/ahdlcmi/include -c connectLib__E2L_2__module__0x10000001_behavioral_func.c -o obj/optimize/5.0/connectLib__E2L_2__module__0x10000001_behavioral_func.o || rm -f -f obj/optimize/5.0/connectLib__E2L_2__module__0x10000001_behavioral_func.o
Compiling C file connectLib__E2L_2__module__0x10000001_behavioral_DcFuncDerLoad.c (optimize)
Compiling C file connectLib__E2L_2__module__0x10000001_behavioral_DcFuncLoad.c (optimize)
/pkg/cadence/installs/XCELIUM1803/tools.lnx86/spectre/ahdlcmi/bin/64bit/ahdlcc 0 /pkg/cadence/installs/XCELIUM1803/tools.lnx86/cdsgcc/gcc/4.8/bin/gcc  -march=k8 -ffast-math  -fno-unsafe-math-optimizations -O3 -m64 -DSYSV -DSVR4 -D_REENTRANT -fPIC   -DconfigSPECTRE -I. -I/pkg/cadence/installs/XCELIUM1803/tools.lnx86/spectre/ahdlcmi/include -c connectLib__E2L_2__module__0x10000001_behavioral_DcFuncDerLoad.c -o obj/optimize/5.0/connectLib__E2L_2__module__0x10000001_behavioral_DcFuncDerLoad.o || rm -f -f obj/optimize/5.0/connectLib__E2L_2__module__0x10000001_behavioral_DcFuncDerLoad.o
/pkg/cadence/installs/XCELIUM1803/tools.lnx86/spectre/ahdlcmi/bin/64bit/ahdlcc 0 /pkg/cadence/installs/XCELIUM1803/tools.lnx86/cdsgcc/gcc/4.8/bin/gcc  -march=k8 -ffast-math  -fno-unsafe-math-optimizations -O3 -m64 -DSYSV -DSVR4 -D_REENTRANT -fPIC   -DconfigSPECTRE -I. -I/pkg/cadence/installs/XCELIUM1803/tools.lnx86/spectre/ahdlcmi/include -c connectLib__E2L_2__module__0x10000001_behavioral_DcFuncLoad.c -o obj/optimize/5.0/connectLib__E2L_2__module__0x10000001_behavioral_DcFuncLoad.o || rm -f -f obj/optimize/5.0/connectLib__E2L_2__module__0x10000001_behavioral_DcFuncLoad.o
Compiling C file connectLib__E2L_2__module__0x10000001_behavioral_TranFuncDerLoad.c (optimize)
/pkg/cadence/installs/XCELIUM1803/tools.lnx86/spectre/ahdlcmi/bin/64bit/ahdlcc 0 /pkg/cadence/installs/XCELIUM1803/tools.lnx86/cdsgcc/gcc/4.8/bin/gcc  -march=k8 -ffast-math  -fno-unsafe-math-optimizations -O3 -m64 -DSYSV -DSVR4 -D_REENTRANT -fPIC   -DconfigSPECTRE -I. -I/pkg/cadence/installs/XCELIUM1803/tools.lnx86/spectre/ahdlcmi/include -c connectLib__E2L_2__module__0x10000001_behavioral_TranFuncDerLoad.c -o obj/optimize/5.0/connectLib__E2L_2__module__0x10000001_behavioral_TranFuncDerLoad.o || rm -f -f obj/optimize/5.0/connectLib__E2L_2__module__0x10000001_behavioral_TranFuncDerLoad.o
Compiling C file connectLib__E2L_2__module__0x10000001_behavioral_TranFuncLoad.c (optimize)
/pkg/cadence/installs/XCELIUM1803/tools.lnx86/spectre/ahdlcmi/bin/64bit/ahdlcc 0 /pkg/cadence/installs/XCELIUM1803/tools.lnx86/cdsgcc/gcc/4.8/bin/gcc  -march=k8 -ffast-math  -fno-unsafe-math-optimizations -O3 -m64 -DSYSV -DSVR4 -D_REENTRANT -fPIC   -DconfigSPECTRE -I. -I/pkg/cadence/installs/XCELIUM1803/tools.lnx86/spectre/ahdlcmi/include -c connectLib__E2L_2__module__0x10000001_behavioral_TranFuncLoad.c -o obj/optimize/5.0/connectLib__E2L_2__module__0x10000001_behavioral_TranFuncLoad.o || rm -f -f obj/optimize/5.0/connectLib__E2L_2__module__0x10000001_behavioral_TranFuncLoad.o
Compiling C file connectLib__E2L_2__module__0x10000001_behavioral_cmi_c.c (optimize)
/pkg/cadence/installs/XCELIUM1803/tools.lnx86/spectre/ahdlcmi/bin/64bit/ahdlcc 0 /pkg/cadence/installs/XCELIUM1803/tools.lnx86/cdsgcc/gcc/4.8/bin/gcc  -march=k8 -ffast-math  -fno-unsafe-math-optimizations -O3 -m64 -DSYSV -DSVR4 -D_REENTRANT -fPIC   -DconfigSPECTRE -I. -I/pkg/cadence/installs/XCELIUM1803/tools.lnx86/spectre/ahdlcmi/include -I/pkg/cadence/installs/XCELIUM1803/tools.lnx86/cmi/include -c connectLib__E2L_2__module__0x10000001_behavioral_cmi_c.c -o obj/optimize/5.0/connectLib__E2L_2__module__0x10000001_behavioral_cmi_c.o || rm -f -f obj/optimize/5.0/connectLib__E2L_2__module__0x10000001_behavioral_cmi_c.o
<stdin>: In function 'connectLib__E2L_2__module__0x10000001_behavioral_InitAll':
<stdin>:455:2: warning: floating constant exceeds range of 'double' [-Woverflow]
<stdin>:456:2: warning: floating constant exceeds range of 'double' [-Woverflow]
<stdin>:464:2: warning: floating constant exceeds range of 'double' [-Woverflow]
<stdin>:465:2: warning: floating constant exceeds range of 'double' [-Woverflow]
<stdin>:473:2: warning: floating constant exceeds range of 'double' [-Woverflow]
<stdin>:474:2: warning: floating constant exceeds range of 'double' [-Woverflow]
<stdin>:482:2: warning: floating constant exceeds range of 'double' [-Woverflow]
<stdin>:483:2: warning: floating constant exceeds range of 'double' [-Woverflow]
<stdin>:491:2: warning: floating constant exceeds range of 'double' [-Woverflow]
<stdin>:492:2: warning: floating constant exceeds range of 'double' [-Woverflow]
<stdin>:500:2: warning: floating constant exceeds range of 'double' [-Woverflow]
<stdin>:501:2: warning: floating constant exceeds range of 'double' [-Woverflow]
rm -f -rf connectLib__E2L_2__module__0x10000001_behavioral_TranFuncLoad.c
rm -f -rf connectLib__E2L_2__module__0x10000001_behavioral_TranFuncDerLoad.c
rm -f -rf connectLib__E2L_2__module__0x10000001_behavioral_DcFuncDerLoad.c
<stdin>: In function 'connectLib__E2L_2__module__0x10000001_behavioral_pDC_Load':
<stdin>:697:1044: warning: passing argument 1 of 'aslDevFillZeorDiagonalElemet' makes pointer from integer without a cast [enabled by default]
In file included from <stdin>:24:0:
/pkg/cadence/installs/XCELIUM1803/tools.lnx86/spectre/ahdlcmi/include/ahdlDevLibGlobal.h:2715:33: note: expected 'void *' but argument is of type 'long int'
 ASL_FUNC_DECL_START extern void aslDevFillZeorDiagonalElemet( void *, int, unsigned int, struct ahdlFuncModeParam * );
                                 ^
<stdin>: In function 'connectLib__E2L_2__module__0x10000001_behavioral_pCompare':
<stdin>:751:1412: warning: assignment makes integer from pointer without a cast [enabled by default]
<stdin>:751:1166: warning: passing argument 1 of 'memcpy' makes pointer from integer without a cast [enabled by default]
In file included from /pkg/cadence/installs/XCELIUM1803/tools.lnx86/spectre/ahdlcmi/include/ahdlPiCmi.h:5:0,
                 from /pkg/cadence/installs/XCELIUM1803/tools.lnx86/spectre/ahdlcmi/include/ahdlDevLibGlobal.h:83,
                 from <stdin>:24:
/usr/include/string.h:42:14: note: expected 'void * __restrict__' but argument is of type 'long int'
 extern void *memcpy (void *__restrict __dest, const void *__restrict __src,
              ^
<stdin>:751:1166: warning: passing argument 2 of 'memcpy' makes pointer from integer without a cast [enabled by default]
In file included from /pkg/cadence/installs/XCELIUM1803/tools.lnx86/spectre/ahdlcmi/include/ahdlPiCmi.h:5:0,
                 from /pkg/cadence/installs/XCELIUM1803/tools.lnx86/spectre/ahdlcmi/include/ahdlDevLibGlobal.h:83,
                 from <stdin>:24:
/usr/include/string.h:42:14: note: expected 'const void * __restrict__' but argument is of type 'long int'
 extern void *memcpy (void *__restrict __dest, const void *__restrict __src,
              ^
<stdin>:751:1649: warning: assignment makes integer from pointer without a cast [enabled by default]
<stdin>: In function 'connectLib__E2L_2__module__0x10000001_behavioral_pGetMatrixPointers':
<stdin>:757:2056: warning: assignment makes integer from pointer without a cast [enabled by default]
<stdin>: In function 'connectLib__E2L_2__module__0x10000001_behavioral_pAnalTranLoad':
<stdin>:803:2407: warning: passing argument 1 of 'aslDevFillZeorDiagonalElemet' makes pointer from integer without a cast [enabled by default]
In file included from <stdin>:24:0:
/pkg/cadence/installs/XCELIUM1803/tools.lnx86/spectre/ahdlcmi/include/ahdlDevLibGlobal.h:2715:33: note: expected 'void *' but argument is of type 'long int'
 ASL_FUNC_DECL_START extern void aslDevFillZeorDiagonalElemet( void *, int, unsigned int, struct ahdlFuncModeParam * );
                                 ^
<stdin>: In function 'connectLib__E2L_2__module__0x10000001_behavioral_pSaveRestart':
<stdin>:829:647: warning: passing argument 2 of 'aslDevAvarSR' from incompatible pointer type [enabled by default]
In file included from <stdin>:24:0:
/pkg/cadence/installs/XCELIUM1803/tools.lnx86/spectre/ahdlcmi/include/ahdlDevLibGlobal.h:1223:39: note: expected 'struct ahdlAnalogVar *' but argument is of type 'char *'
 ASL_FUNC_DECL_START extern PklError_e aslDevAvarSR( int, struct ahdlAnalogVar *, char *, char *, char *, PklJar_t * );
                                       ^
<stdin>: In function 'connectLib__E2L_2__module__0x10000001_behavioral_pSaveRestartInst':
<stdin>:832:649: warning: passing argument 2 of 'aslDevAvarSR' from incompatible pointer type [enabled by default]
In file included from <stdin>:24:0:
/pkg/cadence/installs/XCELIUM1803/tools.lnx86/spectre/ahdlcmi/include/ahdlDevLibGlobal.h:1223:39: note: expected 'struct ahdlAnalogVar *' but argument is of type 'char *'
 ASL_FUNC_DECL_START extern PklError_e aslDevAvarSR( int, struct ahdlAnalogVar *, char *, char *, char *, PklJar_t * );
                                       ^
rm -f -rf connectLib__E2L_2__module__0x10000001_behavioral_DcFuncLoad.c
rm -f -rf connectLib__E2L_2__module__0x10000001_behavioral_func.c
rm -f -rf connectLib__E2L_2__module__0x10000001_behavioral_cmi_c.c
/pkg/cadence/installs/XCELIUM1803/tools.lnx86/cdsgcc/gcc/4.8/bin/gcc -shared -O3 -m64 -fPIC -o obj/optimize/5.0/libahdlcmi_connectLib__E2L_2__module__0x10000001_behavioral.so ./obj/optimize/5.0/connectLib__E2L_2__module__0x10000001_behavioral_func.o ./obj/optimize/5.0/connectLib__E2L_2__module__0x10000001_behavioral_DcFuncDerLoad.o ./obj/optimize/5.0/connectLib__E2L_2__module__0x10000001_behavioral_DcFuncLoad.o ./obj/optimize/5.0/connectLib__E2L_2__module__0x10000001_behavioral_TranFuncDerLoad.o ./obj/optimize/5.0/connectLib__E2L_2__module__0x10000001_behavioral_TranFuncLoad.o ./obj/optimize/5.0/connectLib__E2L_2__module__0x10000001_behavioral_cmi_c.o  -Wl,-rpath,/usr/lib -Wl,-rpath,/lib -s 
rm -f -f ./obj/optimize/5.0/connectLib__E2L_2__module__0x10000001_behavioral_func.o ./obj/optimize/5.0/connectLib__E2L_2__module__0x10000001_behavioral_DcFuncDerLoad.o ./obj/optimize/5.0/connectLib__E2L_2__module__0x10000001_behavioral_DcFuncLoad.o ./obj/optimize/5.0/connectLib__E2L_2__module__0x10000001_behavioral_TranFuncDerLoad.o ./obj/optimize/5.0/connectLib__E2L_2__module__0x10000001_behavioral_TranFuncLoad.o ./obj/optimize/5.0/connectLib__E2L_2__module__0x10000001_behavioral_cmi_c.o 
