Parameters:
	-runDir
	/home/ykhuang/research/PvsLVS/MultiChannel_ST
	-ossdir
	/home/ykhuang/research/PvsLVS/MultiChannel_ST/
	-cellmap
	/home/ykhuang/research/PvsLVS/MultiChannel_ST/lay_cellMap.txt
	-ppid
	31333
	-form
	-viewer
	virtuoso
	-schview
	schematic
	-tag
	unknown


Checking out SoftShare license Phys_Ver_Sys_Results_Mgr 16.1 Qty: 1 ... succeeded (1s).
starting pvsProbeServer: port= 34148
Starting probe server on port: 34148
Checking in SoftShare license Phys_Ver_Sys_Results_Mgr ... succeeded (1s).
