TOOL:	xrun(64)	18.03-s018: Started on Feb 19, 2021 at 18:22:43 CET
xrun
	-f /home/ykhuang/research/Sim/TB_MultiChannel/ams/config/netlist/.mapi/mapi_run.args
		-64bit
		-compile
		-NOCOPYRIGHT
		-nostdout
		-nowarn DLNOHV
		-logfile /home/ykhuang/research/Sim/TB_MultiChannel/ams/config/netlist/.mapi/mapirun.log
		-nowarn DLNOHV
		-nowarn DLCLAP
		-v93
		-allowredefinition
		-incdir /home/ykhuang/research/
		-nclibdirpath /home/ykhuang/research/Sim/TB_MultiChannel/ams/config/netlist/.mapi/
		-cdslib /home/ykhuang/research/Sim/TB_MultiChannel/ams/config/netlist/.mapi/cds.lib
		-amscompilefile "file:/home/ykhuang/research/EMG_Model/ADC_EMG/verilogams/verilog.vams lib:EMG_Model cell:ADC_EMG view:verilogams"
		-amscompilefile "file:/home/ykhuang/research/EMG_Model/ANA_MUX_EMG/verilogams/verilog.vams lib:EMG_Model cell:ANA_MUX_EMG view:verilogams"
		-amscompilefile "file:/home/ykhuang/research/EMG_Model/IA_EMG_Ideal/verilogams/verilog.vams lib:EMG_Model cell:IA_EMG_Ideal view:verilogams"
		-amscompilefile "file:/home/ykhuang/research/EMG_Model/PGA_EMG/verilogams/verilog.vams lib:EMG_Model cell:PGA_EMG view:verilogams"
		-amscompilefile "file:/home/ykhuang/research/EMG_Model/BPF_EMG/verilogams/verilog.vams lib:EMG_Model cell:BPF_EMG view:verilogams"
		-amscompilefile "file:/home/ykhuang/research/EMG_Model/Signal_Gen/verilogams/verilog.vams lib:EMG_Model cell:Signal_Gen view:verilogams"
		-amscompilefile "file:/home/ykhuang/research/EMG_Model/Digital_Stimuli_EMG_V2/functional/verilog.v lib:EMG_Model cell:Digital_Stimuli_EMG_V2 view:functional"
		-amscompilefile "file:/home/ykhuang/research/EMG_Model/DAC_EMG/verilogams/verilog.vams lib:EMG_Model cell:DAC_EMG view:verilogams"
		/home/ykhuang/research/Sim/TB_MultiChannel/ams/config/netlist/.mapi//dummyMapi.vams
		/home/ykhuang/research/Sim/TB_MultiChannel/ams/config/netlist/.mapi//dummyMapi.vhms
xrun: *W,OPDEPRREN: Command Line Option (-nclibdirpath) is deprecated. Use (-xmlibdirpath) instead.
file: /home/ykhuang/research/Sim/TB_MultiChannel/ams/config/netlist/.mapi//dummyMapi.vams
file: /home/ykhuang/research/EMG_Model/ADC_EMG/verilogams/verilog.vams
	module EMG_Model.ADC_EMG:verilogams
		errors: 0, warnings: 0
file: /home/ykhuang/research/EMG_Model/ANA_MUX_EMG/verilogams/verilog.vams
	module EMG_Model.ANA_MUX_EMG:verilogams
		errors: 0, warnings: 0
file: /home/ykhuang/research/EMG_Model/IA_EMG_Ideal/verilogams/verilog.vams
	module EMG_Model.IA_EMG_Ideal:verilogams
		errors: 0, warnings: 0
file: /home/ykhuang/research/EMG_Model/PGA_EMG/verilogams/verilog.vams
	module EMG_Model.PGA_EMG:verilogams
		errors: 0, warnings: 0
file: /home/ykhuang/research/EMG_Model/BPF_EMG/verilogams/verilog.vams
	module EMG_Model.BPF_EMG:verilogams
		errors: 0, warnings: 0
file: /home/ykhuang/research/EMG_Model/Signal_Gen/verilogams/verilog.vams
	module EMG_Model.Signal_Gen:verilogams
		errors: 0, warnings: 0
file: /home/ykhuang/research/EMG_Model/Digital_Stimuli_EMG_V2/functional/verilog.v
	module EMG_Model.Digital_Stimuli_EMG_V2:functional
		errors: 0, warnings: 0
file: /home/ykhuang/research/EMG_Model/DAC_EMG/verilogams/verilog.vams
	module EMG_Model.DAC_EMG:verilogams
		errors: 0, warnings: 0
xmvlog: *W,SPDUSD: Include directory /home/ykhuang/research/ given but not used.
	Total errors/warnings found outside modules and primitives:
		errors: 0, warnings: 1
TOOL:	xrun(64)	18.03-s018: Exiting on Feb 19, 2021 at 18:22:46 CET  (total: 00:00:03)
