Begin Incremental Netlisting Apr  6 10:21:49 2021
WARNING (OSSHNL-269): Variable 'simModelNamePrefix' is not defined in the
current netlisting session. It had a value
'_unl' last time netlisting was done
in current run directory. Netlists from last
session cannot be used for
incremental netlisting. Therefore re-netlisting the
design.

End netlisting Apr  6 10:21:49 2021
Begin Incremental Netlisting Apr  6 10:26:06 2021
WARNING (OSSHNL-269): Variable 'simModelNamePrefix' is not defined in the
current netlisting session. It had a value
'_unl' last time netlisting was done
in current run directory. Netlists from last
session cannot be used for
incremental netlisting. Therefore re-netlisting the
design.

End netlisting Apr  6 10:26:06 2021
Begin Incremental Netlisting Apr  6 10:32:36 2021
WARNING (OSSHNL-269): Variable 'simModelNamePrefix' is not defined in the
current netlisting session. It had a value
'_unl' last time netlisting was done
in current run directory. Netlists from last
session cannot be used for
incremental netlisting. Therefore re-netlisting the
design.

End netlisting Apr  6 10:32:36 2021
Begin Incremental Netlisting Apr  6 10:34:10 2021
WARNING (OSSHNL-269): Variable 'simModelNamePrefix' is not defined in the
current netlisting session. It had a value
'_unl' last time netlisting was done
in current run directory. Netlists from last
session cannot be used for
incremental netlisting. Therefore re-netlisting the
design.

End netlisting Apr  6 10:34:10 2021
Begin Incremental Netlisting Apr  6 10:35:50 2021
WARNING (OSSHNL-269): Variable 'simModelNamePrefix' is not defined in the
current netlisting session. It had a value
'_unl' last time netlisting was done
in current run directory. Netlists from last
session cannot be used for
incremental netlisting. Therefore re-netlisting the
design.

End netlisting Apr  6 10:35:50 2021
Begin Incremental Netlisting Apr  6 10:40:37 2021
WARNING (OSSHNL-269): Variable 'simModelNamePrefix' is not defined in the
current netlisting session. It had a value
'_unl' last time netlisting was done
in current run directory. Netlists from last
session cannot be used for
incremental netlisting. Therefore re-netlisting the
design.

End netlisting Apr  6 10:40:37 2021
Begin Incremental Netlisting Apr  6 10:42:12 2021
WARNING (OSSHNL-269): Variable 'simModelNamePrefix' is not defined in the
current netlisting session. It had a value
'_unl' last time netlisting was done
in current run directory. Netlists from last
session cannot be used for
incremental netlisting. Therefore re-netlisting the
design.

End netlisting Apr  6 10:42:12 2021
Begin Incremental Netlisting Apr  6 10:43:19 2021
WARNING (OSSHNL-269): Variable 'simModelNamePrefix' is not defined in the
current netlisting session. It had a value
'_unl' last time netlisting was done
in current run directory. Netlists from last
session cannot be used for
incremental netlisting. Therefore re-netlisting the
design.

End netlisting Apr  6 10:43:19 2021
Begin Incremental Netlisting Apr  6 10:45:38 2021
WARNING (OSSHNL-269): Variable 'simModelNamePrefix' is not defined in the
current netlisting session. It had a value
'_unl' last time netlisting was done
in current run directory. Netlists from last
session cannot be used for
incremental netlisting. Therefore re-netlisting the
design.

End netlisting Apr  6 10:45:38 2021
Begin Incremental Netlisting Apr  6 10:48:38 2021
WARNING (OSSHNL-269): Variable 'simModelNamePrefix' is not defined in the
current netlisting session. It had a value
'_unl' last time netlisting was done
in current run directory. Netlists from last
session cannot be used for
incremental netlisting. Therefore re-netlisting the
design.

End netlisting Apr  6 10:48:38 2021
Begin Incremental Netlisting Apr  6 10:50:07 2021
WARNING (OSSHNL-269): Variable 'simModelNamePrefix' is not defined in the
current netlisting session. It had a value
'_unl' last time netlisting was done
in current run directory. Netlists from last
session cannot be used for
incremental netlisting. Therefore re-netlisting the
design.

End netlisting Apr  6 10:50:08 2021
Begin Incremental Netlisting Apr  6 10:51:30 2021
WARNING (OSSHNL-269): Variable 'simModelNamePrefix' is not defined in the
current netlisting session. It had a value
'_unl' last time netlisting was done
in current run directory. Netlists from last
session cannot be used for
incremental netlisting. Therefore re-netlisting the
design.

End netlisting Apr  6 10:51:31 2021
Begin Incremental Netlisting Apr  6 10:55:53 2021
WARNING (OSSHNL-269): Variable 'simModelNamePrefix' is not defined in the
current netlisting session. It had a value
'_unl' last time netlisting was done
in current run directory. Netlists from last
session cannot be used for
incremental netlisting. Therefore re-netlisting the
design.

End netlisting Apr  6 10:55:54 2021
Begin Incremental Netlisting Apr  6 10:57:16 2021
WARNING (OSSHNL-269): Variable 'simModelNamePrefix' is not defined in the
current netlisting session. It had a value
'_unl' last time netlisting was done
in current run directory. Netlists from last
session cannot be used for
incremental netlisting. Therefore re-netlisting the
design.

End netlisting Apr  6 10:57:16 2021
Begin Incremental Netlisting Apr  6 10:58:26 2021
WARNING (OSSHNL-269): Variable 'simModelNamePrefix' is not defined in the
current netlisting session. It had a value
'_unl' last time netlisting was done
in current run directory. Netlists from last
session cannot be used for
incremental netlisting. Therefore re-netlisting the
design.

End netlisting Apr  6 10:58:26 2021
Begin Incremental Netlisting Apr  6 10:59:49 2021
WARNING (OSSHNL-269): Variable 'simModelNamePrefix' is not defined in the
current netlisting session. It had a value
'_unl' last time netlisting was done
in current run directory. Netlists from last
session cannot be used for
incremental netlisting. Therefore re-netlisting the
design.

End netlisting Apr  6 10:59:49 2021
Begin Incremental Netlisting Apr  6 11:00:38 2021
WARNING (OSSHNL-269): Variable 'simModelNamePrefix' is not defined in the
current netlisting session. It had a value
'_unl' last time netlisting was done
in current run directory. Netlists from last
session cannot be used for
incremental netlisting. Therefore re-netlisting the
design.

End netlisting Apr  6 11:00:38 2021
INFO (AMS-2142): The AMS Unified Netlisting (AMS UNL) flow has been enabled.

