Begin Incremental Netlisting Feb 27 16:03:37 2021
WARNING (OSSHNL-226): There are more design variables used in the current
netlisting session as
compared to the last session in the current run directory.
The netlist(s)
generated in the last netlisting session cannot be reused for
incremental
netlisting. Therefore re-netlisting the design.

ERROR (OSSHNL-109): The cellview 'Device_Characteristics/DC_BIAS_nhv/schematic'
has been modified since the last extraction. Validate
that the schematic is
correct and run Check and Save to correct this error.

End netlisting Feb 27 16:03:37 2021
Begin Incremental Netlisting Feb 27 16:03:48 2021
End netlisting Feb 27 16:03:48 2021
Begin Incremental Netlisting Feb 27 16:05:07 2021
End netlisting Feb 27 16:05:07 2021
Begin Incremental Netlisting Feb 27 16:05:58 2021
End netlisting Feb 27 16:05:58 2021
Begin Incremental Netlisting Feb 27 16:07:27 2021
ERROR (OSSHNL-109): The cellview 'Device_Characteristics/DC_BIAS_nhv/schematic'
has been modified since the last extraction. Validate
that the schematic is
correct and run Check and Save to correct this error.

End netlisting Feb 27 16:07:27 2021
Begin Incremental Netlisting Feb 27 16:07:33 2021
WARNING (OSSHNL-160): The primitive, 'PRIMLIB/nhv_bjt/spectre', was not used in
the last netlisting session in this
current run directory. Therefore,
re-netlisting all cell views where this
primitive is instantiated.

End netlisting Feb 27 16:07:33 2021
