Begin Incremental Netlisting Mar 16 00:11:23 2021
WARNING (OSSHNL-160): The primitive, 'PRIMLIB/nedia/spectre', was not used in
the last netlisting session in this
current run directory. Therefore,
re-netlisting all cell views where this
primitive is instantiated.

End netlisting Mar 16 00:11:23 2021
Begin Incremental Netlisting Mar 16 00:11:32 2021
End netlisting Mar 16 00:11:32 2021
Begin Incremental Netlisting Mar 16 00:12:20 2021
End netlisting Mar 16 00:12:20 2021
Begin Incremental Netlisting Mar 16 00:14:05 2021
End netlisting Mar 16 00:14:05 2021
Begin Incremental Netlisting Mar 16 00:16:03 2021
End netlisting Mar 16 00:16:03 2021
Begin Incremental Netlisting Mar 16 00:17:54 2021
WARNING (OSSHNL-160): The primitive, 'analogLib/cap/spectre', was not used in
the last netlisting session in this
current run directory. Therefore,
re-netlisting all cell views where this
primitive is instantiated.

End netlisting Mar 16 00:17:54 2021
Begin Incremental Netlisting Mar 16 00:21:25 2021
End netlisting Mar 16 00:21:25 2021
