ahdlcmicompile: Compiling ahdlcmi in xcelium.d/AMSD/ahdlSimDB/1483_research_EMG_Model_PGA_EMG_verilogams_verilog.vams.EMG_Model__PGA_EMG__verilogams__0x10000001_behavioral.ahdlcmi/Linux-64/ for Linux-64 with optimize using gcc on Wed Nov 18 23:32:11 CET 2020 [5.0]
ahdlcmicompile: Generating makefile
PATH:  /pkg/cadence/installs/IC618/bin:/pkg/cadence/installs/IC618/tools/bin/64bit:/pkg/cadence/installs/IC618/tools/bin:/pkg/cadence/installs/IC618/share/oa/bin:/pkg/xfab/XKIT/x_all/cadence/xenv:/pkg/xfab/XKIT/x_all/cadence/xenv:/pkg/xfab/XKIT/x_all/cadence/xenv:/usr/lib64/qt-3.3/bin:/usr/local/bin:/usr/bin:/usr/local/sbin:/usr/sbin:/home/ykhuang/.local/bin:/home/ykhuang/bin:/pkg/cadence/installs/IC618/tools/dfII/bin:/pkg/cadence/installs/SPECTRE181/tools/bin:/pkg/cadence/installs/ASSURA41/tools/bin:/pkg/cadence/installs/ASSURA41/tools/assura/bin:/pkg/cadence/installs/EXT182/tools/bin:/pkg/cadence/installs/XCELIUM1803/tools/bin/64bit:/pkg/cadence/installs/XCELIUM1803/tools/bin:/pkg/cadence/installs/GENUS181/tools.lnx86/bin:/pkg/cadence/installs/INNOVUS181/tools/bin/64bit:/pkg/cadence/installs/INNOVUS181/tools/bin:/pkg/cadence/installs/IC618/tools/dfII/bin:/pkg/cadence/installs/SPECTRE181/tools/bin:/pkg/cadence/installs/ASSURA41/tools/bin:/pkg/cadence/installs/ASSURA41/tools/assura/bin:/pkg/cadence/installs/EXT182/tools/bin:/pkg/cadence/installs/XCELIUM1803/tools/bin/64bit:/pkg/cadence/installs/XCELIUM1803/tools/bin:/pkg/cadence/installs/GENUS181/tools.lnx86/bin:/pkg/cadence/installs/INNOVUS181/tools/bin/64bit:/pkg/cadence/installs/INNOVUS181/tools/bin:/pkg/cadence/installs/IC618/tools/dfII/bin:/pkg/cadence/installs/SPECTRE181/tools/bin:/pkg/cadence/installs/ASSURA41/tools/bin:/pkg/cadence/installs/ASSURA41/tools/assura/bin:/pkg/cadence/installs/EXT182/tools/bin:/pkg/cadence/installs/XCELIUM1803/tools/bin/64bit:/pkg/cadence/installs/XCELIUM1803/tools/bin:/pkg/cadence/installs/GENUS181/tools.lnx86/bin:/pkg/cadence/installs/INNOVUS181/tools/bin/64bit:/pkg/cadence/installs/INNOVUS181/tools/bin
LD_LIBRARY_PATH:  /pkg/cadence/installs/XCELIUM1803/tools/lib/64bit:/pkg/cadence/installs/XCELIUM1803/tools/lib/64bit/SuSE:/pkg/cadence/installs/IC618/tools/lib/64bit:/pkg/cadence/installs/IC618/tools/lib:/pkg/cadence/installs/IC618/tools/lib/64bit/RHEL/RHEL7:/pkg/cadence/installs/IC618/share/oa/lib/linux_rhel60_64/opt:/pkg/cadence/installs/IC618/tools/dfII/lib/64bit:/pkg/cadence/installs/IC618/tools/sev/lib/64bit:/pkg/cadence/installs/IC618/tools/hdf5/lib/64bit:/pkg/cadence/installs/IC618/tools/lz4/lib/64bit:/pkg/cadence/installs/XCELIUM1803/tools.lnx86/lib/64bit:/pkg/cadence/installs/IC618/tools/Qt/v5/64bit/lib
/pkg/cadence/installs/XCELIUM1803/tools.lnx86/spectre/ahdlcmi/bin/gnumake -j32 -f GNUmakefile
Cleaning ./obj/optimize/5.0
rm -f -rf ./obj/optimize/5.0
Compiling C file EMG_Model__PGA_EMG__verilogams__0x10000001_behavioral_func.c (optimize)
Compiling C file EMG_Model__PGA_EMG__verilogams__0x10000001_behavioral_DcFuncDerLoad.c (optimize)
/pkg/cadence/installs/XCELIUM1803/tools.lnx86/spectre/ahdlcmi/bin/64bit/ahdlcc 0 /pkg/cadence/installs/XCELIUM1803/tools.lnx86/cdsgcc/gcc/4.8/bin/gcc  -march=k8 -ffast-math  -fno-unsafe-math-optimizations -O3 -m64 -DSYSV -DSVR4 -D_REENTRANT -fPIC   -DconfigSPECTRE -I. -I/pkg/cadence/installs/XCELIUM1803/tools.lnx86/spectre/ahdlcmi/include -c EMG_Model__PGA_EMG__verilogams__0x10000001_behavioral_func.c -o obj/optimize/5.0/EMG_Model__PGA_EMG__verilogams__0x10000001_behavioral_func.o || rm -f -f obj/optimize/5.0/EMG_Model__PGA_EMG__verilogams__0x10000001_behavioral_func.o
/pkg/cadence/installs/XCELIUM1803/tools.lnx86/spectre/ahdlcmi/bin/64bit/ahdlcc 0 /pkg/cadence/installs/XCELIUM1803/tools.lnx86/cdsgcc/gcc/4.8/bin/gcc  -march=k8 -ffast-math  -fno-unsafe-math-optimizations -O3 -m64 -DSYSV -DSVR4 -D_REENTRANT -fPIC   -DconfigSPECTRE -I. -I/pkg/cadence/installs/XCELIUM1803/tools.lnx86/spectre/ahdlcmi/include -c EMG_Model__PGA_EMG__verilogams__0x10000001_behavioral_DcFuncDerLoad.c -o obj/optimize/5.0/EMG_Model__PGA_EMG__verilogams__0x10000001_behavioral_DcFuncDerLoad.o || rm -f -f obj/optimize/5.0/EMG_Model__PGA_EMG__verilogams__0x10000001_behavioral_DcFuncDerLoad.o
Compiling C file EMG_Model__PGA_EMG__verilogams__0x10000001_behavioral_DcFuncLoad.c (optimize)
/pkg/cadence/installs/XCELIUM1803/tools.lnx86/spectre/ahdlcmi/bin/64bit/ahdlcc 0 /pkg/cadence/installs/XCELIUM1803/tools.lnx86/cdsgcc/gcc/4.8/bin/gcc  -march=k8 -ffast-math  -fno-unsafe-math-optimizations -O3 -m64 -DSYSV -DSVR4 -D_REENTRANT -fPIC   -DconfigSPECTRE -I. -I/pkg/cadence/installs/XCELIUM1803/tools.lnx86/spectre/ahdlcmi/include -c EMG_Model__PGA_EMG__verilogams__0x10000001_behavioral_DcFuncLoad.c -o obj/optimize/5.0/EMG_Model__PGA_EMG__verilogams__0x10000001_behavioral_DcFuncLoad.o || rm -f -f obj/optimize/5.0/EMG_Model__PGA_EMG__verilogams__0x10000001_behavioral_DcFuncLoad.o
Compiling C file EMG_Model__PGA_EMG__verilogams__0x10000001_behavioral_TranFuncDerLoad.c (optimize)
/pkg/cadence/installs/XCELIUM1803/tools.lnx86/spectre/ahdlcmi/bin/64bit/ahdlcc 0 /pkg/cadence/installs/XCELIUM1803/tools.lnx86/cdsgcc/gcc/4.8/bin/gcc  -march=k8 -ffast-math  -fno-unsafe-math-optimizations -O3 -m64 -DSYSV -DSVR4 -D_REENTRANT -fPIC   -DconfigSPECTRE -I. -I/pkg/cadence/installs/XCELIUM1803/tools.lnx86/spectre/ahdlcmi/include -c EMG_Model__PGA_EMG__verilogams__0x10000001_behavioral_TranFuncDerLoad.c -o obj/optimize/5.0/EMG_Model__PGA_EMG__verilogams__0x10000001_behavioral_TranFuncDerLoad.o || rm -f -f obj/optimize/5.0/EMG_Model__PGA_EMG__verilogams__0x10000001_behavioral_TranFuncDerLoad.o
Compiling C file EMG_Model__PGA_EMG__verilogams__0x10000001_behavioral_TranFuncLoad.c (optimize)
/pkg/cadence/installs/XCELIUM1803/tools.lnx86/spectre/ahdlcmi/bin/64bit/ahdlcc 0 /pkg/cadence/installs/XCELIUM1803/tools.lnx86/cdsgcc/gcc/4.8/bin/gcc  -march=k8 -ffast-math  -fno-unsafe-math-optimizations -O3 -m64 -DSYSV -DSVR4 -D_REENTRANT -fPIC   -DconfigSPECTRE -I. -I/pkg/cadence/installs/XCELIUM1803/tools.lnx86/spectre/ahdlcmi/include -c EMG_Model__PGA_EMG__verilogams__0x10000001_behavioral_TranFuncLoad.c -o obj/optimize/5.0/EMG_Model__PGA_EMG__verilogams__0x10000001_behavioral_TranFuncLoad.o || rm -f -f obj/optimize/5.0/EMG_Model__PGA_EMG__verilogams__0x10000001_behavioral_TranFuncLoad.o
Compiling C file EMG_Model__PGA_EMG__verilogams__0x10000001_behavioral_cmi_c.c (optimize)
/pkg/cadence/installs/XCELIUM1803/tools.lnx86/spectre/ahdlcmi/bin/64bit/ahdlcc 0 /pkg/cadence/installs/XCELIUM1803/tools.lnx86/cdsgcc/gcc/4.8/bin/gcc  -march=k8 -ffast-math  -fno-unsafe-math-optimizations -O3 -m64 -DSYSV -DSVR4 -D_REENTRANT -fPIC   -DconfigSPECTRE -I. -I/pkg/cadence/installs/XCELIUM1803/tools.lnx86/spectre/ahdlcmi/include -I/pkg/cadence/installs/XCELIUM1803/tools.lnx86/cmi/include -c EMG_Model__PGA_EMG__verilogams__0x10000001_behavioral_cmi_c.c -o obj/optimize/5.0/EMG_Model__PGA_EMG__verilogams__0x10000001_behavioral_cmi_c.o || rm -f -f obj/optimize/5.0/EMG_Model__PGA_EMG__verilogams__0x10000001_behavioral_cmi_c.o
<stdin>: In function 'EMG_Model__PGA_EMG__verilogams__0x10000001_behavioral_DcFuncDerLoad':
<stdin>:172:3: warning: passing argument 1 of 'aslDevDoDACGetIntFromABInt' from incompatible pointer type [enabled by default]
<stdin>: In function 'EMG_Model__PGA_EMG__verilogams__0x10000001_behavioral_AcLoad':
<stdin>:171:3: warning: passing argument 1 of 'aslDevDoDACGetIntFromABInt' from incompatible pointer type [enabled by default]
In file included from <stdin>:24:0:
/pkg/cadence/installs/XCELIUM1803/tools.lnx86/spectre/ahdlcmi/include/ahdlDevLibGlobal.h:2159:38: note: expected 'char *' but argument is of type 'long int *'
 ASL_FUNC_DECL_START extern long long aslDevDoDACGetIntFromABInt ( char *, long, struct ahdlFuncModeParam *, int * );
                                      ^
<stdin>:173:3: warning: passing argument 1 of 'aslDevDoDACGetIntFromABInt' from incompatible pointer type [enabled by default]
In file included from <stdin>:24:0:
/pkg/cadence/installs/XCELIUM1803/tools.lnx86/spectre/ahdlcmi/include/ahdlDevLibGlobal.h:2159:38: note: expected 'char *' but argument is of type 'long int *'
 ASL_FUNC_DECL_START extern long long aslDevDoDACGetIntFromABInt ( char *, long, struct ahdlFuncModeParam *, int * );
                                      ^
<stdin>:172:3: warning: passing argument 1 of 'aslDevDoDACGetIntFromABInt' from incompatible pointer type [enabled by default]
In file included from <stdin>:24:0:
/pkg/cadence/installs/XCELIUM1803/tools.lnx86/spectre/ahdlcmi/include/ahdlDevLibGlobal.h:2159:38: note: expected 'char *' but argument is of type 'long int *'
 ASL_FUNC_DECL_START extern long long aslDevDoDACGetIntFromABInt ( char *, long, struct ahdlFuncModeParam *, int * );
                                      ^
In file included from <stdin>:24:0:
/pkg/cadence/installs/XCELIUM1803/tools.lnx86/spectre/ahdlcmi/include/ahdlDevLibGlobal.h:2159:38: note: expected 'char *' but argument is of type 'long int *'
 ASL_FUNC_DECL_START extern long long aslDevDoDACGetIntFromABInt ( char *, long, struct ahdlFuncModeParam *, int * );
                                      ^
<stdin>:231:40: warning: passing argument 1 of 'aslDevInterAddStaticElement' makes pointer from integer without a cast [enabled by default]
In file included from <stdin>:24:0:
/pkg/cadence/installs/XCELIUM1803/tools.lnx86/spectre/ahdlcmi/include/ahdlDevLibGlobal.h:2171:33: note: expected 'void *' but argument is of type 'long int'
 ASL_FUNC_DECL_START extern long aslDevInterAddStaticElement( void *, double, struct ahdlFuncModeParam * );
                                 ^
<stdin>:232:40: warning: passing argument 1 of 'aslDevInterAddStaticElement' makes pointer from integer without a cast [enabled by default]
In file included from <stdin>:24:0:
/pkg/cadence/installs/XCELIUM1803/tools.lnx86/spectre/ahdlcmi/include/ahdlDevLibGlobal.h:2171:33: note: expected 'void *' but argument is of type 'long int'
 ASL_FUNC_DECL_START extern long aslDevInterAddStaticElement( void *, double, struct ahdlFuncModeParam * );
                                 ^
<stdin>:233:40: warning: passing argument 1 of 'aslDevInterAddStaticElement' makes pointer from integer without a cast [enabled by default]
<stdin>: In function 'EMG_Model__PGA_EMG__verilogams__0x10000001_behavioral_Initialize':
<stdin>:327:1: warning: passing argument 3 of 'aslDevLaplaceAllocState' makes integer from pointer without a cast [enabled by default]
In file included from <stdin>:24:0:
/pkg/cadence/installs/XCELIUM1803/tools.lnx86/spectre/ahdlcmi/include/ahdlDevLibGlobal.h:2171:33: note: expected 'void *' but argument is of type 'long int'
 ASL_FUNC_DECL_START extern long aslDevInterAddStaticElement( void *, double, struct ahdlFuncModeParam * );
                                 ^
<stdin>:234:40: warning: passing argument 1 of 'aslDevInterAddStaticElement' makes pointer from integer without a cast [enabled by default]
In file included from <stdin>:24:0:
/pkg/cadence/installs/XCELIUM1803/tools.lnx86/spectre/ahdlcmi/include/ahdlDevLibGlobal.h:2098:40: note: expected 'long int' but argument is of type 'void *'
 ASL_FUNC_DECL_START extern msgSeverity aslDevLaplaceAllocState( long, long, long, struct ahdlFuncModeParam * );
                                        ^
<stdin>:329:1: warning: passing argument 6 of 'aslDevDoLaplaceNewInit' makes pointer from integer without a cast [enabled by default]
In file included from <stdin>:24:0:
/pkg/cadence/installs/XCELIUM1803/tools.lnx86/spectre/ahdlcmi/include/ahdlDevLibGlobal.h:2171:33: note: expected 'void *' but argument is of type 'long int'
 ASL_FUNC_DECL_START extern long aslDevInterAddStaticElement( void *, double, struct ahdlFuncModeParam * );
                                 ^
<stdin>:235:40: warning: passing argument 1 of 'aslDevInterAddStaticElement' makes pointer from integer without a cast [enabled by default]
In file included from <stdin>:24:0:
/pkg/cadence/installs/XCELIUM1803/tools.lnx86/spectre/ahdlcmi/include/ahdlDevLibGlobal.h:2086:32: note: expected 'void *' but argument is of type 'long int'
 ASL_FUNC_DECL_START extern int aslDevDoLaplaceNewInit ( int,  void *,  int,  void *,  int,  void *,  int, struct ahdlFuncModeParam * );
                                ^
In file included from <stdin>:24:0:
/pkg/cadence/installs/XCELIUM1803/tools.lnx86/spectre/ahdlcmi/include/ahdlDevLibGlobal.h:2171:33: note: expected 'void *' but argument is of type 'long int'
 ASL_FUNC_DECL_START extern long aslDevInterAddStaticElement( void *, double, struct ahdlFuncModeParam * );
                                 ^
<stdin>:236:40: warning: passing argument 1 of 'aslDevInterAddStaticElement' makes pointer from integer without a cast [enabled by default]
In file included from <stdin>:24:0:
/pkg/cadence/installs/XCELIUM1803/tools.lnx86/spectre/ahdlcmi/include/ahdlDevLibGlobal.h:2171:33: note: expected 'void *' but argument is of type 'long int'
 ASL_FUNC_DECL_START extern long aslDevInterAddStaticElement( void *, double, struct ahdlFuncModeParam * );
                                 ^
<stdin>:245:40: warning: passing argument 1 of 'aslDevInterAddStaticElement' makes pointer from integer without a cast [enabled by default]
In file included from <stdin>:24:0:
/pkg/cadence/installs/XCELIUM1803/tools.lnx86/spectre/ahdlcmi/include/ahdlDevLibGlobal.h:2171:33: note: expected 'void *' but argument is of type 'long int'
 ASL_FUNC_DECL_START extern long aslDevInterAddStaticElement( void *, double, struct ahdlFuncModeParam * );
                                 ^
<stdin>:246:40: warning: passing argument 1 of 'aslDevInterAddStaticElement' makes pointer from integer without a cast [enabled by default]
<stdin>: In function 'EMG_Model__PGA_EMG__verilogams__0x10000001_behavioral_GetMatrixPointers':
In file included from <stdin>:24:0:
/pkg/cadence/installs/XCELIUM1803/tools.lnx86/spectre/ahdlcmi/include/ahdlDevLibGlobal.h:2171:33: note: expected 'void *' but argument is of type 'long int'
 ASL_FUNC_DECL_START extern long aslDevInterAddStaticElement( void *, double, struct ahdlFuncModeParam * );
                                 ^
<stdin>:587:1: warning: passing argument 3 of 'aslDevLaplaceAllocStencil' makes integer from pointer without a cast [enabled by default]
In file included from <stdin>:24:0:
/pkg/cadence/installs/XCELIUM1803/tools.lnx86/spectre/ahdlcmi/include/ahdlDevLibGlobal.h:2092:40: note: expected 'long int' but argument is of type 'void *'
 ASL_FUNC_DECL_START extern msgSeverity aslDevLaplaceAllocStencil( long, long, long, struct ahdlFuncModeParam * );
                                        ^
<stdin>: In function 'EMG_Model__PGA_EMG__verilogams__0x10000001_behavioral_DeleteStencil':
<stdin>:850:1: warning: passing argument 3 of 'aslDevLaplaceDeleteStencil' makes integer from pointer without a cast [enabled by default]
In file included from <stdin>:24:0:
/pkg/cadence/installs/XCELIUM1803/tools.lnx86/spectre/ahdlcmi/include/ahdlDevLibGlobal.h:2094:40: note: expected 'long int' but argument is of type 'void *'
 ASL_FUNC_DECL_START extern msgSeverity aslDevLaplaceDeleteStencil( long, long, long, struct ahdlFuncModeParam * );
                                        ^
<stdin>: In function 'EMG_Model__PGA_EMG__verilogams__0x10000001_behavioral_Delete':
<stdin>:870:1: warning: passing argument 3 of 'aslDevLaplaceDelete' makes integer from pointer without a cast [enabled by default]
In file included from <stdin>:24:0:
/pkg/cadence/installs/XCELIUM1803/tools.lnx86/spectre/ahdlcmi/include/ahdlDevLibGlobal.h:2096:40: note: expected 'long int' but argument is of type 'void *'
 ASL_FUNC_DECL_START extern msgSeverity aslDevLaplaceDelete( long, long, long, struct ahdlFuncModeParam * );
                                        ^
<stdin>: In function 'EMG_Model__PGA_EMG__verilogams__0x10000001_behavioral_DcFuncLoad':
<stdin>:157:3: warning: passing argument 1 of 'aslDevDoDACGetIntFromABInt' from incompatible pointer type [enabled by default]
In file included from <stdin>:24:0:
/pkg/cadence/installs/XCELIUM1803/tools.lnx86/spectre/ahdlcmi/include/ahdlDevLibGlobal.h:2159:38: note: expected 'char *' but argument is of type 'long int *'
 ASL_FUNC_DECL_START extern long long aslDevDoDACGetIntFromABInt ( char *, long, struct ahdlFuncModeParam *, int * );
                                      ^
<stdin>:208:40: warning: passing argument 1 of 'aslDevInterAddStaticElement' makes pointer from integer without a cast [enabled by default]
In file included from <stdin>:24:0:
/pkg/cadence/installs/XCELIUM1803/tools.lnx86/spectre/ahdlcmi/include/ahdlDevLibGlobal.h:2171:33: note: expected 'void *' but argument is of type 'long int'
 ASL_FUNC_DECL_START extern long aslDevInterAddStaticElement( void *, double, struct ahdlFuncModeParam * );
                                 ^
<stdin>:209:40: warning: passing argument 1 of 'aslDevInterAddStaticElement' makes pointer from integer without a cast [enabled by default]
In file included from <stdin>:24:0:
/pkg/cadence/installs/XCELIUM1803/tools.lnx86/spectre/ahdlcmi/include/ahdlDevLibGlobal.h:2171:33: note: expected 'void *' but argument is of type 'long int'
 ASL_FUNC_DECL_START extern long aslDevInterAddStaticElement( void *, double, struct ahdlFuncModeParam * );
                                 ^
<stdin>: In function 'EMG_Model__PGA_EMG__verilogams__0x10000001_behavioral_pDC_Load':
<stdin>:636:1054: warning: passing argument 1 of 'aslDevFillZeorDiagonalElemet' makes pointer from integer without a cast [enabled by default]
In file included from <stdin>:24:0:
/pkg/cadence/installs/XCELIUM1803/tools.lnx86/spectre/ahdlcmi/include/ahdlDevLibGlobal.h:2715:33: note: expected 'void *' but argument is of type 'long int'
 ASL_FUNC_DECL_START extern void aslDevFillZeorDiagonalElemet( void *, int, unsigned int, struct ahdlFuncModeParam * );
                                 ^
<stdin>: In function 'EMG_Model__PGA_EMG__verilogams__0x10000001_behavioral_pCompare':
<stdin>:692:2512: warning: assignment makes integer from pointer without a cast [enabled by default]
<stdin>:692:1206: warning: passing argument 1 of 'memcpy' makes pointer from integer without a cast [enabled by default]
In file included from /pkg/cadence/installs/XCELIUM1803/tools.lnx86/spectre/ahdlcmi/include/ahdlPiCmi.h:5:0,
                 from /pkg/cadence/installs/XCELIUM1803/tools.lnx86/spectre/ahdlcmi/include/ahdlDevLibGlobal.h:83,
                 from <stdin>:24:
/usr/include/string.h:42:14: note: expected 'void * __restrict__' but argument is of type 'long int'
 extern void *memcpy (void *__restrict __dest, const void *__restrict __src,
              ^
<stdin>:692:1206: warning: passing argument 2 of 'memcpy' makes pointer from integer without a cast [enabled by default]
In file included from /pkg/cadence/installs/XCELIUM1803/tools.lnx86/spectre/ahdlcmi/include/ahdlPiCmi.h:5:0,
                 from /pkg/cadence/installs/XCELIUM1803/tools.lnx86/spectre/ahdlcmi/include/ahdlDevLibGlobal.h:83,
                 from <stdin>:24:
/usr/include/string.h:42:14: note: expected 'const void * __restrict__' but argument is of type 'long int'
 extern void *memcpy (void *__restrict __dest, const void *__restrict __src,
              ^
<stdin>:692:2754: warning: assignment makes integer from pointer without a cast [enabled by default]
<stdin>: In function 'EMG_Model__PGA_EMG__verilogams__0x10000001_behavioral_pGetMatrixPointers':
<stdin>:698:2766: warning: assignment makes integer from pointer without a cast [enabled by default]
<stdin>: In function 'EMG_Model__PGA_EMG__verilogams__0x10000001_behavioral_TranFuncLoad':
<stdin>:158:3: warning: passing argument 1 of 'aslDevDoDACGetIntFromABInt' from incompatible pointer type [enabled by default]
In file included from <stdin>:24:0:
/pkg/cadence/installs/XCELIUM1803/tools.lnx86/spectre/ahdlcmi/include/ahdlDevLibGlobal.h:2159:38: note: expected 'char *' but argument is of type 'long int *'
 ASL_FUNC_DECL_START extern long long aslDevDoDACGetIntFromABInt ( char *, long, struct ahdlFuncModeParam *, int * );
                                      ^
<stdin>: In function 'EMG_Model__PGA_EMG__verilogams__0x10000001_behavioral_TranFuncDerLoad':
<stdin>:173:3: warning: passing argument 1 of 'aslDevDoDACGetIntFromABInt' from incompatible pointer type [enabled by default]
In file included from <stdin>:24:0:
/pkg/cadence/installs/XCELIUM1803/tools.lnx86/spectre/ahdlcmi/include/ahdlDevLibGlobal.h:2159:38: note: expected 'char *' but argument is of type 'long int *'
 ASL_FUNC_DECL_START extern long long aslDevDoDACGetIntFromABInt ( char *, long, struct ahdlFuncModeParam *, int * );
                                      ^
<stdin>:218:40: warning: passing argument 1 of 'aslDevInterAddStaticElement' makes pointer from integer without a cast [enabled by default]
<stdin>:174:3: warning: passing argument 1 of 'aslDevDoDACGetIntFromABInt' from incompatible pointer type [enabled by default]
In file included from <stdin>:24:0:
/pkg/cadence/installs/XCELIUM1803/tools.lnx86/spectre/ahdlcmi/include/ahdlDevLibGlobal.h:2171:33: note: expected 'void *' but argument is of type 'long int'
 ASL_FUNC_DECL_START extern long aslDevInterAddStaticElement( void *, double, struct ahdlFuncModeParam * );
                                 ^
In file included from <stdin>:24:0:
/pkg/cadence/installs/XCELIUM1803/tools.lnx86/spectre/ahdlcmi/include/ahdlDevLibGlobal.h:2159:38: note: expected 'char *' but argument is of type 'long int *'
 ASL_FUNC_DECL_START extern long long aslDevDoDACGetIntFromABInt ( char *, long, struct ahdlFuncModeParam *, int * );
                                      ^
<stdin>:219:40: warning: passing argument 1 of 'aslDevInterAddStaticElement' makes pointer from integer without a cast [enabled by default]
In file included from <stdin>:24:0:
/pkg/cadence/installs/XCELIUM1803/tools.lnx86/spectre/ahdlcmi/include/ahdlDevLibGlobal.h:2171:33: note: expected 'void *' but argument is of type 'long int'
 ASL_FUNC_DECL_START extern long aslDevInterAddStaticElement( void *, double, struct ahdlFuncModeParam * );
                                 ^
<stdin>:241:40: warning: passing argument 1 of 'aslDevInterAddStaticElement' makes pointer from integer without a cast [enabled by default]
<stdin>: In function 'EMG_Model__PGA_EMG__verilogams__0x10000001_behavioral_pAnalTranLoad':
<stdin>:735:2442: warning: passing argument 1 of 'aslDevFillZeorDiagonalElemet' makes pointer from integer without a cast [enabled by default]
In file included from <stdin>:24:0:
/pkg/cadence/installs/XCELIUM1803/tools.lnx86/spectre/ahdlcmi/include/ahdlDevLibGlobal.h:2171:33: note: expected 'void *' but argument is of type 'long int'
 ASL_FUNC_DECL_START extern long aslDevInterAddStaticElement( void *, double, struct ahdlFuncModeParam * );
                                 ^
<stdin>:242:40: warning: passing argument 1 of 'aslDevInterAddStaticElement' makes pointer from integer without a cast [enabled by default]
In file included from <stdin>:24:0:
/pkg/cadence/installs/XCELIUM1803/tools.lnx86/spectre/ahdlcmi/include/ahdlDevLibGlobal.h:2171:33: note: expected 'void *' but argument is of type 'long int'
 ASL_FUNC_DECL_START extern long aslDevInterAddStaticElement( void *, double, struct ahdlFuncModeParam * );
                                 ^
<stdin>:243:40: warning: passing argument 1 of 'aslDevInterAddStaticElement' makes pointer from integer without a cast [enabled by default]
In file included from <stdin>:24:0:
/pkg/cadence/installs/XCELIUM1803/tools.lnx86/spectre/ahdlcmi/include/ahdlDevLibGlobal.h:2715:33: note: expected 'void *' but argument is of type 'long int'
 ASL_FUNC_DECL_START extern void aslDevFillZeorDiagonalElemet( void *, int, unsigned int, struct ahdlFuncModeParam * );
                                 ^
In file included from <stdin>:24:0:
/pkg/cadence/installs/XCELIUM1803/tools.lnx86/spectre/ahdlcmi/include/ahdlDevLibGlobal.h:2171:33: note: expected 'void *' but argument is of type 'long int'
 ASL_FUNC_DECL_START extern long aslDevInterAddStaticElement( void *, double, struct ahdlFuncModeParam * );
                                 ^
<stdin>:244:40: warning: passing argument 1 of 'aslDevInterAddStaticElement' makes pointer from integer without a cast [enabled by default]
In file included from <stdin>:24:0:
/pkg/cadence/installs/XCELIUM1803/tools.lnx86/spectre/ahdlcmi/include/ahdlDevLibGlobal.h:2171:33: note: expected 'void *' but argument is of type 'long int'
 ASL_FUNC_DECL_START extern long aslDevInterAddStaticElement( void *, double, struct ahdlFuncModeParam * );
                                 ^
<stdin>:245:40: warning: passing argument 1 of 'aslDevInterAddStaticElement' makes pointer from integer without a cast [enabled by default]
In file included from <stdin>:24:0:
/pkg/cadence/installs/XCELIUM1803/tools.lnx86/spectre/ahdlcmi/include/ahdlDevLibGlobal.h:2171:33: note: expected 'void *' but argument is of type 'long int'
 ASL_FUNC_DECL_START extern long aslDevInterAddStaticElement( void *, double, struct ahdlFuncModeParam * );
                                 ^
<stdin>:246:40: warning: passing argument 1 of 'aslDevInterAddStaticElement' makes pointer from integer without a cast [enabled by default]
In file included from <stdin>:24:0:
/pkg/cadence/installs/XCELIUM1803/tools.lnx86/spectre/ahdlcmi/include/ahdlDevLibGlobal.h:2171:33: note: expected 'void *' but argument is of type 'long int'
 ASL_FUNC_DECL_START extern long aslDevInterAddStaticElement( void *, double, struct ahdlFuncModeParam * );
                                 ^
<stdin>:255:40: warning: passing argument 1 of 'aslDevInterAddStaticElement' makes pointer from integer without a cast [enabled by default]
<stdin>: In function 'EMG_Model__PGA_EMG__verilogams__0x10000001_behavioral_pSaveRestart':
<stdin>:761:662: warning: passing argument 2 of 'aslDevAvarSR' from incompatible pointer type [enabled by default]
In file included from <stdin>:24:0:
/pkg/cadence/installs/XCELIUM1803/tools.lnx86/spectre/ahdlcmi/include/ahdlDevLibGlobal.h:2171:33: note: expected 'void *' but argument is of type 'long int'
 ASL_FUNC_DECL_START extern long aslDevInterAddStaticElement( void *, double, struct ahdlFuncModeParam * );
                                 ^
<stdin>:256:40: warning: passing argument 1 of 'aslDevInterAddStaticElement' makes pointer from integer without a cast [enabled by default]
In file included from <stdin>:24:0:
/pkg/cadence/installs/XCELIUM1803/tools.lnx86/spectre/ahdlcmi/include/ahdlDevLibGlobal.h:1223:39: note: expected 'struct ahdlAnalogVar *' but argument is of type 'char *'
 ASL_FUNC_DECL_START extern PklError_e aslDevAvarSR( int, struct ahdlAnalogVar *, char *, char *, char *, PklJar_t * );
                                       ^
In file included from <stdin>:24:0:
/pkg/cadence/installs/XCELIUM1803/tools.lnx86/spectre/ahdlcmi/include/ahdlDevLibGlobal.h:2171:33: note: expected 'void *' but argument is of type 'long int'
 ASL_FUNC_DECL_START extern long aslDevInterAddStaticElement( void *, double, struct ahdlFuncModeParam * );
                                 ^
<stdin>: In function 'EMG_Model__PGA_EMG__verilogams__0x10000001_behavioral_pSaveRestartInst':
<stdin>:764:664: warning: passing argument 2 of 'aslDevAvarSR' from incompatible pointer type [enabled by default]
In file included from <stdin>:24:0:
/pkg/cadence/installs/XCELIUM1803/tools.lnx86/spectre/ahdlcmi/include/ahdlDevLibGlobal.h:1223:39: note: expected 'struct ahdlAnalogVar *' but argument is of type 'char *'
 ASL_FUNC_DECL_START extern PklError_e aslDevAvarSR( int, struct ahdlAnalogVar *, char *, char *, char *, PklJar_t * );
                                       ^
rm -f -rf EMG_Model__PGA_EMG__verilogams__0x10000001_behavioral_DcFuncLoad.c
rm -f -rf EMG_Model__PGA_EMG__verilogams__0x10000001_behavioral_DcFuncDerLoad.c
rm -f -rf EMG_Model__PGA_EMG__verilogams__0x10000001_behavioral_TranFuncLoad.c
rm -f -rf EMG_Model__PGA_EMG__verilogams__0x10000001_behavioral_TranFuncDerLoad.c
rm -f -rf EMG_Model__PGA_EMG__verilogams__0x10000001_behavioral_func.c
rm -f -rf EMG_Model__PGA_EMG__verilogams__0x10000001_behavioral_cmi_c.c
/pkg/cadence/installs/XCELIUM1803/tools.lnx86/cdsgcc/gcc/4.8/bin/gcc -shared -O3 -m64 -fPIC -o obj/optimize/5.0/libahdlcmi_EMG_Model__PGA_EMG__verilogams__0x10000001_behavioral.so ./obj/optimize/5.0/EMG_Model__PGA_EMG__verilogams__0x10000001_behavioral_func.o ./obj/optimize/5.0/EMG_Model__PGA_EMG__verilogams__0x10000001_behavioral_DcFuncDerLoad.o ./obj/optimize/5.0/EMG_Model__PGA_EMG__verilogams__0x10000001_behavioral_DcFuncLoad.o ./obj/optimize/5.0/EMG_Model__PGA_EMG__verilogams__0x10000001_behavioral_TranFuncDerLoad.o ./obj/optimize/5.0/EMG_Model__PGA_EMG__verilogams__0x10000001_behavioral_TranFuncLoad.o ./obj/optimize/5.0/EMG_Model__PGA_EMG__verilogams__0x10000001_behavioral_cmi_c.o  -Wl,-rpath,/usr/lib -Wl,-rpath,/lib -s 
rm -f -f ./obj/optimize/5.0/EMG_Model__PGA_EMG__verilogams__0x10000001_behavioral_func.o ./obj/optimize/5.0/EMG_Model__PGA_EMG__verilogams__0x10000001_behavioral_DcFuncDerLoad.o ./obj/optimize/5.0/EMG_Model__PGA_EMG__verilogams__0x10000001_behavioral_DcFuncLoad.o ./obj/optimize/5.0/EMG_Model__PGA_EMG__verilogams__0x10000001_behavioral_TranFuncDerLoad.o ./obj/optimize/5.0/EMG_Model__PGA_EMG__verilogams__0x10000001_behavioral_TranFuncLoad.o ./obj/optimize/5.0/EMG_Model__PGA_EMG__verilogams__0x10000001_behavioral_cmi_c.o 
