TOOL:	xrun(64)	18.03-s018: Started on Sep 30, 2020 at 17:09:58 CEST
xrun
	-f /home/ykhuang/research/Sim/TB_VGA/ams/config/netlist/.mapi/mapi_run.args
		-64bit
		-compile
		-NOCOPYRIGHT
		-nostdout
		-nowarn DLNOHV
		-logfile /home/ykhuang/research/Sim/TB_VGA/ams/config/netlist/.mapi/mapirun.log
		-nowarn DLNOHV
		-nowarn DLCLAP
		-v93
		-allowredefinition
		-incdir /home/ykhuang/research/
		-nclibdirpath /home/ykhuang/research/Sim/TB_VGA/ams/config/netlist/.mapi/
		-cdslib /home/ykhuang/research/Sim/TB_VGA/ams/config/netlist/.mapi/cds.lib
		-amscompilefile "file:/home/ykhuang/research/EMG_202009/Counter_Nbit/functional/verilog.v lib:EMG_202009 cell:Counter_Nbit view:functional"
		-amscompilefile "file:/home/ykhuang/research/EMG_202009/PGA_3Bit/verilogams/verilog.vams lib:EMG_202009 cell:PGA_3Bit view:verilogams"
		-amscompilefile "file:/home/ykhuang/research/EMG_202009/VGA/verilogams/verilog.vams lib:EMG_202009 cell:VGA view:verilogams"
		/home/ykhuang/research/Sim/TB_VGA/ams/config/netlist/.mapi//dummyMapi.vams
		/home/ykhuang/research/Sim/TB_VGA/ams/config/netlist/.mapi//dummyMapi.vhms
xrun: *W,OPDEPRREN: Command Line Option (-nclibdirpath) is deprecated. Use (-xmlibdirpath) instead.
file: /home/ykhuang/research/Sim/TB_VGA/ams/config/netlist/.mapi//dummyMapi.vams
file: /home/ykhuang/research/EMG_202009/Counter_Nbit/functional/verilog.v
	module EMG_202009.Counter_Nbit:functional
		errors: 0, warnings: 0
file: /home/ykhuang/research/EMG_202009/PGA_3Bit/verilogams/verilog.vams
	module EMG_202009.PGA_3Bit:verilogams
		errors: 0, warnings: 0
file: /home/ykhuang/research/EMG_202009/VGA/verilogams/verilog.vams
	module EMG_202009.VGA:verilogams
		errors: 0, warnings: 0
xmvlog: *W,SPDUSD: Include directory /home/ykhuang/research/ given but not used.
	Total errors/warnings found outside modules and primitives:
		errors: 0, warnings: 1
TOOL:	xrun(64)	18.03-s018: Exiting on Sep 30, 2020 at 17:10:01 CEST  (total: 00:00:03)
