xmvlog(64): 18.03-s018: (c) Copyright 1995-2019 Cadence Design Systems, Inc.
TOOL:	xmvlog(64)	18.03-s018: Started on Feb 17, 2021 at 19:53:52 CET
xmvlog
    -use5x
    -SPECIFICUNIT ADC_EMG
    -zparse /tmp/vamsZparoy0648
    -NOWARN DLNOHV
    -work EMG_Model
    -view verilogams
    -nostdout
    -logfile /home/ykhuang/research/.cadence/dfII/TextSupport/Logs/Parser/verilogams/EMG_Model/verilogams/compile3.log
    -messages
    -ams
    -cdslib /home/ykhuang/research/cds.lib
    /home/ykhuang/research/EMG_Model/ADC_EMG/verilogams/verilog.vams

file: /home/ykhuang/research/EMG_Model/ADC_EMG/verilogams/verilog.vams
	module EMG_Model.ADC_EMG:verilogams
		errors: 0, warnings: 0
	 writing out DPL output:
TOOL:	xmvlog(64)	18.03-s018: Exiting on Feb 17, 2021 at 19:53:52 CET  (total: 00:00:00)
