xmvlog(64): 18.03-s018: (c) Copyright 1995-2019 Cadence Design Systems, Inc.
TOOL:	xmvlog(64)	18.03-s018: Started on Nov 13, 2020 at 11:59:27 CET
xmvlog
    -use5x
    -SPECIFICUNIT IA_EMG
    -zparse /tmp/vamsZpart16457
    -NOWARN DLNOHV
    -work EMG_Model
    -view verilogams
    -nostdout
    -logfile /home/ykhuang/research/.cadence/dfII/TextSupport/Logs/Parser/verilogams/EMG_Model/verilogams/compile0.log
    -messages
    -ams
    -cdslib /home/ykhuang/research/cds.lib
    /home/ykhuang/research/EMG_Model/IA_EMG/verilogams/verilog.vams

file: /home/ykhuang/research/EMG_Model/IA_EMG/verilogams/verilog.vams
	module EMG_Model.IA_EMG:verilogams
		errors: 0, warnings: 0
	 writing out DPL output:
TOOL:	xmvlog(64)	18.03-s018: Exiting on Nov 13, 2020 at 11:59:27 CET  (total: 00:00:00)
