Begin Netlisting May 13 15:52:31 2021
INFO (VLOGNET-60): The stimulus name mapped table will not be printed in the

"/home/ykhuang/research/Sim/Sim_StimulusArtifact/ams/config/netlist/digital/testfixture.verilog" file. To print the stimulus name mapped table, set

simVerilogPrintStimulusNameMappingTable = t either in CIW or the .simrc file

before invoking Verilog netlister.
 
INFO (VLOGNET-62): Database internal net names will be printed for floating
instance ports. To prevent 
them from being printed, set
simVerilogProcessNullPorts = t either in CIW or 
the .simrc file.
 
INFO (VLOGNET-64): All cellviews in the design will be printed in the Netlist
Configuration list. 
If you want to print only those cellviews that need to be
re-netlisted in the 
list, set simVerilogIncrementalNetlistConfigList = t either
in CIW or the 
.simrc file.
 
INFO (VLOGNET-68): The initial state of stimulus of all inout pins is set to
"z". To get inout 
pins with initial state of "0", set
hnlVerilogIOInitStimulusStr = "0" 
either in CIW or the .simrc file.
 
INFO (AMS-2150): Generating the 'changedVarsSummary' file in the 'netlist'
directory. This file prints the values of the netlister control variables, which
are different from their default values. To disable the file creation, type
'envSetVal("ams.netlisterOpts" "print_control_vars" 'boolean nil )' in the
'.cdsinit' file.

INFO (VLOGNET-117): Re-netlisting the entire design.

INFO (VLOGNET-118): Using connection by name (explicit connections) for all
stopping and 
non-stopping cells.
 
WARNING (VLOGNET-110): The cell
'EMG_NMES_TestBench/Sim_StimulusArtifact/schematic' has no ports. Make sure that
this was the intended 
design.
 
INFO (VLOGNET-126): ---------- Beginning netlist configuration information
----------



CELL NAME                   VIEW NAME            NOTE             
---------                   ---------            ----             

Decoder3_8                  functional           *Stopping View*  
BPF_EMG                     verilogams           *Stopping View*  
PGA_EMG                     verilogams           *Stopping View*  
IA_EMG_Ideal                verilogams           *Stopping View*  
res                         spectre              *Stopping View*  
idc                         spectre              *Stopping View*  
vdc                         spectre              *Stopping View*  
rpp1k1                      spectre              *Stopping View*  
ne3                         spectre              *Stopping View*  
ne                          spectre              *Stopping View*  
pe                          spectre              *Stopping View*  
csft5a                      spectre              *Stopping View*  
nedia_bjt                   spectre              *Stopping View*  
pe3                         spectre              *Stopping View*  
ped_bjt                     spectre              *Stopping View*  
Digital_Stimulus_V2_ST      functional           *Stopping View*  
cap                         spectre              *Stopping View*  
Sim_StimulusArtifact        schematic                             
SingleChannel_ST            schematic                             
HalfBridge_ST               schematic                             
LS_LowSide_V2_ST            schematic                             
LS_HighSide_V3_ST           schematic                             
ResistiveDivider            schematic                             
CurrentSource_All_ST        schematic                             
LSHVT18U3VX1                cmos_sch                              
IN_3VX2                     cmos_sch                              
invrv3                      schematic                             
Idac_5bit_ST_V3             schematic                             
CurrentMirror_ST            schematic                             
CurrentMirror_x10_LV        schematic                             
LSHVT18U3VX2                cmos_sch                              
AND2HDX0                    cmos_sch                              
invr                        schematic                             
nand2                       schematic                             
Ext_Iref_ST                 schematic                             
AFE_EMG                     schematic                             

---------- End of netlist configuration information   ----------
WARNING (OSSHNL-226): There are more design variables used in the current
netlisting session as
compared to the last session in the current run directory.
The netlist(s)
generated in the last netlisting session cannot be reused for
incremental
netlisting. Therefore re-netlisting the design.

Running netlist assembly..
End netlisting May 13 15:52:41 2021
