Begin Incremental Netlisting Feb 27 16:13:05 2021
WARNING (OSSHNL-226): There are more design variables used in the current
netlisting session as
compared to the last session in the current run directory.
The netlist(s)
generated in the last netlisting session cannot be reused for
incremental
netlisting. Therefore re-netlisting the design.

End netlisting Feb 27 16:13:05 2021
Begin Incremental Netlisting Feb 27 16:13:32 2021
End netlisting Feb 27 16:13:32 2021
Begin Incremental Netlisting Feb 27 16:13:44 2021
End netlisting Feb 27 16:13:44 2021
Begin Incremental Netlisting Feb 27 16:14:37 2021
End netlisting Feb 27 16:14:37 2021
Begin Incremental Netlisting Feb 27 16:15:11 2021
End netlisting Feb 27 16:15:11 2021
Begin Incremental Netlisting Feb 27 16:16:23 2021
End netlisting Feb 27 16:16:23 2021
Begin Incremental Netlisting Feb 27 16:16:47 2021
End netlisting Feb 27 16:16:47 2021
Begin Incremental Netlisting Feb 27 16:17:34 2021
End netlisting Feb 27 16:17:34 2021
Begin Incremental Netlisting Feb 27 16:18:56 2021
End netlisting Feb 27 16:18:56 2021
Begin Incremental Netlisting Feb 27 16:33:00 2021
End netlisting Feb 27 16:33:00 2021
Begin Incremental Netlisting Feb 27 16:37:58 2021
End netlisting Feb 27 16:37:58 2021
Begin Incremental Netlisting Feb 27 16:40:23 2021
End netlisting Feb 27 16:40:23 2021
Begin Incremental Netlisting Feb 27 16:42:24 2021
End netlisting Feb 27 16:42:24 2021
Begin Incremental Netlisting Feb 27 16:42:30 2021
End netlisting Feb 27 16:42:30 2021
