xmvlog(64): 18.03-s018: (c) Copyright 1995-2019 Cadence Design Systems, Inc.
TOOL:	xmvlog(64)	18.03-s018: Started on Apr 12, 2021 at 17:02:04 CEST
xmvlog
    -use5x
    -SPECIFICUNIT SAR4
    -zparse /tmp/vamsZparof1720
    -NOWARN DLNOHV
    -work IL2239_SAR_ADC
    -view verilogams
    -nostdout
    -logfile /home/ykhuang/research/.cadence/dfII/TextSupport/Logs/Parser/verilogams/IL2239_SAR_ADC/verilogams/compile2.log
    -messages
    -ams
    -cdslib /home/ykhuang/research/cds.lib
    /home/ykhuang/research/IL2239_SAR_ADC/SAR4/verilogams/verilog.vams

file: /home/ykhuang/research/IL2239_SAR_ADC/SAR4/verilogams/verilog.vams
	module IL2239_SAR_ADC.SAR4:verilogams
		errors: 0, warnings: 0
	 writing out DPL output:
TOOL:	xmvlog(64)	18.03-s018: Exiting on Apr 12, 2021 at 17:02:05 CEST  (total: 00:00:01)
