*Info*    Exporting services from client ... 

*Info*    Client has finished starting ... 



*Info*    Configuring the session ...

	Library      = EMG_TestBench
	Cell         = TB_EMG_w_SwitchArray
	View         = config
	Simulator    = ams
	State Path   = $AXL_SETUPDB_DIR/test_states
	State Name   = EMG_TestBench:TB_EMG_w_SwitchArray:1_none_Interactive.3
	Results DB   = /home/ykhuang/research/EMG_TestBench/TB_EMG_w_SwitchArray/adexl/results/data/Interactive.3.rdb
	Results Dir  = /home/ykhuang/research/Sim/EMG_TestBench/TB_EMG_w_SwitchArray/adexl/results/data/Interactive.3/1/EMG_TestBench:TB_EMG_w_SwitchArray:1
	Results Loc  = /home/ykhuang/research/Sim/EMG_TestBench/TB_EMG_w_SwitchArray/adexl/results/data
	Project Dir  = /home/ykhuang/research/Sim
	Setup DB loc = /home/ykhuang/research/EMG_TestBench/TB_EMG_w_SwitchArray/adexl
	File Encoding = 0


variable oasisVariableValue redefined
variable persistNewList redefined

*Info*    The auto suspension is disabled.






*Info*    Run start for Point ID (1 1) on testbench [
          EMG_TestBench:TB_EMG_w_SwitchArray:1 ].

Resetting statistical vars

*Info*    Setting parameter values ...

Setting temp(T) = 27

*Info*    Netlist Directory =
          /home/ykhuang/research/Sim/EMG_TestBench/TB_EMG_w_SwitchArray/adexl/results/data/Interactive.3/1/EMG_TestBench:TB_EMG_w_SwitchArray:1/netlist


*Info*    Data Directory    =
          /home/ykhuang/research/Sim/EMG_TestBench/TB_EMG_w_SwitchArray/adexl/results/data/Interactive.3/1/EMG_TestBench:TB_EMG_w_SwitchArray:1


*Info*    Creating Netlist for Point ID (1 1)

generate netlist...
INFO (AMS-2142): The AMS Unified Netlisting (AMS UNL) flow has been enabled.
INFO (AMS-2031): The instances bound to the views specified in the 'Netlist using spectre CDF simInfo'
 field in the Netlister form (Simulation->Options->Netlister) will be netlisted as
 analog primitives using the Spectre CDF simulation information.
function ansCdlCompPrim redefined
function ansCdlCompPrim redefined
Initializing the control file using cp:
    cp /pkg/cadence/installs/IC618/tools.lnx86/dfII/etc/si/control.ver /home/ykhuang/research/Sim/EMG_TestBench/TB_EMG_w_SwitchArray/adexl/results/data/Interactive.3/1/EMG_TestBench:TB_EMG_w_SwitchArray:1/netlist/digital/control
Begin Netlisting Feb 22 15:04:29 2021
INFO (VLOGNET-60): The stimulus name mapped table will not be printed in the 
"/home/ykhuang/research/Sim/EMG_TestBench/TB_EMG_w_SwitchArray/adexl/results/data/Interactive.3/1/EMG_TestBench:TB_EMG_w_SwitchArray:1/netlist/digital/testfixture.verilog" file. To print the stimulus name mapped table, set 
simVerilogPrintStimulusNameMappingTable = t either in CIW or the .simrc file 
before invoking Verilog netlister.
 
INFO (VLOGNET-62): Database internal net names will be printed for floating instance ports. To prevent 
them from being printed, set simVerilogProcessNullPorts = t either in CIW or 
the .simrc file.
 
INFO (VLOGNET-64): All cellviews in the design will be printed in the Netlist Configuration list. 
If you want to print only those cellviews that need to be re-netlisted in the 
list, set simVerilogIncrementalNetlistConfigList = t either in CIW or the 
.simrc file.
 
INFO (VLOGNET-68): The initial state of stimulus of all inout pins is set to "z". To get inout 
pins with initial state of "0", set hnlVerilogIOInitStimulusStr = "0" 
either in CIW or the .simrc file.
 
INFO (AMS-2150): Generating the 'changedVarsSummary' file in the 'netlist' directory. This file prints the values of the netlister control variables, which are different from their default values. To disable the file creation, type 'envSetVal("ams.netlisterOpts" "print_control_vars" 'boolean nil )' in the '.cdsinit' file.
INFO (VLOGNET-117): Re-netlisting the entire design.

INFO (VLOGNET-118): Using connection by name (explicit connections) for all stopping and 
non-stopping cells.
 
WARNING (VLOGNET-110): The cell 'EMG_TestBench/TB_EMG_w_SwitchArray/schematic' has no ports. Make sure that this was the intended 
design.
 
INFO (VLOGNET-126): ---------- Beginning netlist configuration information ----------



CELL NAME                   VIEW NAME            NOTE             
---------                   ---------            ----             

vdc                         spectre              *Stopping View*  
DAC_EMG                     verilogams           *Stopping View*  
BPF_EMG                     verilogams           *Stopping View*  
PGA_EMG                     verilogams           *Stopping View*  
IA_EMG_Ideal                verilogams           *Stopping View*  
ANA_MUX_EMG                 verilogams           *Stopping View*  
ADC_EMG                     verilogams           *Stopping View*  
Signal_Gen                  verilogams           *Stopping View*  
Digital_Stimuli_EMG_V2      functional           *Stopping View*  
vpwl                        spectre              *Stopping View*  
BioZ_EMG_SwitchArray16      verilogams           *Stopping View*  
TB_EMG_w_SwitchArray        schematic                             
MultiCH_16_EMG              schematic                             
AFE_EMG                     schematic                             

---------- End of netlist configuration information   ----------
function ansCdlCompPrim redefined
function ansCdlCompPrim redefined
function ansCdlCompPrim redefined
Initializing the control file using cp:
    cp /pkg/cadence/installs/IC618/tools.lnx86/dfII/etc/si/control.spectre /home/ykhuang/research/Sim/EMG_TestBench/TB_EMG_w_SwitchArray/adexl/results/data/Interactive.3/1/EMG_TestBench:TB_EMG_w_SwitchArray:1/netlist/analog/control
Copying Spectre source file 'spectre.inp'
Copying Spectre command file 'spectre.sim'
Running netlist assembly..
........
End netlisting Feb 22 15:04:38 2021
INFO (AMS-1241): AMS UNL netlisting has completed successfully.
To view the modules, right-click the test name on the Tests and Analyses 
assistant pane and choose Netlist->Display menu option.
      ...successful.
create cds_globals...
      ...successful.
compose simulator input file...
      ...successful.

*Info*    Running simulation on testbench [
          EMG_TestBench:TB_EMG_w_SwitchArray:1 ] for Point ID (1 1).

Delete simulation data in /home/ykhuang/research/Sim/EMG_TestBench/TB_EMG_w_SwitchArray/adexl/results/data/Interactive.3/1/EMG_TestBench:TB_EMG_w_SwitchArray:1/psf.
create cds_globals...
      ...successful.
compose simulator input file...
      ...successful.
validating simulator hierarchy...
      ...successful.
running...
To check for output from compilation, elaboration and simulation run, 
right-click on the test name, result name, or any value in the "Results" 
tab of the Outputs section and choose "Output Log" menu option.
INFO (ADE-3071): Simulation completed successfully.
reading simulation data...
      ...successful.
*Info*    Client has finished evaluating ... 


*Info*    Run complete for Point ID (1 1) on testbench [
          EMG_TestBench:TB_EMG_w_SwitchArray:1 ].





