\# Program start time:     UTC 2021.04.05 13:16:14.508
\# Local time: CEST (UTC+02:00) 2021.04.05 15:16:14.508
\o Program:		@(#)$CDS: virtuoso version 6.1.8-64b 10/08/2019 20:07 (sjfhw316) $
\o Hierarchy:		/pkg/cadence/installs/IC618/tools.lnx86/dfII/
\o Sub version:		sub-version  IC6.1.8-64b.500.7  (64-bit addresses)
\# Command line:	/pkg/cadence/installs/IC618/tools.lnx86/dfII/bin/64bit/virtuoso -noautostart -mpssession virtuoso32262 -mpshost s2424 -davinciService DaVinciService_32262_1617623711 -log /home/ykhuang/research/logs_ykhuang/logs0/Job12.log -licenseLockFileName /home/ykhuang/research/.tmp_ykhuang/.s2424_32262 -interactiveA -interactiveE -interactiveRTT -nostdin -nograph -axlChildIdFlag 12
\# Host name (type):	s2424 (x86_64)
\# Operating system:	Linux 3.10.0-1160.6.1.el7.x86_64 #1 SMP Tue Nov 17 13:59:11 UTC 2020
\# Linux /etc/issue:	\S
\# Linux /etc/issue:	Kernel \r on an \m
\# X display name (WxH):	:95 (1024x868)
\# Available geometry:			TL(0:0) BR(1023:867)
\# X server:			RealVNC Ltd (VNC nograph server, PID 10821)
\# Depth of Visual (Root):	16 (16)
\# Number of Planes Used:	16
\# X version:		11.0 (vendor release 3370)
\# X resource pool:	base 0x800000, mask 0x3fffff (4194303), shift 0
\# 			current id 0x0, current max 0x3ffffa (4194298)
\# Max data seg size:	     unlimited
\# Max process size:	     unlimited
\# Initial sbrk value:	        543 MB
\# Available memory:	     78,922 MB
\# System memory:	     96,361 MB
\# Maximum memory size:	     95,975 MB
\# Max mem available:	     79,079 MB
\# Initial memory used:	        157 MB
\#        process size:	      1,382 MB
\# Thread usage limits (effective/default):	maxthreads 4096/4096 maxload 32.00/32.00
\# Qt version:		5.9.1
\# Window Manager:	other
\# User Name:		ykhuang
\o Working Directory:	s2424:/home/ykhuang/research
\# Process Id:		6124
\o 
\o COPYRIGHT (C) 1992-2019  CADENCE DESIGN SYSTEMS INC.  ALL RIGHTS RESERVED.
\o           (C) 1992-2019  UNIX SYSTEMS Laboratories INC.,
\o                          Reproduced with permission.
\o 
\o This Cadence Design Systems program and online documentation are
\o proprietary/confidential information and may be disclosed/used only
\o as authorized in a license agreement controlling such use and disclosure.
\o 
\o           RESTRICTED RIGHTS NOTICE (SHORT FORM)
\o Use/reproduction/disclosure is subject to restriction
\o set forth at FAR 1252.227-19 or its equivalent.
\o Loading geView.cxt 
\o Loading menuBuilder.cxt 
\o Loading schView.cxt 
\o Loading selectSv.cxt 
\o Loading wireEdit.cxt 
\o Loading pte2.cxt 
\o Loading xlUI.cxt 
\o Loading auCore.cxt 
\o Loading vhdl.cxt 
\o Loading seismic.cxt 
\o Loading ci.cxt 
\o Loading layers.cxt 
\o Loading ams.cxt 
\o Loading oasis.cxt 
\o Loading analog.cxt 
\o Loading asimenv.cxt 
\o Loading dal.cxt 
\o Loading awv.cxt 
\o Loading socket.cxt 
\o Loading par.cxt 
\o Loading alvs.cxt 
\o Loading caa.cxt 
\o Loading amps.cxt 
\o Loading adexlCore.cxt 
\o Loading adexl.cxt 
\# Memory report: using         303 MB, process size 1,604 MB at UTC 2021.04.05 13:16:16.149
\o *Info*    Exporting services from client ... 
\o 
\o Loading cli.cxt 
\o Loading cle.cxt 
\o INFO (ELI-00302) Connecting to parent process (session=virtuoso32262, host=s2424). ICRP is turned on. Total timeout is 180 seconds. Connection timeout is 90 seconds.
\o INFO (ELI-00303) Step 1: Connecting to parent. Time spent is 0 seconds.
\o INFO (ELI-00304) The registration of the child 6124 within 90 seconds is being processed...
\o INFO (ELI-00305) The result of registration is true. Time spent is 0 seconds.
\o INFO (ELI-00308) The connection has ended. Result is true. Total time spent is 0 seconds.
\o Loading .cdsinit for the XH018 X-Fab XKit.
\o     LOAD xh018_1143 SPECIFIC CALL-BACK ROUTINES
\o     LOAD ALL AVAILABLE P-CELL FUNCTIONS
\o ** Info: PDK loadpath is "./.xkit/setup/xh018/cadence/PDK"
\o Loading XfPcellCore.cxt
\o Loading XfSktTools.cxt
\o Loading XfTechXh018.cxt
\o nil
\o Initializing library.
\o Finished Initializing Library .
\o     Generic PcellKit: 'production' loaded.
\o     Generic Pcell Skill Tools: 'production' loaded.
\o Loading Circuit Prospector Setup (XfCircuitProspSetup.il)
\o "XfDtbSkill package succesfully loaded."
\o     Generic Dcells Tool Box: 'Dcells_Toolbox_v1.2.0' loaded.
\o     LOAD THE ENVIRONMENT FILE
\o  --> Setting the required PDK definitions...
\o     GDSII LAYER MAPPING FILE = "./.xkit/setup/xh018/cadence/PDK/TECH_XH018_1143/strmInOut.layertable"
\o     GDSII OBJECT MAPPING FILE = "./.xkit/setup/xh018/cadence/PDK/TECH_XH018_1143/strmOutObjects.map"
\o Use model setup from PDK...
\o Loading spectrei.cxt 
\o Loading devCheck.cxt 
\o Loading relXpert.cxt 
\o Loading vdsil.cxt 
\o Loading hspiceD.cxt 
\o Loading spectreinl.cxt 
\o Loading UltraSim.cxt 
\o Loading msgHandler.cxt 
\o Loading AMSOSS.cxt 
\o Loading AMS.cxt 
\# Memory report: using         423 MB, process size 1,720 MB at UTC 2021.04.05 13:16:18.077
\o  --> Finished setting the required PDK definitions
\o  --> Setting the recommended EDA tool defaults...
\o  --> Finished setting the recommended EDA tool defaults
\o     LOAD DEFAULT BINDKEYS
\o Loading viva.cxt 
\o *Info*    Client has finished starting ... 
\o 
\p > 
\a _treeSetOpcGUI(t)
\r t
\o Loading vqp.cxt 
\o 
\o 
\o *Info*    Configuring the session ...
\o 
\o 	Library      = Stimulator_TestBench
\o 	Cell         = TB_OneChannel_DC_imp
\o 	View         = schematic
\o 	Simulator    = spectre
\o 	State Path   = $AXL_SETUPDB_DIR/test_states
\o 	State Name   = Stimulator_TestBench:TB_OneChannel_DC_imp:1_state1_Interactive.2
\o 	Results DB   = /home/ykhuang/research/Stimulator_TestBench/TB_OneChannel_DC_imp/adexl/results/data/Interactive.2.rdb
\o 	Results Dir  = /home/ykhuang/research/Sim/Stimulator_TestBench/TB_OneChannel_DC_imp/adexl/results/data/Interactive.2/1/Stimulator_TestBench:TB_OneChannel_DC_imp:1
\o 	Results Loc  = /home/ykhuang/research/Sim/Stimulator_TestBench/TB_OneChannel_DC_imp/adexl/results/data
\o 	Project Dir  = /home/ykhuang/research/Sim
\o 	Setup DB loc = /home/ykhuang/research/Stimulator_TestBench/TB_OneChannel_DC_imp/adexl
\o 	File Encoding = 0
\o 
\o 
\o Loading simui.cxt 
\o INFO (TECH-150003): The technology database "analogLib" has been automatically
\o updated from revision 226610(DM 0) to revision 227612(DM 3) in virtual memory.
\o 
\o *Info*    The auto suspension is disabled.
\o 
\o     LOAD GENERIC "X-KIT" SKILL CONTEXT "./.xkit/setup/x_all/cadence/xenv/skill/context6/xkit.cxt" 
\o  - Menu "XKit Utilities" installed to CIW.
\o     LOAD ".cdsinit_personal" FILE FROM THE WORKING DIRECTORY.
\o     INFO: To customize this setup, please use the following environment variables:
\o           CUSTOM_SCRIPT_PATH - should point to the master shell or perl script
\o                              e.g.:
\o                              setenv CUSTOM_SCRIPT_PATH /path/to/my/script/LoadMyScripts.csh
\o           CUSTOM_SKILL_PATH - should point to your master skill load file
\o                              e.g.:
\o                              setenv CUSTOM_SKILL_PATH /path/to/my/skill/LoadMySkills.il
\o  -> END LOAD ".cdsinit" FILE
\o Loading monte.cxt 
\o 
\o 
\o 
\o 
\o 
\o *Info*    Run start for Point ID (2 1) on testbench [
\o           Stimulator_TestBench:TB_OneChannel_DC_imp:1 ].
\o 
\o Resetting statistical vars
\o 
\o *Info*    Setting parameter values ...
\o 
\o Setting var Rload = "100"
\o Setting temp(T) = 27
\o 
\o *Info*    Netlist Directory =
\o           /home/ykhuang/research/Sim/Stimulator_TestBench/TB_OneChannel_DC_imp/adexl/results/data/Interactive.2/1/Stimulator_TestBench:TB_OneChannel_DC_imp:1/netlist
\o 
\o 
\o *Info*    Data Directory    =
\o           /home/ykhuang/research/Sim/Stimulator_TestBench/TB_OneChannel_DC_imp/adexl/results/data/Interactive.2/1/Stimulator_TestBench:TB_OneChannel_DC_imp:1
\o 
\o 
\o *Info*    Creating Netlist for Point ID (2 1)
\o 
\o generate netlist...
\o Loading seCore.cxt 
\o function ansCdlCompPrim redefined
\o function ansCdlCompPrim redefined
\o Begin Incremental Netlisting Apr  5 15:16:20 2021
\o INFO (TECH-150003): The technology database "basic" has been automatically
\o updated from revision 226610(DM 0) to revision 227612(DM 3) in virtual memory.
\o INFO (TECH-150003): The technology database "US_8ths" has been automatically
\o updated from revision 226610(DM 0) to revision 227612(DM 3) in virtual memory.
\o End netlisting Apr  5 15:16:20 2021
\o 
\o 	The netlist is up to date.
\o 	Time taken to compare the design with netlist:   0.0s
\o       ...successful.
\o compose simulator input file...
\o       ...successful.
\o 
\o *Info*    Running simulation on testbench [
\o           Stimulator_TestBench:TB_OneChannel_DC_imp:1 ] for Point ID
\o           (2 1).
\o 
\o Delete psf data in /home/ykhuang/research/Sim/Stimulator_TestBench/TB_OneChannel_DC_imp/adexl/results/data/Interactive.2/1/Stimulator_TestBench:TB_OneChannel_DC_imp:1/psf.
\o compose simulator input file...
\o       ...successful.
\o start simulator if needed...
\o       ...successful.
\o simulate...
\o To view the simulator output, right-click on the test name, result 
\o name, or any value in the "Results" tab of the Outputs section and 
\o choose "Output Log" menu option.
\o Loading paraplot.cxt 
\# Available memory:         78,615 MB at UTC 2021.04.05 13:16:24.117
\# Memory report: Maximum memory size now 79,083 MB at UTC 2021.04.05 13:16:24.118
\# Thread usage report: 33 active threads, active load 1.00 at UTC 2021.04.05 13:16:24.118
\o INFO (ADE-3071): Simulation completed successfully.
\o reading simulation data...
\o       ...successful.
\o *Info*    Client has finished evaluating ... 
\o 
\o 
\o *Info*    Run complete for Point ID (2 1) on testbench [
\o           Stimulator_TestBench:TB_OneChannel_DC_imp:1 ].
\o 
\o 
\o 
\o 
\o 
\o 
\o 
\o 
\o 
\o 
\o *Info*    Run start for Point ID (2 2) on testbench [
\o           Stimulator_TestBench:TB_OneChannel_DC_imp:1 ].
\o 
\o Resetting statistical vars
\o 
\o *Info*    Setting parameter values ...
\o 
\o Setting var Rload = "300"
\o 
\o *Info*    Netlist Directory =
\o           /home/ykhuang/research/Sim/Stimulator_TestBench/TB_OneChannel_DC_imp/adexl/results/data/Interactive.2/2/Stimulator_TestBench:TB_OneChannel_DC_imp:1/netlist
\o 
\o 
\o *Info*    Data Directory    =
\o           /home/ykhuang/research/Sim/Stimulator_TestBench/TB_OneChannel_DC_imp/adexl/results/data/Interactive.2/2/Stimulator_TestBench:TB_OneChannel_DC_imp:1
\o 
\o 
\o *Info*    Creating Netlist for Point ID (2 2)
\o 
\o generate netlist...
\o function ansCdlCompPrim redefined
\o function ansCdlCompPrim redefined
\o Begin Incremental Netlisting Apr  5 15:16:41 2021
\o End netlisting Apr  5 15:16:41 2021
\o 
\o 	The netlist is up to date.
\o 	Time taken to compare the design with netlist:   0.0s
\o       ...successful.
\o compose simulator input file...
\o       ...successful.
\o 
\o *Info*    Running simulation on testbench [
\o           Stimulator_TestBench:TB_OneChannel_DC_imp:1 ] for Point ID
\o           (2 2).
\o 
\o Delete psf data in /home/ykhuang/research/Sim/Stimulator_TestBench/TB_OneChannel_DC_imp/adexl/results/data/Interactive.2/2/Stimulator_TestBench:TB_OneChannel_DC_imp:1/psf.
\o compose simulator input file...
\o       ...successful.
\o start simulator if needed...
\o       ...successful.
\o simulate...
\o To view the simulator output, right-click on the test name, result 
\o name, or any value in the "Results" tab of the Outputs section and 
\o choose "Output Log" menu option.
\o INFO (ADE-3071): Simulation completed successfully.
\o reading simulation data...
\o       ...successful.
\o *Info*    Client has finished evaluating ... 
\o 
\o 
\o *Info*    Run complete for Point ID (2 2) on testbench [
\o           Stimulator_TestBench:TB_OneChannel_DC_imp:1 ].
\o 
\o 
\o 
\o 
\o 
\o 
\o 
\o 
\o 
\o 
\o *Info*    Run start for Point ID (2 3) on testbench [
\o           Stimulator_TestBench:TB_OneChannel_DC_imp:1 ].
\o 
\o Resetting statistical vars
\o 
\o *Info*    Setting parameter values ...
\o 
\o Setting var Rload = "500"
\o 
\o *Info*    Netlist Directory =
\o           /home/ykhuang/research/Sim/Stimulator_TestBench/TB_OneChannel_DC_imp/adexl/results/data/Interactive.2/3/Stimulator_TestBench:TB_OneChannel_DC_imp:1/netlist
\o 
\o 
\o *Info*    Data Directory    =
\o           /home/ykhuang/research/Sim/Stimulator_TestBench/TB_OneChannel_DC_imp/adexl/results/data/Interactive.2/3/Stimulator_TestBench:TB_OneChannel_DC_imp:1
\o 
\o 
\o *Info*    Creating Netlist for Point ID (2 3)
\o 
\o generate netlist...
\o function ansCdlCompPrim redefined
\o function ansCdlCompPrim redefined
\o Begin Incremental Netlisting Apr  5 15:17:01 2021
\o End netlisting Apr  5 15:17:01 2021
\o 
\o 	The netlist is up to date.
\o 	Time taken to compare the design with netlist:   0.0s
\o       ...successful.
\o compose simulator input file...
\o       ...successful.
\o 
\o *Info*    Running simulation on testbench [
\o           Stimulator_TestBench:TB_OneChannel_DC_imp:1 ] for Point ID
\o           (2 3).
\o 
\o Delete psf data in /home/ykhuang/research/Sim/Stimulator_TestBench/TB_OneChannel_DC_imp/adexl/results/data/Interactive.2/3/Stimulator_TestBench:TB_OneChannel_DC_imp:1/psf.
\o compose simulator input file...
\o       ...successful.
\o start simulator if needed...
\o       ...successful.
\o simulate...
\o To view the simulator output, right-click on the test name, result 
\o name, or any value in the "Results" tab of the Outputs section and 
\o choose "Output Log" menu option.
\o INFO (ADE-3071): Simulation completed successfully.
\o reading simulation data...
\o       ...successful.
\o *Info*    Client has finished evaluating ... 
\o 
\o 
\o *Info*    Run complete for Point ID (2 3) on testbench [
\o           Stimulator_TestBench:TB_OneChannel_DC_imp:1 ].
\o 
\o 
\o 
\o 
\o 
\o 
\o 
\o 
\o 
\o 
\o *Info*    Run start for Point ID (2 4) on testbench [
\o           Stimulator_TestBench:TB_OneChannel_DC_imp:1 ].
\o 
\o Resetting statistical vars
\o 
\o *Info*    Setting parameter values ...
\o 
\o Setting var Rload = "700"
\o 
\o *Info*    Netlist Directory =
\o           /home/ykhuang/research/Sim/Stimulator_TestBench/TB_OneChannel_DC_imp/adexl/results/data/Interactive.2/4/Stimulator_TestBench:TB_OneChannel_DC_imp:1/netlist
\o 
\o 
\o *Info*    Data Directory    =
\o           /home/ykhuang/research/Sim/Stimulator_TestBench/TB_OneChannel_DC_imp/adexl/results/data/Interactive.2/4/Stimulator_TestBench:TB_OneChannel_DC_imp:1
\o 
\o 
\o *Info*    Creating Netlist for Point ID (2 4)
\o 
\o generate netlist...
\o function ansCdlCompPrim redefined
\o function ansCdlCompPrim redefined
\o Begin Incremental Netlisting Apr  5 15:17:21 2021
\o End netlisting Apr  5 15:17:21 2021
\o 
\o 	The netlist is up to date.
\o 	Time taken to compare the design with netlist:   0.0s
\o       ...successful.
\o compose simulator input file...
\o       ...successful.
\o 
\o *Info*    Running simulation on testbench [
\o           Stimulator_TestBench:TB_OneChannel_DC_imp:1 ] for Point ID
\o           (2 4).
\o 
\o Delete psf data in /home/ykhuang/research/Sim/Stimulator_TestBench/TB_OneChannel_DC_imp/adexl/results/data/Interactive.2/4/Stimulator_TestBench:TB_OneChannel_DC_imp:1/psf.
\o compose simulator input file...
\o       ...successful.
\o start simulator if needed...
\o       ...successful.
\o simulate...
\o To view the simulator output, right-click on the test name, result 
\o name, or any value in the "Results" tab of the Outputs section and 
\o choose "Output Log" menu option.
\o INFO (ADE-3071): Simulation completed successfully.
\o reading simulation data...
\o       ...successful.
\o *Info*    Client has finished evaluating ... 
\o 
\o 
\o *Info*    Run complete for Point ID (2 4) on testbench [
\o           Stimulator_TestBench:TB_OneChannel_DC_imp:1 ].
\o 
\o 
\o 
\o 
\o 
\o 
\o 
\o 
\o 
\o 
\o *Info*    Run start for Point ID (2 5) on testbench [
\o           Stimulator_TestBench:TB_OneChannel_DC_imp:1 ].
\o 
\o Resetting statistical vars
\o 
\o *Info*    Setting parameter values ...
\o 
\o Setting var Rload = "900"
\o 
\o *Info*    Netlist Directory =
\o           /home/ykhuang/research/Sim/Stimulator_TestBench/TB_OneChannel_DC_imp/adexl/results/data/Interactive.2/5/Stimulator_TestBench:TB_OneChannel_DC_imp:1/netlist
\o 
\o 
\o *Info*    Data Directory    =
\o           /home/ykhuang/research/Sim/Stimulator_TestBench/TB_OneChannel_DC_imp/adexl/results/data/Interactive.2/5/Stimulator_TestBench:TB_OneChannel_DC_imp:1
\o 
\o 
\o *Info*    Creating Netlist for Point ID (2 5)
\o 
\o generate netlist...
\o function ansCdlCompPrim redefined
\o function ansCdlCompPrim redefined
\o Begin Incremental Netlisting Apr  5 15:17:42 2021
\o End netlisting Apr  5 15:17:42 2021
\o 
\o 	The netlist is up to date.
\o 	Time taken to compare the design with netlist:   0.0s
\o       ...successful.
\o compose simulator input file...
\o       ...successful.
\o 
\o *Info*    Running simulation on testbench [
\o           Stimulator_TestBench:TB_OneChannel_DC_imp:1 ] for Point ID
\o           (2 5).
\o 
\o Delete psf data in /home/ykhuang/research/Sim/Stimulator_TestBench/TB_OneChannel_DC_imp/adexl/results/data/Interactive.2/5/Stimulator_TestBench:TB_OneChannel_DC_imp:1/psf.
\o compose simulator input file...
\o       ...successful.
\o start simulator if needed...
\o       ...successful.
\o simulate...
\o To view the simulator output, right-click on the test name, result 
\o name, or any value in the "Results" tab of the Outputs section and 
\o choose "Output Log" menu option.
\o INFO (ADE-3071): Simulation completed successfully.
\o reading simulation data...
\o       ...successful.
\o *Info*    Client has finished evaluating ... 
\o 
\o 
\o *Info*    Run complete for Point ID (2 5) on testbench [
\o           Stimulator_TestBench:TB_OneChannel_DC_imp:1 ].
\o 
\o 
\o 
\o 
\o 
\o 
\o 
\o 
\o 
\o 
\o *Info*    Run start for Point ID (2 6) on testbench [
\o           Stimulator_TestBench:TB_OneChannel_DC_imp:1 ].
\o 
\o Resetting statistical vars
\o 
\o *Info*    Setting parameter values ...
\o 
\o Setting var Rload = "1100"
\o 
\o *Info*    Netlist Directory =
\o           /home/ykhuang/research/Sim/Stimulator_TestBench/TB_OneChannel_DC_imp/adexl/results/data/Interactive.2/6/Stimulator_TestBench:TB_OneChannel_DC_imp:1/netlist
\o 
\o 
\o *Info*    Data Directory    =
\o           /home/ykhuang/research/Sim/Stimulator_TestBench/TB_OneChannel_DC_imp/adexl/results/data/Interactive.2/6/Stimulator_TestBench:TB_OneChannel_DC_imp:1
\o 
\o 
\o *Info*    Creating Netlist for Point ID (2 6)
\o 
\o generate netlist...
\o function ansCdlCompPrim redefined
\o function ansCdlCompPrim redefined
\o Begin Incremental Netlisting Apr  5 15:18:02 2021
\o End netlisting Apr  5 15:18:02 2021
\o 
\o 	The netlist is up to date.
\o 	Time taken to compare the design with netlist:   0.0s
\o       ...successful.
\o compose simulator input file...
\o       ...successful.
\o 
\o *Info*    Running simulation on testbench [
\o           Stimulator_TestBench:TB_OneChannel_DC_imp:1 ] for Point ID
\o           (2 6).
\o 
\o Delete psf data in /home/ykhuang/research/Sim/Stimulator_TestBench/TB_OneChannel_DC_imp/adexl/results/data/Interactive.2/6/Stimulator_TestBench:TB_OneChannel_DC_imp:1/psf.
\o compose simulator input file...
\o       ...successful.
\o start simulator if needed...
\o       ...successful.
\o simulate...
\o To view the simulator output, right-click on the test name, result 
\o name, or any value in the "Results" tab of the Outputs section and 
\o choose "Output Log" menu option.
\o INFO (ADE-3071): Simulation completed successfully.
\o reading simulation data...
\o       ...successful.
\o *Info*    Client has finished evaluating ... 
\o 
\o 
\o *Info*    Run complete for Point ID (2 6) on testbench [
\o           Stimulator_TestBench:TB_OneChannel_DC_imp:1 ].
\o 
\o 
\o 
\o 
\o 
\o 
\o 
\o 
\o 
\o 
\o *Info*    Run start for Point ID (2 7) on testbench [
\o           Stimulator_TestBench:TB_OneChannel_DC_imp:1 ].
\o 
\o Resetting statistical vars
\o 
\o *Info*    Setting parameter values ...
\o 
\o Setting var Rload = "1300"
\o 
\o *Info*    Netlist Directory =
\o           /home/ykhuang/research/Sim/Stimulator_TestBench/TB_OneChannel_DC_imp/adexl/results/data/Interactive.2/7/Stimulator_TestBench:TB_OneChannel_DC_imp:1/netlist
\o 
\o 
\o *Info*    Data Directory    =
\o           /home/ykhuang/research/Sim/Stimulator_TestBench/TB_OneChannel_DC_imp/adexl/results/data/Interactive.2/7/Stimulator_TestBench:TB_OneChannel_DC_imp:1
\o 
\o 
\o *Info*    Creating Netlist for Point ID (2 7)
\o 
\o generate netlist...
\o function ansCdlCompPrim redefined
\o function ansCdlCompPrim redefined
\o Begin Incremental Netlisting Apr  5 15:18:23 2021
\o End netlisting Apr  5 15:18:23 2021
\o 
\o 	The netlist is up to date.
\o 	Time taken to compare the design with netlist:   0.0s
\o       ...successful.
\o compose simulator input file...
\o       ...successful.
\o 
\o *Info*    Running simulation on testbench [
\o           Stimulator_TestBench:TB_OneChannel_DC_imp:1 ] for Point ID
\o           (2 7).
\o 
\o Delete psf data in /home/ykhuang/research/Sim/Stimulator_TestBench/TB_OneChannel_DC_imp/adexl/results/data/Interactive.2/7/Stimulator_TestBench:TB_OneChannel_DC_imp:1/psf.
\o compose simulator input file...
\o       ...successful.
\o start simulator if needed...
\o       ...successful.
\o simulate...
\o To view the simulator output, right-click on the test name, result 
\o name, or any value in the "Results" tab of the Outputs section and 
\o choose "Output Log" menu option.
\o INFO (ADE-3071): Simulation completed successfully.
\o reading simulation data...
\o       ...successful.
\o *Info*    Client has finished evaluating ... 
\o 
\o 
\o *Info*    Run complete for Point ID (2 7) on testbench [
\o           Stimulator_TestBench:TB_OneChannel_DC_imp:1 ].
\o 
\o 
\o 
\o 
\o 
\o Job 12 timed out after no activity in 300 seconds.
\o Simulation design variables differ from those on the cellView,
\o they have been saved in the file "/tmp/saved-design-variables1".
\o To save future changes, copy variables to cellView before exiting.
\o 
\o *Info*    Received signal SIGTERM.
\o 
\o 
