*Info*    Exporting services from client ... 

*Info*    Client has finished starting ... 



*Info*    Configuring the session ...

	Library      = IL2239_SAR_ADC
	Cell         = SAR4_ADC_sim
	View         = config
	Simulator    = ams
	State Path   = $AXL_SETUPDB_DIR/test_states
	State Name   = IL2239_SAR_ADC:SAR4_ADC_sim:1_ams_state1_Interactive.14
	Results DB   = /home/ykhuang/research/IL2239_SAR_ADC/SAR4_ADC_sim/adexl/results/data/Interactive.14.rdb
	Results Dir  = /home/ykhuang/research/Sim/IL2239_SAR_ADC/SAR4_ADC_sim/adexl/results/data/Interactive.14/1/IL2239_SAR_ADC:SAR4_ADC_sim:1
	Results Loc  = /home/ykhuang/research/Sim/IL2239_SAR_ADC/SAR4_ADC_sim/adexl/results/data
	Project Dir  = /home/ykhuang/research/Sim
	Setup DB loc = /home/ykhuang/research/IL2239_SAR_ADC/SAR4_ADC_sim/adexl
	File Encoding = 0


variable oasisVariableValue redefined
variable persistNewList redefined

*Info*    The auto suspension is disabled.






*Info*    Run start for Point ID (2 1) on testbench [
          IL2239_SAR_ADC:SAR4_ADC_sim:1 ].

Resetting statistical vars

*Info*    Setting parameter values ...

Setting var Cap = "25f"
Setting var Cchannel = "15f"
Setting var Roff = "500M"
Setting var Ron = "140"
Setting var VDD = "1.8"
Setting var Vcm = "200m"
Setting var Vin = "180m"
Setting var Vref = "400m"
Setting var dCap = "0"
Setting var fclk = "20M"
Setting var fin = "437500"
Setting temp(T) = 27

*Info*    Netlist Directory =
          /home/ykhuang/research/Sim/IL2239_SAR_ADC/SAR4_ADC_sim/adexl/results/data/Interactive.14/1/IL2239_SAR_ADC:SAR4_ADC_sim:1/netlist


*Info*    Data Directory    =
          /home/ykhuang/research/Sim/IL2239_SAR_ADC/SAR4_ADC_sim/adexl/results/data/Interactive.14/1/IL2239_SAR_ADC:SAR4_ADC_sim:1


*Info*    Creating Netlist for Point ID (2 1)

generate netlist...
INFO (AMS-2142): The AMS Unified Netlisting (AMS UNL) flow has been enabled.
INFO (AMS-2031): The instances bound to the views specified in the 'Netlist using spectre CDF simInfo'
 field in the Netlister form (Simulation->Options->Netlister) will be netlisted as
 analog primitives using the Spectre CDF simulation information.
function ansCdlCompPrim redefined
function ansCdlCompPrim redefined
Initializing the control file using cp:
    cp /pkg/cadence/installs/IC618/tools.lnx86/dfII/etc/si/control.ver /home/ykhuang/research/Sim/IL2239_SAR_ADC/SAR4_ADC_sim/adexl/results/data/Interactive.14/1/IL2239_SAR_ADC:SAR4_ADC_sim:1/netlist/digital/control
Begin Netlisting Apr 14 23:09:40 2021
INFO (VLOGNET-60): The stimulus name mapped table will not be printed in the 
"/home/ykhuang/research/Sim/IL2239_SAR_ADC/SAR4_ADC_sim/adexl/results/data/Interactive.14/1/IL2239_SAR_ADC:SAR4_ADC_sim:1/netlist/digital/testfixture.verilog" file. To print the stimulus name mapped table, set 
simVerilogPrintStimulusNameMappingTable = t either in CIW or the .simrc file 
before invoking Verilog netlister.
 
INFO (VLOGNET-62): Database internal net names will be printed for floating instance ports. To prevent 
them from being printed, set simVerilogProcessNullPorts = t either in CIW or 
the .simrc file.
 
INFO (VLOGNET-64): All cellviews in the design will be printed in the Netlist Configuration list. 
If you want to print only those cellviews that need to be re-netlisted in the 
list, set simVerilogIncrementalNetlistConfigList = t either in CIW or the 
.simrc file.
 
INFO (VLOGNET-68): The initial state of stimulus of all inout pins is set to "z". To get inout 
pins with initial state of "0", set hnlVerilogIOInitStimulusStr = "0" 
either in CIW or the .simrc file.
 
INFO (AMS-2150): Generating the 'changedVarsSummary' file in the 'netlist' directory. This file prints the values of the netlister control variables, which are different from their default values. To disable the file creation, type 'envSetVal("ams.netlisterOpts" "print_control_vars" 'boolean nil )' in the '.cdsinit' file.
INFO (VLOGNET-117): Re-netlisting the entire design.

INFO (VLOGNET-118): Using connection by name (explicit connections) for all stopping and 
non-stopping cells.
 
WARNING (VLOGNET-110): The cell 'IL2239_SAR_ADC/SAR4_ADC_sim/schematic' has no ports. Make sure that this was the intended 
design.
 
INFO (VLOGNET-126): ---------- Beginning netlist configuration information ----------



CELL NAME                   VIEW NAME            NOTE             
---------                   ---------            ----             

relay                       verilogams           *Stopping View*  
cap                         spectre              *Stopping View*  
pel                         spectre              *Stopping View*  
nel                         spectre              *Stopping View*  
vdc                         spectre              *Stopping View*  
vsource                     spectre              *Stopping View*  
comp_v2                     verilogams           *Stopping View*  
SAR4                        verilogams           *Stopping View*  
SAR4_ADC_sim                schematic                             
bufferX2                    schematic                             
DAC4_SH                     schematic                             
inverterX2                  schematic                             

---------- End of netlist configuration information   ----------
function ansCdlCompPrim redefined
function ansCdlCompPrim redefined
function ansCdlCompPrim redefined
Initializing the control file using cp:
    cp /pkg/cadence/installs/IC618/tools.lnx86/dfII/etc/si/control.spectre /home/ykhuang/research/Sim/IL2239_SAR_ADC/SAR4_ADC_sim/adexl/results/data/Interactive.14/1/IL2239_SAR_ADC:SAR4_ADC_sim:1/netlist/analog/control
Copying Spectre source file 'spectre.inp'
Copying Spectre command file 'spectre.sim'
Running netlist assembly..
........
End netlisting Apr 14 23:09:49 2021
INFO (AMS-1241): AMS UNL netlisting has completed successfully.
To view the modules, right-click the test name on the Tests and Analyses 
assistant pane and choose Netlist->Display menu option.
      ...successful.
create cds_globals...
      ...successful.
compose simulator input file...
      ...successful.

*Info*    Running simulation on testbench [
          IL2239_SAR_ADC:SAR4_ADC_sim:1 ] for Point ID (2 1).

Delete simulation data in /home/ykhuang/research/Sim/IL2239_SAR_ADC/SAR4_ADC_sim/adexl/results/data/Interactive.14/1/IL2239_SAR_ADC:SAR4_ADC_sim:1/psf.
create cds_globals...
      ...successful.
compose simulator input file...
      ...successful.
validating simulator hierarchy...
      ...successful.
running...
To check for output from compilation, elaboration and simulation run, 
right-click on the test name, result name, or any value in the "Results" 
tab of the Outputs section and choose "Output Log" menu option.
INFO (ADE-3071): Simulation completed successfully.
reading simulation data...
      ...successful.
*Info*    Client has finished evaluating ... 


*Info*    Run complete for Point ID (2 1) on testbench [
          IL2239_SAR_ADC:SAR4_ADC_sim:1 ].





Simulation design variables differ from those on the cellView,
they have been saved in the file "/tmp/saved-design-variables1".
To save future changes, copy variables to cellView before exiting.
