\# Program start time:     UTC 2021.02.23 10:52:34.622
\# Local time: CET (UTC+01:00) 2021.02.23 11:52:34.622
\o Program:		@(#)$CDS: virtuoso version 6.1.8-64b 10/08/2019 20:07 (sjfhw316) $
\o Hierarchy:		/pkg/cadence/installs/IC618/tools.lnx86/dfII/
\o Sub version:		sub-version  IC6.1.8-64b.500.7  (64-bit addresses)
\# Command line:	/pkg/cadence/installs/IC618/tools.lnx86/dfII/bin/64bit/virtuoso -noautostart -mpssession virtuoso26546 -mpshost s2424 -davinciService DaVinciService_26546_1614072189 -log /home/ykhuang/research/logs_ykhuang/logs0/Job8.log -licenseLockFileName /home/ykhuang/research/.tmp_ykhuang/.s2424_26546 -interactiveA -interactiveE -interactiveRTT -nostdin -nograph -axlChildIdFlag 8
\# Host name (type):	s2424 (x86_64)
\# Operating system:	Linux 3.10.0-1160.6.1.el7.x86_64 #1 SMP Tue Nov 17 13:59:11 UTC 2020
\# Linux /etc/issue:	\S
\# Linux /etc/issue:	Kernel \r on an \m
\# X display name (WxH):	:95 (1024x868)
\# Available geometry:			TL(0:0) BR(1023:867)
\# X server:			RealVNC Ltd (VNC nograph server, PID 10887)
\# Depth of Visual (Root):	16 (16)
\# Number of Planes Used:	16
\# X version:		11.0 (vendor release 3370)
\# X resource pool:	base 0x800000, mask 0x3fffff (4194303), shift 0
\# 			current id 0x0, current max 0x3ffffa (4194298)
\# Max data seg size:	     unlimited
\# Max process size:	     unlimited
\# Initial sbrk value:	        533 MB
\# Available memory:	     82,028 MB
\# System memory:	     96,361 MB
\# Maximum memory size:	     95,985 MB
\# Max mem available:	     82,185 MB
\# Initial memory used:	        157 MB
\#        process size:	      1,382 MB
\# Thread usage limits (effective/default):	maxthreads 4096/4096 maxload 32.00/32.00
\# Qt version:		5.9.1
\# Window Manager:	other
\# User Name:		ykhuang
\o Working Directory:	s2424:/home/ykhuang/research
\# Process Id:		10896
\o 
\o COPYRIGHT (C) 1992-2019  CADENCE DESIGN SYSTEMS INC.  ALL RIGHTS RESERVED.
\o           (C) 1992-2019  UNIX SYSTEMS Laboratories INC.,
\o                          Reproduced with permission.
\o 
\o This Cadence Design Systems program and online documentation are
\o proprietary/confidential information and may be disclosed/used only
\o as authorized in a license agreement controlling such use and disclosure.
\o 
\o           RESTRICTED RIGHTS NOTICE (SHORT FORM)
\o Use/reproduction/disclosure is subject to restriction
\o set forth at FAR 1252.227-19 or its equivalent.
\o Loading geView.cxt 
\o Loading menuBuilder.cxt 
\o Loading schView.cxt 
\o Loading selectSv.cxt 
\o Loading wireEdit.cxt 
\o Loading pte2.cxt 
\o Loading xlUI.cxt 
\o Loading auCore.cxt 
\o Loading vhdl.cxt 
\o Loading seismic.cxt 
\o Loading ci.cxt 
\o Loading layers.cxt 
\o Loading ams.cxt 
\o Loading oasis.cxt 
\o Loading analog.cxt 
\o Loading asimenv.cxt 
\o Loading dal.cxt 
\o Loading awv.cxt 
\o Loading socket.cxt 
\o Loading par.cxt 
\o Loading alvs.cxt 
\o Loading caa.cxt 
\o Loading amps.cxt 
\o Loading adexlCore.cxt 
\# Memory report: using         285 MB, process size 1,589 MB at UTC 2021.02.23 10:52:36.063
\o Loading adexl.cxt 
\o *Info*    Exporting services from client ... 
\o 
\o Loading cli.cxt 
\o Loading cle.cxt 
\o INFO (ELI-00302) Connecting to parent process (session=virtuoso26546, host=s2424). ICRP is turned on. Total timeout is 180 seconds. Connection timeout is 90 seconds.
\o INFO (ELI-00303) Step 1: Connecting to parent. Time spent is 0 seconds.
\o INFO (ELI-00304) The registration of the child 10896 within 90 seconds is being processed...
\o INFO (ELI-00305) The result of registration is true. Time spent is 0 seconds.
\o INFO (ELI-00308) The connection has ended. Result is true. Total time spent is 0 seconds.
\o Loading .cdsinit for the XH018 X-Fab XKit.
\o     LOAD xh018_1143 SPECIFIC CALL-BACK ROUTINES
\o     LOAD ALL AVAILABLE P-CELL FUNCTIONS
\o ** Info: PDK loadpath is "./.xkit/setup/xh018/cadence/PDK"
\o Loading XfPcellCore.cxt
\o Loading XfSktTools.cxt
\o Loading XfTechXh018.cxt
\o nil
\o Initializing library.
\o Finished Initializing Library .
\o     Generic PcellKit: 'production' loaded.
\o     Generic Pcell Skill Tools: 'production' loaded.
\o Loading Circuit Prospector Setup (XfCircuitProspSetup.il)
\o "XfDtbSkill package succesfully loaded."
\o     Generic Dcells Tool Box: 'Dcells_Toolbox_v1.2.0' loaded.
\o     LOAD THE ENVIRONMENT FILE
\o  --> Setting the required PDK definitions...
\o     GDSII LAYER MAPPING FILE = "./.xkit/setup/xh018/cadence/PDK/TECH_XH018_1143/strmInOut.layertable"
\o     GDSII OBJECT MAPPING FILE = "./.xkit/setup/xh018/cadence/PDK/TECH_XH018_1143/strmOutObjects.map"
\o Use model setup from PDK...
\o Loading spectrei.cxt 
\o Loading devCheck.cxt 
\o Loading relXpert.cxt 
\o Loading vdsil.cxt 
\# Memory report: using         411 MB, process size 1,708 MB at UTC 2021.02.23 10:52:38.042
\o Loading hspiceD.cxt 
\o Loading spectreinl.cxt 
\o Loading UltraSim.cxt 
\o Loading msgHandler.cxt 
\o Loading AMSOSS.cxt 
\o Loading AMS.cxt 
\o  --> Finished setting the required PDK definitions
\o  --> Setting the recommended EDA tool defaults...
\o  --> Finished setting the recommended EDA tool defaults
\o     LOAD DEFAULT BINDKEYS
\o Loading viva.cxt 
\o *Info*    Client has finished starting ... 
\o 
\p > 
\a _treeSetOpcGUI(t)
\r t
\o     LOAD GENERIC "X-KIT" SKILL CONTEXT "./.xkit/setup/x_all/cadence/xenv/skill/context6/xkit.cxt" 
\o  - Menu "XKit Utilities" installed to CIW.
\o     LOAD ".cdsinit_personal" FILE FROM THE WORKING DIRECTORY.
\o     INFO: To customize this setup, please use the following environment variables:
\o           CUSTOM_SCRIPT_PATH - should point to the master shell or perl script
\o                              e.g.:
\o                              setenv CUSTOM_SCRIPT_PATH /path/to/my/script/LoadMyScripts.csh
\o           CUSTOM_SKILL_PATH - should point to your master skill load file
\o                              e.g.:
\o                              setenv CUSTOM_SKILL_PATH /path/to/my/skill/LoadMySkills.il
\o  -> END LOAD ".cdsinit" FILE
\# Available memory:         81,806 MB at UTC 2021.02.23 10:52:45.306
\# Memory report: Maximum memory size now 82,245 MB at UTC 2021.02.23 10:52:45.306
\# Thread usage report: 33 active threads, active load 1.00 at UTC 2021.02.23 10:52:45.306
\o Job 8 timed out after no activity in 300 seconds.
\o Loading simui.cxt 
\o 
\o *Info*    Received signal SIGTERM.
\o 
\o 
