TOOL:	xrun(64)	18.03-s018: Started on May 13, 2021 at 15:52:32 CEST
xrun
	-f /home/ykhuang/research/Sim/Sim_StimulusArtifact/ams/config/netlist/.mapi/mapi_run.args
		-64bit
		-compile
		-NOCOPYRIGHT
		-nostdout
		-nowarn DLNOHV
		-logfile /home/ykhuang/research/Sim/Sim_StimulusArtifact/ams/config/netlist/.mapi/mapirun.log
		-nowarn DLNOHV
		-nowarn DLCLAP
		-v93
		-allowredefinition
		-incdir /home/ykhuang/research/
		-nclibdirpath /home/ykhuang/research/Sim/Sim_StimulusArtifact/ams/config/netlist/.mapi/
		-cdslib /home/ykhuang/research/Sim/Sim_StimulusArtifact/ams/config/netlist/.mapi/cds.lib
		-amscompilefile "file:/home/ykhuang/research/Stimulator_IMP/Digital_Stimulus_V2_ST/functional/verilog.v lib:Stimulator_IMP cell:Digital_Stimulus_V2_ST view:functional"
		-amscompilefile "file:/home/ykhuang/research/EMG_Model/IA_EMG_Ideal/verilogams/verilog.vams lib:EMG_Model cell:IA_EMG_Ideal view:verilogams"
		-amscompilefile "file:/home/ykhuang/research/EMG_Model/PGA_EMG/verilogams/verilog.vams lib:EMG_Model cell:PGA_EMG view:verilogams"
		-amscompilefile "file:/home/ykhuang/research/EMG_Model/BPF_EMG/verilogams/verilog.vams lib:EMG_Model cell:BPF_EMG view:verilogams"
		-amscompilefile "file:/home/ykhuang/research/Stimulator_IMP/Decoder3_8/functional/verilog.v lib:Stimulator_IMP cell:Decoder3_8 view:functional"
		/home/ykhuang/research/Sim/Sim_StimulusArtifact/ams/config/netlist/.mapi//dummyMapi.vams
		/home/ykhuang/research/Sim/Sim_StimulusArtifact/ams/config/netlist/.mapi//dummyMapi.vhms
xrun: *W,OPDEPRREN: Command Line Option (-nclibdirpath) is deprecated. Use (-xmlibdirpath) instead.
file: /home/ykhuang/research/Sim/Sim_StimulusArtifact/ams/config/netlist/.mapi//dummyMapi.vams
file: /home/ykhuang/research/Stimulator_IMP/Digital_Stimulus_V2_ST/functional/verilog.v
	module Stimulator_IMP.Digital_Stimulus_V2_ST:functional
		errors: 0, warnings: 0
file: /home/ykhuang/research/EMG_Model/IA_EMG_Ideal/verilogams/verilog.vams
	module EMG_Model.IA_EMG_Ideal:verilogams
		errors: 0, warnings: 0
file: /home/ykhuang/research/EMG_Model/PGA_EMG/verilogams/verilog.vams
	module EMG_Model.PGA_EMG:verilogams
		errors: 0, warnings: 0
file: /home/ykhuang/research/EMG_Model/BPF_EMG/verilogams/verilog.vams
	module EMG_Model.BPF_EMG:verilogams
		errors: 0, warnings: 0
file: /home/ykhuang/research/Stimulator_IMP/Decoder3_8/functional/verilog.v
	module Stimulator_IMP.Decoder3_8:functional
		errors: 0, warnings: 0
xmvlog: *W,SPDUSD: Include directory /home/ykhuang/research/ given but not used.
	Total errors/warnings found outside modules and primitives:
		errors: 0, warnings: 1
TOOL:	xrun(64)	18.03-s018: Exiting on May 13, 2021 at 15:52:35 CEST  (total: 00:00:03)
