TOOL:	xrun(64)	18.03-s018: Started on Apr 14, 2021 at 22:40:31 CEST
xrun
	-f /home/ykhuang/research/Sim/IL2239_SAR_ADC/SAR4_ADC_sim/adexl/results/data/Interactive.12/1/IL2239_SAR_ADC:SAR4_ADC_sim:1/netlist/.mapi/mapi_run.args
		-64bit
		-compile
		-NOCOPYRIGHT
		-nostdout
		-nowarn DLNOHV
		-logfile /home/ykhuang/research/Sim/IL2239_SAR_ADC/SAR4_ADC_sim/adexl/results/data/Interactive.12/1/IL2239_SAR_ADC:SAR4_ADC_sim:1/netlist/.mapi/mapirun.log
		-nowarn DLNOHV
		-nowarn DLCLAP
		-v93
		-allowredefinition
		-incdir /home/ykhuang/research/
		-nclibdirpath /home/ykhuang/research/Sim/IL2239_SAR_ADC/SAR4_ADC_sim/adexl/results/data/Interactive.12/1/IL2239_SAR_ADC:SAR4_ADC_sim:1/netlist/.mapi/
		-cdslib /home/ykhuang/research/Sim/IL2239_SAR_ADC/SAR4_ADC_sim/adexl/results/data/Interactive.12/1/IL2239_SAR_ADC:SAR4_ADC_sim:1/netlist/.mapi/cds.lib
		-amscompilefile "file:/home/ykhuang/research/IL2239_SAR_ADC/SAR4/verilogams/verilog.vams lib:IL2239_SAR_ADC cell:SAR4 view:verilogams"
		-amscompilefile "file:/home/ykhuang/research/IL2239_SAR_ADC/comp_v2/verilogams/verilog.vams lib:IL2239_SAR_ADC cell:comp_v2 view:verilogams"
		-amscompilefile "file:/home/ykhuang/research/IL2239_SAR_ADC/relay/verilogams/verilog.vams lib:IL2239_SAR_ADC cell:relay view:verilogams"
		/home/ykhuang/research/Sim/IL2239_SAR_ADC/SAR4_ADC_sim/adexl/results/data/Interactive.12/1/IL2239_SAR_ADC:SAR4_ADC_sim:1/netlist/.mapi//dummyMapi.vams
		/home/ykhuang/research/Sim/IL2239_SAR_ADC/SAR4_ADC_sim/adexl/results/data/Interactive.12/1/IL2239_SAR_ADC:SAR4_ADC_sim:1/netlist/.mapi//dummyMapi.vhms
xrun: *W,OPDEPRREN: Command Line Option (-nclibdirpath) is deprecated. Use (-xmlibdirpath) instead.
file: /home/ykhuang/research/Sim/IL2239_SAR_ADC/SAR4_ADC_sim/adexl/results/data/Interactive.12/1/IL2239_SAR_ADC:SAR4_ADC_sim:1/netlist/.mapi//dummyMapi.vams
file: /home/ykhuang/research/IL2239_SAR_ADC/SAR4/verilogams/verilog.vams
	module IL2239_SAR_ADC.SAR4:verilogams
		errors: 0, warnings: 0
file: /home/ykhuang/research/IL2239_SAR_ADC/comp_v2/verilogams/verilog.vams
	module IL2239_SAR_ADC.comp_v2:verilogams
		errors: 0, warnings: 0
file: /home/ykhuang/research/IL2239_SAR_ADC/relay/verilogams/verilog.vams
	module IL2239_SAR_ADC.relay:verilogams
		errors: 0, warnings: 0
xmvlog: *W,SPDUSD: Include directory /home/ykhuang/research/ given but not used.
	Total errors/warnings found outside modules and primitives:
		errors: 0, warnings: 1
TOOL:	xrun(64)	18.03-s018: Exiting on Apr 14, 2021 at 22:40:33 CEST  (total: 00:00:02)
