xmvlog(64): 18.03-s018: (c) Copyright 1995-2019 Cadence Design Systems, Inc.
TOOL:	xmvlog(64)	18.03-s018: Started on Jan 21, 2021 at 14:13:37 CET
xmvlog
    -use5x
    -SPECIFICUNIT CH_Sel_MUX
    -zparse /tmp/vamsZparoh5305
    -NOWARN DLNOHV
    -work Stimulator_Model
    -view verilogams
    -nostdout
    -logfile /home/ykhuang/research/.cadence/dfII/TextSupport/Logs/Parser/verilogams/Stimulator_Model/verilogams/compile5.log
    -messages
    -ams
    -cdslib /home/ykhuang/research/cds.lib
    /home/ykhuang/research/Stimulator_Model/CH_Sel_MUX/verilogams/verilog.vams

file: /home/ykhuang/research/Stimulator_Model/CH_Sel_MUX/verilogams/verilog.vams
	module Stimulator_Model.CH_Sel_MUX:verilogams
		errors: 0, warnings: 0
	 writing out DPL output:
TOOL:	xmvlog(64)	18.03-s018: Exiting on Jan 21, 2021 at 14:13:37 CET  (total: 00:00:00)
