xmvlog(64): 18.03-s018: (c) Copyright 1995-2019 Cadence Design Systems, Inc.
TOOL:	xmvlog(64)	18.03-s018: Started on Feb 22, 2021 at 15:42:59 CET
xmvlog
    -use5x
    -SPECIFICUNIT Current_Source
    -zparse /tmp/vamsZparqdb799
    -NOWARN DLNOHV
    -work Stimulator_Model
    -view verilogams
    -nostdout
    -logfile /home/ykhuang/research/.cadence/dfII/TextSupport/Logs/Parser/verilogams/Stimulator_Model/verilogams/compile0.log
    -messages
    -ams
    -cdslib /home/ykhuang/research/cds.lib
    /home/ykhuang/research/Stimulator_Model/Current_Source/verilogams/verilog.vams

file: /home/ykhuang/research/Stimulator_Model/Current_Source/verilogams/verilog.vams
	module Stimulator_Model.Current_Source:verilogams
		errors: 0, warnings: 0
	 writing out DPL output:
TOOL:	xmvlog(64)	18.03-s018: Exiting on Feb 22, 2021 at 15:42:59 CET  (total: 00:00:00)
