TOOL:	xrun(64)	18.03-s018: Started on Apr 01, 2021 at 15:17:39 CEST
xrun
	-f /home/ykhuang/research/Sim/TB_Decoder3_8/ams/config/netlist/.mapi/mapi_run.args
		-64bit
		-compile
		-NOCOPYRIGHT
		-nostdout
		-nowarn DLNOHV
		-logfile /home/ykhuang/research/Sim/TB_Decoder3_8/ams/config/netlist/.mapi/mapirun.log
		-nowarn DLNOHV
		-nowarn DLCLAP
		-v93
		-allowredefinition
		-incdir /home/ykhuang/research/
		-nclibdirpath /home/ykhuang/research/Sim/TB_Decoder3_8/ams/config/netlist/.mapi/
		-cdslib /home/ykhuang/research/Sim/TB_Decoder3_8/ams/config/netlist/.mapi/cds.lib
		-amscompilefile "file:/home/ykhuang/research/Digital_Lib/Counter/functional/verilog.v lib:Digital_Lib cell:Counter view:functional"
		-amscompilefile "file:/home/ykhuang/research/Stimulator_IMP/Decoder3_8/functional/verilog.v lib:Stimulator_IMP cell:Decoder3_8 view:functional"
		/home/ykhuang/research/Sim/TB_Decoder3_8/ams/config/netlist/.mapi//dummyMapi.vams
		/home/ykhuang/research/Sim/TB_Decoder3_8/ams/config/netlist/.mapi//dummyMapi.vhms
xrun: *W,OPDEPRREN: Command Line Option (-nclibdirpath) is deprecated. Use (-xmlibdirpath) instead.
file: /home/ykhuang/research/Sim/TB_Decoder3_8/ams/config/netlist/.mapi//dummyMapi.vams
file: /home/ykhuang/research/Digital_Lib/Counter/functional/verilog.v
	module Digital_Lib.Counter:functional
		errors: 0, warnings: 0
file: /home/ykhuang/research/Stimulator_IMP/Decoder3_8/functional/verilog.v
	module Stimulator_IMP.Decoder3_8:functional
		errors: 0, warnings: 0
xmvlog: *W,SPDUSD: Include directory /home/ykhuang/research/ given but not used.
	Total errors/warnings found outside modules and primitives:
		errors: 0, warnings: 1
TOOL:	xrun(64)	18.03-s018: Exiting on Apr 01, 2021 at 15:17:42 CEST  (total: 00:00:03)
