********************************************************************************
Product   : Virtuoso(R) XStream Out
Program   : @(#)$CDS: strmout version 6.1.8-64b 10/08/2019 19:40 (ip-172-18-22-57) $
          : sub-version  IC6.1.8-64b.500.7 
Started at: 11-May-2021  15:34:31
User Name : ykhuang
Host Name : s2424
Directory : /home/ykhuang/research
CADENCE Design Systems, Inc.
********************************************************************************
Info: Cellview Rev Num:99,  Tech Rev Num:59

WARNING (XSTRM-20): Output Stream file '/home/ykhuang/research/PvsLVS/Idac_5bit_ST_V3/Idac_5bit_ST_V3.gds' already exists. It will be overwritten.
INFO (XSTRM-217): Reading the layer map file, /home/ykhuang/research/.xkit/setup/xh018/cadence/PDK/TECH_XH018_1143/strmInOut.layertable
INFO (XSTRM-217): Reading the object map file, /home/ykhuang/research/.xkit/setup/xh018/cadence/PDK/TECH_XH018_1143/strmOutObjects.map
INFO (XSTRM-162): You have not used the viaMap option. If the OpenAccess design has native oaVia instances, use the -viaMap option for preserving oaVia instances in a Stream Out - Stream In round trip. Using the -viaMap option improves performance and VM usage of applications using the Streamed-In design.  For details on the viaMap option, refer to the "Design Data Translator's Reference" guide for XStream.

Summary of Options :
library                                 Stimulator_IMP
strmFile                                /home/ykhuang/research/PvsLVS/Idac_5bit_ST_V3/Idac_5bit_ST_V3.gds
topCell                                 Idac_5bit_ST_V3
view                                    layout
runDir                                  /home/ykhuang/research/PvsLVS/Idac_5bit_ST_V3
logFile                                 /home/ykhuang/research/PvsLVS/Idac_5bit_ST_V3/PIPO1.LOG
techLib                                 TECH_XH018
hierDepth                               32
maxVertices                             2048
layerMap                                /home/ykhuang/research/.xkit/setup/xh018/cadence/PDK/TECH_XH018_1143/strmInOut.layertable
objectMap                                /home/ykhuang/research/.xkit/setup/xh018/cadence/PDK/TECH_XH018_1143/strmOutObjects.map
userSkillFile                           /home/ykhuang/research/PvsLVS/Idac_5bit_ST_V3/strmout.il
labelDepth                              32
case                                    Preserve
convertDot                              node
convertPin                              geometryAndText

INFO (XSTRM-223): 1. Translating stdVia TECH_XH018/VIA2_C/layout as STRUCTURE VIA2_C_CDNS_1.
INFO (XSTRM-223): 2. Translating stdVia TECH_XH018/VIA1_C/layout as STRUCTURE VIA1_C_CDNS_2.
INFO (XSTRM-223): 3. Translating stdVia TECH_XH018/VIA1_C/layout as STRUCTURE VIA1_C_CDNS_3.
INFO (XSTRM-223): 4. Translating stdVia TECH_XH018/VIA1_C/layout as STRUCTURE VIA1_C_CDNS_4.
INFO (XSTRM-223): 5. Translating stdVia TECH_XH018/VIA2_C/layout as STRUCTURE VIA2_C_CDNS_5.
INFO (XSTRM-223): 6. Translating stdVia TECH_XH018/VIA2_C/layout as STRUCTURE VIA2_C_CDNS_6.
INFO (XSTRM-223): 7. Translating stdVia TECH_XH018/P1_C/layout as STRUCTURE P1_C_CDNS_7.
INFO (XSTRM-223): 8. Translating stdVia TECH_XH018/VIA1_C/layout as STRUCTURE VIA1_C_CDNS_8.
INFO (XSTRM-223): 9. Translating stdVia TECH_XH018/VIA2_C/layout as STRUCTURE VIA2_C_CDNS_9.
INFO (XSTRM-223): 10. Translating stdVia TECH_XH018/VIA1_C/layout as STRUCTURE VIA1_C_CDNS_10.
INFO (XSTRM-223): 11. Translating stdVia TECH_XH018/VIA1_C/layout as STRUCTURE VIA1_C_CDNS_11.
INFO (XSTRM-223): 12. Translating stdVia TECH_XH018/VIA2_C/layout as STRUCTURE VIA2_C_CDNS_12.
INFO (XSTRM-223): 13. Translating stdVia TECH_XH018/VIA2_C/layout as STRUCTURE VIA2_C_CDNS_13.
INFO (XSTRM-223): 14. Translating cellView PRIMLIB/pe3/layout as STRUCTURE pe3_CDNS_14.
INFO (XSTRM-223): 15. Translating cellView PRIMLIB/pe3/layout as STRUCTURE pe3_CDNS_15.
INFO (XSTRM-223): 16. Translating cellView Stimulator_IMP/Idac_5bit_ST_V3/layout as STRUCTURE Idac_5bit_ST_V3.
WARNING (XSTRM-35): The objects in the layer-purpose pair 'MET2:pin' are ignored. This is because the layer-purpose pair used in the design is not specified in the layer map file. Specify the layer-purpose pair in the layer map file and try again.
WARNING (XSTRM-154): The object map file does not contain any mapping for the OpenAccess object 'Marker' and the sub-object 'annotation'. Therefore, these objects in the design will not be translated. To enable the translation of these objects in the Stream file, provide a valid mapping in the object map file. For details on the format of object map file, refer to the "Design Data Translator's Reference" guide for XStream.

Summary of Objects Translated:
	Scalar Instances:                       269
	Array Instances:                        0
	Polygons:                               0
	Paths:                                  50
	Rectangles:                             3300
	Lines:                                  0
	Arcs:                                   0
	Donuts:                                 0
	Dots:                                   0
	Ellipses:                               0
	Boundaries:                             1
	Area Blockages:                         0
	Layer Blockages:                        0
	Area Halos:                             0
	Markers:                                0
	Rows:                                   0
	Standard Vias                           1140
	Custom Vias:                            0
	CdsGen Vias:                            0
	Pathsegs:                               1072
	Text:                                   2
	TextDisplay:                            8
	Cells:                                  16

Elapsed Time: 0.6s   User Time: 0.3s   CPU Time: 0.2s   Peak VM: 16344KB
INFO (XSTRM-234): Translation completed. '0' error(s) and '3' warning(s) found.
