ahdlcmicompile: Compiling ahdlcmi in xcelium.d/AMSD/ahdlSimDB/1483_research_EMG_202009_MUX_16_verilogams_verilog.vams.EMG_202009__MUX_16__verilogams__0x10000001_behavioral.ahdlcmi/Linux-64/ for Linux-64 with optimize using gcc on Tue Sep 29 00:13:24 CEST 2020 [5.0]
ahdlcmicompile: Generating makefile
PATH:  /pkg/cadence/installs/IC618/bin:/pkg/cadence/installs/IC618/tools/bin/64bit:/pkg/cadence/installs/IC618/tools/bin:/pkg/cadence/installs/IC618/share/oa/bin:/pkg/xfab/XKIT/x_all/cadence/xenv:/usr/lib64/qt-3.3/bin:/usr/local/bin:/usr/bin:/usr/local/sbin:/usr/sbin:/home/ykhuang/.local/bin:/home/ykhuang/bin:/pkg/cadence/installs/IC618/tools/dfII/bin:/pkg/cadence/installs/SPECTRE181/tools/bin:/pkg/cadence/installs/ASSURA41/tools/bin:/pkg/cadence/installs/ASSURA41/tools/assura/bin:/pkg/cadence/installs/EXT182/tools/bin:/pkg/cadence/installs/XCELIUM1803/tools/bin/64bit:/pkg/cadence/installs/XCELIUM1803/tools/bin:/pkg/cadence/installs/GENUS181/tools.lnx86/bin:/pkg/cadence/installs/INNOVUS181/tools/bin/64bit:/pkg/cadence/installs/INNOVUS181/tools/bin
LD_LIBRARY_PATH:  /pkg/cadence/installs/XCELIUM1803/tools/lib/64bit:/pkg/cadence/installs/XCELIUM1803/tools/lib/64bit/SuSE:/pkg/cadence/installs/IC618/tools/lib/64bit:/pkg/cadence/installs/IC618/tools/lib:/pkg/cadence/installs/IC618/tools/lib/64bit/RHEL/RHEL7:/pkg/cadence/installs/IC618/share/oa/lib/linux_rhel60_64/opt:/pkg/cadence/installs/IC618/tools/dfII/lib/64bit:/pkg/cadence/installs/IC618/tools/sev/lib/64bit:/pkg/cadence/installs/IC618/tools/hdf5/lib/64bit:/pkg/cadence/installs/IC618/tools/lz4/lib/64bit:/pkg/cadence/installs/XCELIUM1803/tools.lnx86/lib/64bit:/pkg/cadence/installs/IC618/tools/Qt/v5/64bit/lib
/pkg/cadence/installs/XCELIUM1803/tools.lnx86/spectre/ahdlcmi/bin/gnumake -j32 -f GNUmakefile
Cleaning ./obj/optimize/5.0
rm -f -rf ./obj/optimize/5.0
Compiling C file EMG_202009__MUX_16__verilogams__0x10000001_behavioral_func.c (optimize)
/pkg/cadence/installs/XCELIUM1803/tools.lnx86/spectre/ahdlcmi/bin/64bit/ahdlcc 0 /pkg/cadence/installs/XCELIUM1803/tools.lnx86/cdsgcc/gcc/4.8/bin/gcc  -march=k8 -ffast-math  -fno-unsafe-math-optimizations -O3 -m64 -DSYSV -DSVR4 -D_REENTRANT -fPIC   -DconfigSPECTRE -I. -I/pkg/cadence/installs/XCELIUM1803/tools.lnx86/spectre/ahdlcmi/include -c EMG_202009__MUX_16__verilogams__0x10000001_behavioral_func.c -o obj/optimize/5.0/EMG_202009__MUX_16__verilogams__0x10000001_behavioral_func.o || rm -f -f obj/optimize/5.0/EMG_202009__MUX_16__verilogams__0x10000001_behavioral_func.o
Compiling C file EMG_202009__MUX_16__verilogams__0x10000001_behavioral_DcFuncDerLoad.c (optimize)
Compiling C file EMG_202009__MUX_16__verilogams__0x10000001_behavioral_DcFuncLoad.c (optimize)
/pkg/cadence/installs/XCELIUM1803/tools.lnx86/spectre/ahdlcmi/bin/64bit/ahdlcc 0 /pkg/cadence/installs/XCELIUM1803/tools.lnx86/cdsgcc/gcc/4.8/bin/gcc  -march=k8 -ffast-math  -fno-unsafe-math-optimizations -O3 -m64 -DSYSV -DSVR4 -D_REENTRANT -fPIC   -DconfigSPECTRE -I. -I/pkg/cadence/installs/XCELIUM1803/tools.lnx86/spectre/ahdlcmi/include -c EMG_202009__MUX_16__verilogams__0x10000001_behavioral_DcFuncDerLoad.c -o obj/optimize/5.0/EMG_202009__MUX_16__verilogams__0x10000001_behavioral_DcFuncDerLoad.o || rm -f -f obj/optimize/5.0/EMG_202009__MUX_16__verilogams__0x10000001_behavioral_DcFuncDerLoad.o
/pkg/cadence/installs/XCELIUM1803/tools.lnx86/spectre/ahdlcmi/bin/64bit/ahdlcc 0 /pkg/cadence/installs/XCELIUM1803/tools.lnx86/cdsgcc/gcc/4.8/bin/gcc  -march=k8 -ffast-math  -fno-unsafe-math-optimizations -O3 -m64 -DSYSV -DSVR4 -D_REENTRANT -fPIC   -DconfigSPECTRE -I. -I/pkg/cadence/installs/XCELIUM1803/tools.lnx86/spectre/ahdlcmi/include -c EMG_202009__MUX_16__verilogams__0x10000001_behavioral_DcFuncLoad.c -o obj/optimize/5.0/EMG_202009__MUX_16__verilogams__0x10000001_behavioral_DcFuncLoad.o || rm -f -f obj/optimize/5.0/EMG_202009__MUX_16__verilogams__0x10000001_behavioral_DcFuncLoad.o
Compiling C file EMG_202009__MUX_16__verilogams__0x10000001_behavioral_TranFuncDerLoad.c (optimize)
/pkg/cadence/installs/XCELIUM1803/tools.lnx86/spectre/ahdlcmi/bin/64bit/ahdlcc 0 /pkg/cadence/installs/XCELIUM1803/tools.lnx86/cdsgcc/gcc/4.8/bin/gcc  -march=k8 -ffast-math  -fno-unsafe-math-optimizations -O3 -m64 -DSYSV -DSVR4 -D_REENTRANT -fPIC   -DconfigSPECTRE -I. -I/pkg/cadence/installs/XCELIUM1803/tools.lnx86/spectre/ahdlcmi/include -c EMG_202009__MUX_16__verilogams__0x10000001_behavioral_TranFuncDerLoad.c -o obj/optimize/5.0/EMG_202009__MUX_16__verilogams__0x10000001_behavioral_TranFuncDerLoad.o || rm -f -f obj/optimize/5.0/EMG_202009__MUX_16__verilogams__0x10000001_behavioral_TranFuncDerLoad.o
Compiling C file EMG_202009__MUX_16__verilogams__0x10000001_behavioral_cmi_c.c (optimize)
Compiling C file EMG_202009__MUX_16__verilogams__0x10000001_behavioral_TranFuncLoad.c (optimize)
/pkg/cadence/installs/XCELIUM1803/tools.lnx86/spectre/ahdlcmi/bin/64bit/ahdlcc 0 /pkg/cadence/installs/XCELIUM1803/tools.lnx86/cdsgcc/gcc/4.8/bin/gcc  -march=k8 -ffast-math  -fno-unsafe-math-optimizations -O3 -m64 -DSYSV -DSVR4 -D_REENTRANT -fPIC   -DconfigSPECTRE -I. -I/pkg/cadence/installs/XCELIUM1803/tools.lnx86/spectre/ahdlcmi/include -I/pkg/cadence/installs/XCELIUM1803/tools.lnx86/cmi/include -c EMG_202009__MUX_16__verilogams__0x10000001_behavioral_cmi_c.c -o obj/optimize/5.0/EMG_202009__MUX_16__verilogams__0x10000001_behavioral_cmi_c.o || rm -f -f obj/optimize/5.0/EMG_202009__MUX_16__verilogams__0x10000001_behavioral_cmi_c.o
/pkg/cadence/installs/XCELIUM1803/tools.lnx86/spectre/ahdlcmi/bin/64bit/ahdlcc 0 /pkg/cadence/installs/XCELIUM1803/tools.lnx86/cdsgcc/gcc/4.8/bin/gcc  -march=k8 -ffast-math  -fno-unsafe-math-optimizations -O3 -m64 -DSYSV -DSVR4 -D_REENTRANT -fPIC   -DconfigSPECTRE -I. -I/pkg/cadence/installs/XCELIUM1803/tools.lnx86/spectre/ahdlcmi/include -c EMG_202009__MUX_16__verilogams__0x10000001_behavioral_TranFuncLoad.c -o obj/optimize/5.0/EMG_202009__MUX_16__verilogams__0x10000001_behavioral_TranFuncLoad.o || rm -f -f obj/optimize/5.0/EMG_202009__MUX_16__verilogams__0x10000001_behavioral_TranFuncLoad.o
<stdin>: In function 'EMG_202009__MUX_16__verilogams__0x10000001_behavioral_TranFuncDerLoad':
<stdin>:443:4: warning: passing argument 1 of 'aslDevInterAddStaticElement' makes pointer from integer without a cast [enabled by default]
In file included from <stdin>:24:0:
/pkg/cadence/installs/XCELIUM1803/tools.lnx86/spectre/ahdlcmi/include/ahdlDevLibGlobal.h:2171:33: note: expected 'void *' but argument is of type 'long int'
 ASL_FUNC_DECL_START extern long aslDevInterAddStaticElement( void *, double, struct ahdlFuncModeParam * );
                                 ^
<stdin>:450:4: warning: passing argument 1 of 'aslDevInterAddStaticElement' makes pointer from integer without a cast [enabled by default]
In file included from <stdin>:24:0:
/pkg/cadence/installs/XCELIUM1803/tools.lnx86/spectre/ahdlcmi/include/ahdlDevLibGlobal.h:2171:33: note: expected 'void *' but argument is of type 'long int'
 ASL_FUNC_DECL_START extern long aslDevInterAddStaticElement( void *, double, struct ahdlFuncModeParam * );
                                 ^
<stdin>:451:40: warning: passing argument 1 of 'aslDevInterAddStaticElement' makes pointer from integer without a cast [enabled by default]
In file included from <stdin>:24:0:
/pkg/cadence/installs/XCELIUM1803/tools.lnx86/spectre/ahdlcmi/include/ahdlDevLibGlobal.h:2171:33: note: expected 'void *' but argument is of type 'long int'
 ASL_FUNC_DECL_START extern long aslDevInterAddStaticElement( void *, double, struct ahdlFuncModeParam * );
                                 ^
<stdin>:453:4: warning: passing argument 1 of 'aslDevInterAddStaticElement' makes pointer from integer without a cast [enabled by default]
In file included from <stdin>:24:0:
/pkg/cadence/installs/XCELIUM1803/tools.lnx86/spectre/ahdlcmi/include/ahdlDevLibGlobal.h:2171:33: note: expected 'void *' but argument is of type 'long int'
 ASL_FUNC_DECL_START extern long aslDevInterAddStaticElement( void *, double, struct ahdlFuncModeParam * );
                                 ^
<stdin>:454:40: warning: passing argument 1 of 'aslDevInterAddStaticElement' makes pointer from integer without a cast [enabled by default]
In file included from <stdin>:24:0:
/pkg/cadence/installs/XCELIUM1803/tools.lnx86/spectre/ahdlcmi/include/ahdlDevLibGlobal.h:2171:33: note: expected 'void *' but argument is of type 'long int'
 ASL_FUNC_DECL_START extern long aslDevInterAddStaticElement( void *, double, struct ahdlFuncModeParam * );
                                 ^
<stdin>:456:4: warning: passing argument 1 of 'aslDevInterAddStaticElement' makes pointer from integer without a cast [enabled by default]
In file included from <stdin>:24:0:
/pkg/cadence/installs/XCELIUM1803/tools.lnx86/spectre/ahdlcmi/include/ahdlDevLibGlobal.h:2171:33: note: expected 'void *' but argument is of type 'long int'
 ASL_FUNC_DECL_START extern long aslDevInterAddStaticElement( void *, double, struct ahdlFuncModeParam * );
                                 ^
<stdin>:457:40: warning: passing argument 1 of 'aslDevInterAddStaticElement' makes pointer from integer without a cast [enabled by default]
In file included from <stdin>:24:0:
/pkg/cadence/installs/XCELIUM1803/tools.lnx86/spectre/ahdlcmi/include/ahdlDevLibGlobal.h:2171:33: note: expected 'void *' but argument is of type 'long int'
 ASL_FUNC_DECL_START extern long aslDevInterAddStaticElement( void *, double, struct ahdlFuncModeParam * );
                                 ^
<stdin>:459:4: warning: passing argument 1 of 'aslDevInterAddStaticElement' makes pointer from integer without a cast [enabled by default]
In file included from <stdin>:24:0:
/pkg/cadence/installs/XCELIUM1803/tools.lnx86/spectre/ahdlcmi/include/ahdlDevLibGlobal.h:2171:33: note: expected 'void *' but argument is of type 'long int'
 ASL_FUNC_DECL_START extern long aslDevInterAddStaticElement( void *, double, struct ahdlFuncModeParam * );
                                 ^
<stdin>:460:40: warning: passing argument 1 of 'aslDevInterAddStaticElement' makes pointer from integer without a cast [enabled by default]
In file included from <stdin>:24:0:
/pkg/cadence/installs/XCELIUM1803/tools.lnx86/spectre/ahdlcmi/include/ahdlDevLibGlobal.h:2171:33: note: expected 'void *' but argument is of type 'long int'
 ASL_FUNC_DECL_START extern long aslDevInterAddStaticElement( void *, double, struct ahdlFuncModeParam * );
                                 ^
<stdin>:462:4: warning: passing argument 1 of 'aslDevInterAddStaticElement' makes pointer from integer without a cast [enabled by default]
In file included from <stdin>:24:0:
/pkg/cadence/installs/XCELIUM1803/tools.lnx86/spectre/ahdlcmi/include/ahdlDevLibGlobal.h:2171:33: note: expected 'void *' but argument is of type 'long int'
 ASL_FUNC_DECL_START extern long aslDevInterAddStaticElement( void *, double, struct ahdlFuncModeParam * );
                                 ^
<stdin>:463:40: warning: passing argument 1 of 'aslDevInterAddStaticElement' makes pointer from integer without a cast [enabled by default]
In file included from <stdin>:24:0:
/pkg/cadence/installs/XCELIUM1803/tools.lnx86/spectre/ahdlcmi/include/ahdlDevLibGlobal.h:2171:33: note: expected 'void *' but argument is of type 'long int'
 ASL_FUNC_DECL_START extern long aslDevInterAddStaticElement( void *, double, struct ahdlFuncModeParam * );
                                 ^
<stdin>:465:4: warning: passing argument 1 of 'aslDevInterAddStaticElement' makes pointer from integer without a cast [enabled by default]
In file included from <stdin>:24:0:
/pkg/cadence/installs/XCELIUM1803/tools.lnx86/spectre/ahdlcmi/include/ahdlDevLibGlobal.h:2171:33: note: expected 'void *' but argument is of type 'long int'
 ASL_FUNC_DECL_START extern long aslDevInterAddStaticElement( void *, double, struct ahdlFuncModeParam * );
                                 ^
<stdin>:466:40: warning: passing argument 1 of 'aslDevInterAddStaticElement' makes pointer from integer without a cast [enabled by default]
In file included from <stdin>:24:0:
/pkg/cadence/installs/XCELIUM1803/tools.lnx86/spectre/ahdlcmi/include/ahdlDevLibGlobal.h:2171:33: note: expected 'void *' but argument is of type 'long int'
 ASL_FUNC_DECL_START extern long aslDevInterAddStaticElement( void *, double, struct ahdlFuncModeParam * );
                                 ^
<stdin>: In function 'EMG_202009__MUX_16__verilogams__0x10000001_behavioral_DcFuncDerLoad':
<stdin>:443:4: warning: passing argument 1 of 'aslDevInterAddStaticElement' makes pointer from integer without a cast [enabled by default]
<stdin>:468:4: warning: passing argument 1 of 'aslDevInterAddStaticElement' makes pointer from integer without a cast [enabled by default]
In file included from <stdin>:24:0:
/pkg/cadence/installs/XCELIUM1803/tools.lnx86/spectre/ahdlcmi/include/ahdlDevLibGlobal.h:2171:33: note: expected 'void *' but argument is of type 'long int'
 ASL_FUNC_DECL_START extern long aslDevInterAddStaticElement( void *, double, struct ahdlFuncModeParam * );
                                 ^
<stdin>:469:40: warning: passing argument 1 of 'aslDevInterAddStaticElement' makes pointer from integer without a cast [enabled by default]
In file included from <stdin>:24:0:
/pkg/cadence/installs/XCELIUM1803/tools.lnx86/spectre/ahdlcmi/include/ahdlDevLibGlobal.h:2171:33: note: expected 'void *' but argument is of type 'long int'
 ASL_FUNC_DECL_START extern long aslDevInterAddStaticElement( void *, double, struct ahdlFuncModeParam * );
                                 ^
In file included from <stdin>:24:0:
/pkg/cadence/installs/XCELIUM1803/tools.lnx86/spectre/ahdlcmi/include/ahdlDevLibGlobal.h:2171:33: note: expected 'void *' but argument is of type 'long int'
 ASL_FUNC_DECL_START extern long aslDevInterAddStaticElement( void *, double, struct ahdlFuncModeParam * );
                                 ^
<stdin>:471:4: warning: passing argument 1 of 'aslDevInterAddStaticElement' makes pointer from integer without a cast [enabled by default]
<stdin>:450:4: warning: passing argument 1 of 'aslDevInterAddStaticElement' makes pointer from integer without a cast [enabled by default]
In file included from <stdin>:24:0:
/pkg/cadence/installs/XCELIUM1803/tools.lnx86/spectre/ahdlcmi/include/ahdlDevLibGlobal.h:2171:33: note: expected 'void *' but argument is of type 'long int'
 ASL_FUNC_DECL_START extern long aslDevInterAddStaticElement( void *, double, struct ahdlFuncModeParam * );
                                 ^
<stdin>:472:40: warning: passing argument 1 of 'aslDevInterAddStaticElement' makes pointer from integer without a cast [enabled by default]
In file included from <stdin>:24:0:
/pkg/cadence/installs/XCELIUM1803/tools.lnx86/spectre/ahdlcmi/include/ahdlDevLibGlobal.h:2171:33: note: expected 'void *' but argument is of type 'long int'
 ASL_FUNC_DECL_START extern long aslDevInterAddStaticElement( void *, double, struct ahdlFuncModeParam * );
                                 ^
<stdin>:474:4: warning: passing argument 1 of 'aslDevInterAddStaticElement' makes pointer from integer without a cast [enabled by default]
In file included from <stdin>:24:0:
/pkg/cadence/installs/XCELIUM1803/tools.lnx86/spectre/ahdlcmi/include/ahdlDevLibGlobal.h:2171:33: note: expected 'void *' but argument is of type 'long int'
 ASL_FUNC_DECL_START extern long aslDevInterAddStaticElement( void *, double, struct ahdlFuncModeParam * );
                                 ^
<stdin>:451:40: warning: passing argument 1 of 'aslDevInterAddStaticElement' makes pointer from integer without a cast [enabled by default]
In file included from <stdin>:24:0:
/pkg/cadence/installs/XCELIUM1803/tools.lnx86/spectre/ahdlcmi/include/ahdlDevLibGlobal.h:2171:33: note: expected 'void *' but argument is of type 'long int'
 ASL_FUNC_DECL_START extern long aslDevInterAddStaticElement( void *, double, struct ahdlFuncModeParam * );
                                 ^
<stdin>:475:40: warning: passing argument 1 of 'aslDevInterAddStaticElement' makes pointer from integer without a cast [enabled by default]
In file included from <stdin>:24:0:
/pkg/cadence/installs/XCELIUM1803/tools.lnx86/spectre/ahdlcmi/include/ahdlDevLibGlobal.h:2171:33: note: expected 'void *' but argument is of type 'long int'
 ASL_FUNC_DECL_START extern long aslDevInterAddStaticElement( void *, double, struct ahdlFuncModeParam * );
                                 ^
In file included from <stdin>:24:0:
/pkg/cadence/installs/XCELIUM1803/tools.lnx86/spectre/ahdlcmi/include/ahdlDevLibGlobal.h:2171:33: note: expected 'void *' but argument is of type 'long int'
 ASL_FUNC_DECL_START extern long aslDevInterAddStaticElement( void *, double, struct ahdlFuncModeParam * );
                                 ^
<stdin>:453:4: warning: passing argument 1 of 'aslDevInterAddStaticElement' makes pointer from integer without a cast [enabled by default]
<stdin>:477:4: warning: passing argument 1 of 'aslDevInterAddStaticElement' makes pointer from integer without a cast [enabled by default]
In file included from <stdin>:24:0:
/pkg/cadence/installs/XCELIUM1803/tools.lnx86/spectre/ahdlcmi/include/ahdlDevLibGlobal.h:2171:33: note: expected 'void *' but argument is of type 'long int'
 ASL_FUNC_DECL_START extern long aslDevInterAddStaticElement( void *, double, struct ahdlFuncModeParam * );
                                 ^
<stdin>:478:40: warning: passing argument 1 of 'aslDevInterAddStaticElement' makes pointer from integer without a cast [enabled by default]
In file included from <stdin>:24:0:
/pkg/cadence/installs/XCELIUM1803/tools.lnx86/spectre/ahdlcmi/include/ahdlDevLibGlobal.h:2171:33: note: expected 'void *' but argument is of type 'long int'
 ASL_FUNC_DECL_START extern long aslDevInterAddStaticElement( void *, double, struct ahdlFuncModeParam * );
                                 ^
<stdin>:454:40: warning: passing argument 1 of 'aslDevInterAddStaticElement' makes pointer from integer without a cast [enabled by default]
In file included from <stdin>:24:0:
/pkg/cadence/installs/XCELIUM1803/tools.lnx86/spectre/ahdlcmi/include/ahdlDevLibGlobal.h:2171:33: note: expected 'void *' but argument is of type 'long int'
 ASL_FUNC_DECL_START extern long aslDevInterAddStaticElement( void *, double, struct ahdlFuncModeParam * );
                                 ^
<stdin>:480:4: warning: passing argument 1 of 'aslDevInterAddStaticElement' makes pointer from integer without a cast [enabled by default]
In file included from <stdin>:24:0:
/pkg/cadence/installs/XCELIUM1803/tools.lnx86/spectre/ahdlcmi/include/ahdlDevLibGlobal.h:2171:33: note: expected 'void *' but argument is of type 'long int'
 ASL_FUNC_DECL_START extern long aslDevInterAddStaticElement( void *, double, struct ahdlFuncModeParam * );
                                 ^
<stdin>:481:40: warning: passing argument 1 of 'aslDevInterAddStaticElement' makes pointer from integer without a cast [enabled by default]
In file included from <stdin>:24:0:
/pkg/cadence/installs/XCELIUM1803/tools.lnx86/spectre/ahdlcmi/include/ahdlDevLibGlobal.h:2171:33: note: expected 'void *' but argument is of type 'long int'
 ASL_FUNC_DECL_START extern long aslDevInterAddStaticElement( void *, double, struct ahdlFuncModeParam * );
                                 ^
<stdin>:456:4: warning: passing argument 1 of 'aslDevInterAddStaticElement' makes pointer from integer without a cast [enabled by default]
In file included from <stdin>:24:0:
/pkg/cadence/installs/XCELIUM1803/tools.lnx86/spectre/ahdlcmi/include/ahdlDevLibGlobal.h:2171:33: note: expected 'void *' but argument is of type 'long int'
 ASL_FUNC_DECL_START extern long aslDevInterAddStaticElement( void *, double, struct ahdlFuncModeParam * );
                                 ^
<stdin>:483:4: warning: passing argument 1 of 'aslDevInterAddStaticElement' makes pointer from integer without a cast [enabled by default]
In file included from <stdin>:24:0:
/pkg/cadence/installs/XCELIUM1803/tools.lnx86/spectre/ahdlcmi/include/ahdlDevLibGlobal.h:2171:33: note: expected 'void *' but argument is of type 'long int'
 ASL_FUNC_DECL_START extern long aslDevInterAddStaticElement( void *, double, struct ahdlFuncModeParam * );
                                 ^
In file included from <stdin>:24:0:
/pkg/cadence/installs/XCELIUM1803/tools.lnx86/spectre/ahdlcmi/include/ahdlDevLibGlobal.h:2171:33: note: expected 'void *' but argument is of type 'long int'
 ASL_FUNC_DECL_START extern long aslDevInterAddStaticElement( void *, double, struct ahdlFuncModeParam * );
                                 ^
<stdin>:457:40: warning: passing argument 1 of 'aslDevInterAddStaticElement' makes pointer from integer without a cast [enabled by default]
<stdin>:484:40: warning: passing argument 1 of 'aslDevInterAddStaticElement' makes pointer from integer without a cast [enabled by default]
<stdin>: In function 'EMG_202009__MUX_16__verilogams__0x10000001_behavioral_DcFuncLoad':
<stdin>:411:4: warning: passing argument 1 of 'aslDevInterAddStaticElement' makes pointer from integer without a cast [enabled by default]
In file included from <stdin>:24:0:
/pkg/cadence/installs/XCELIUM1803/tools.lnx86/spectre/ahdlcmi/include/ahdlDevLibGlobal.h:2171:33: note: expected 'void *' but argument is of type 'long int'
 ASL_FUNC_DECL_START extern long aslDevInterAddStaticElement( void *, double, struct ahdlFuncModeParam * );
                                 ^
<stdin>:486:4: warning: passing argument 1 of 'aslDevInterAddStaticElement' makes pointer from integer without a cast [enabled by default]
In file included from <stdin>:24:0:
/pkg/cadence/installs/XCELIUM1803/tools.lnx86/spectre/ahdlcmi/include/ahdlDevLibGlobal.h:2171:33: note: expected 'void *' but argument is of type 'long int'
 ASL_FUNC_DECL_START extern long aslDevInterAddStaticElement( void *, double, struct ahdlFuncModeParam * );
                                 ^
In file included from <stdin>:24:0:
/pkg/cadence/installs/XCELIUM1803/tools.lnx86/spectre/ahdlcmi/include/ahdlDevLibGlobal.h:2171:33: note: expected 'void *' but argument is of type 'long int'
 ASL_FUNC_DECL_START extern long aslDevInterAddStaticElement( void *, double, struct ahdlFuncModeParam * );
                                 ^
<stdin>:459:4: warning: passing argument 1 of 'aslDevInterAddStaticElement' makes pointer from integer without a cast [enabled by default]
In file included from <stdin>:24:0:
/pkg/cadence/installs/XCELIUM1803/tools.lnx86/spectre/ahdlcmi/include/ahdlDevLibGlobal.h:2171:33: note: expected 'void *' but argument is of type 'long int'
 ASL_FUNC_DECL_START extern long aslDevInterAddStaticElement( void *, double, struct ahdlFuncModeParam * );
                                 ^
<stdin>:487:40: warning: passing argument 1 of 'aslDevInterAddStaticElement' makes pointer from integer without a cast [enabled by default]
In file included from <stdin>:24:0:
/pkg/cadence/installs/XCELIUM1803/tools.lnx86/spectre/ahdlcmi/include/ahdlDevLibGlobal.h:2171:33: note: expected 'void *' but argument is of type 'long int'
 ASL_FUNC_DECL_START extern long aslDevInterAddStaticElement( void *, double, struct ahdlFuncModeParam * );
                                 ^
<stdin>:489:4: warning: passing argument 1 of 'aslDevInterAddStaticElement' makes pointer from integer without a cast [enabled by default]
In file included from <stdin>:24:0:
/pkg/cadence/installs/XCELIUM1803/tools.lnx86/spectre/ahdlcmi/include/ahdlDevLibGlobal.h:2171:33: note: expected 'void *' but argument is of type 'long int'
 ASL_FUNC_DECL_START extern long aslDevInterAddStaticElement( void *, double, struct ahdlFuncModeParam * );
                                 ^
<stdin>:460:40: warning: passing argument 1 of 'aslDevInterAddStaticElement' makes pointer from integer without a cast [enabled by default]
In file included from <stdin>:24:0:
/pkg/cadence/installs/XCELIUM1803/tools.lnx86/spectre/ahdlcmi/include/ahdlDevLibGlobal.h:2171:33: note: expected 'void *' but argument is of type 'long int'
 ASL_FUNC_DECL_START extern long aslDevInterAddStaticElement( void *, double, struct ahdlFuncModeParam * );
                                 ^
<stdin>:490:40: warning: passing argument 1 of 'aslDevInterAddStaticElement' makes pointer from integer without a cast [enabled by default]
In file included from <stdin>:24:0:
/pkg/cadence/installs/XCELIUM1803/tools.lnx86/spectre/ahdlcmi/include/ahdlDevLibGlobal.h:2171:33: note: expected 'void *' but argument is of type 'long int'
 ASL_FUNC_DECL_START extern long aslDevInterAddStaticElement( void *, double, struct ahdlFuncModeParam * );
                                 ^
In file included from <stdin>:24:0:
/pkg/cadence/installs/XCELIUM1803/tools.lnx86/spectre/ahdlcmi/include/ahdlDevLibGlobal.h:2171:33: note: expected 'void *' but argument is of type 'long int'
 ASL_FUNC_DECL_START extern long aslDevInterAddStaticElement( void *, double, struct ahdlFuncModeParam * );
                                 ^
<stdin>:462:4: warning: passing argument 1 of 'aslDevInterAddStaticElement' makes pointer from integer without a cast [enabled by default]
<stdin>:492:4: warning: passing argument 1 of 'aslDevInterAddStaticElement' makes pointer from integer without a cast [enabled by default]
In file included from <stdin>:24:0:
/pkg/cadence/installs/XCELIUM1803/tools.lnx86/spectre/ahdlcmi/include/ahdlDevLibGlobal.h:2171:33: note: expected 'void *' but argument is of type 'long int'
 ASL_FUNC_DECL_START extern long aslDevInterAddStaticElement( void *, double, struct ahdlFuncModeParam * );
                                 ^
<stdin>:493:40: warning: passing argument 1 of 'aslDevInterAddStaticElement' makes pointer from integer without a cast [enabled by default]
In file included from <stdin>:24:0:
/pkg/cadence/installs/XCELIUM1803/tools.lnx86/spectre/ahdlcmi/include/ahdlDevLibGlobal.h:2171:33: note: expected 'void *' but argument is of type 'long int'
 ASL_FUNC_DECL_START extern long aslDevInterAddStaticElement( void *, double, struct ahdlFuncModeParam * );
                                 ^
<stdin>:463:40: warning: passing argument 1 of 'aslDevInterAddStaticElement' makes pointer from integer without a cast [enabled by default]
In file included from <stdin>:24:0:
/pkg/cadence/installs/XCELIUM1803/tools.lnx86/spectre/ahdlcmi/include/ahdlDevLibGlobal.h:2171:33: note: expected 'void *' but argument is of type 'long int'
 ASL_FUNC_DECL_START extern long aslDevInterAddStaticElement( void *, double, struct ahdlFuncModeParam * );
                                 ^
<stdin>:495:4: warning: passing argument 1 of 'aslDevInterAddStaticElement' makes pointer from integer without a cast [enabled by default]
In file included from <stdin>:24:0:
/pkg/cadence/installs/XCELIUM1803/tools.lnx86/spectre/ahdlcmi/include/ahdlDevLibGlobal.h:2171:33: note: expected 'void *' but argument is of type 'long int'
 ASL_FUNC_DECL_START extern long aslDevInterAddStaticElement( void *, double, struct ahdlFuncModeParam * );
                                 ^
<stdin>:496:40: warning: passing argument 1 of 'aslDevInterAddStaticElement' makes pointer from integer without a cast [enabled by default]
In file included from <stdin>:24:0:
/pkg/cadence/installs/XCELIUM1803/tools.lnx86/spectre/ahdlcmi/include/ahdlDevLibGlobal.h:2171:33: note: expected 'void *' but argument is of type 'long int'
 ASL_FUNC_DECL_START extern long aslDevInterAddStaticElement( void *, double, struct ahdlFuncModeParam * );
                                 ^
<stdin>:465:4: warning: passing argument 1 of 'aslDevInterAddStaticElement' makes pointer from integer without a cast [enabled by default]
In file included from <stdin>:24:0:
/pkg/cadence/installs/XCELIUM1803/tools.lnx86/spectre/ahdlcmi/include/ahdlDevLibGlobal.h:2171:33: note: expected 'void *' but argument is of type 'long int'
 ASL_FUNC_DECL_START extern long aslDevInterAddStaticElement( void *, double, struct ahdlFuncModeParam * );
                                 ^
In file included from <stdin>:24:0:
/pkg/cadence/installs/XCELIUM1803/tools.lnx86/spectre/ahdlcmi/include/ahdlDevLibGlobal.h:2171:33: note: expected 'void *' but argument is of type 'long int'
 ASL_FUNC_DECL_START extern long aslDevInterAddStaticElement( void *, double, struct ahdlFuncModeParam * );
                                 ^
<stdin>:466:40: warning: passing argument 1 of 'aslDevInterAddStaticElement' makes pointer from integer without a cast [enabled by default]
In file included from <stdin>:24:0:
/pkg/cadence/installs/XCELIUM1803/tools.lnx86/spectre/ahdlcmi/include/ahdlDevLibGlobal.h:2171:33: note: expected 'void *' but argument is of type 'long int'
 ASL_FUNC_DECL_START extern long aslDevInterAddStaticElement( void *, double, struct ahdlFuncModeParam * );
                                 ^
<stdin>:468:4: warning: passing argument 1 of 'aslDevInterAddStaticElement' makes pointer from integer without a cast [enabled by default]
In file included from <stdin>:24:0:
/pkg/cadence/installs/XCELIUM1803/tools.lnx86/spectre/ahdlcmi/include/ahdlDevLibGlobal.h:2171:33: note: expected 'void *' but argument is of type 'long int'
 ASL_FUNC_DECL_START extern long aslDevInterAddStaticElement( void *, double, struct ahdlFuncModeParam * );
                                 ^
<stdin>:469:40: warning: passing argument 1 of 'aslDevInterAddStaticElement' makes pointer from integer without a cast [enabled by default]
In file included from <stdin>:24:0:
/pkg/cadence/installs/XCELIUM1803/tools.lnx86/spectre/ahdlcmi/include/ahdlDevLibGlobal.h:2171:33: note: expected 'void *' but argument is of type 'long int'
 ASL_FUNC_DECL_START extern long aslDevInterAddStaticElement( void *, double, struct ahdlFuncModeParam * );
                                 ^
<stdin>:471:4: warning: passing argument 1 of 'aslDevInterAddStaticElement' makes pointer from integer without a cast [enabled by default]
<stdin>: In function 'EMG_202009__MUX_16__verilogams__0x10000001_behavioral_pDC_Load':
<stdin>:391:1054: warning: passing argument 1 of 'aslDevFillZeorDiagonalElemet' makes pointer from integer without a cast [enabled by default]
In file included from <stdin>:24:0:
/pkg/cadence/installs/XCELIUM1803/tools.lnx86/spectre/ahdlcmi/include/ahdlDevLibGlobal.h:2715:33: note: expected 'void *' but argument is of type 'long int'
 ASL_FUNC_DECL_START extern void aslDevFillZeorDiagonalElemet( void *, int, unsigned int, struct ahdlFuncModeParam * );
                                 ^
In file included from <stdin>:24:0:
/pkg/cadence/installs/XCELIUM1803/tools.lnx86/spectre/ahdlcmi/include/ahdlDevLibGlobal.h:2171:33: note: expected 'void *' but argument is of type 'long int'
 ASL_FUNC_DECL_START extern long aslDevInterAddStaticElement( void *, double, struct ahdlFuncModeParam * );
                                 ^
<stdin>:472:40: warning: passing argument 1 of 'aslDevInterAddStaticElement' makes pointer from integer without a cast [enabled by default]
In file included from <stdin>:24:0:
/pkg/cadence/installs/XCELIUM1803/tools.lnx86/spectre/ahdlcmi/include/ahdlDevLibGlobal.h:2171:33: note: expected 'void *' but argument is of type 'long int'
 ASL_FUNC_DECL_START extern long aslDevInterAddStaticElement( void *, double, struct ahdlFuncModeParam * );
                                 ^
<stdin>:474:4: warning: passing argument 1 of 'aslDevInterAddStaticElement' makes pointer from integer without a cast [enabled by default]
In file included from <stdin>:24:0:
/pkg/cadence/installs/XCELIUM1803/tools.lnx86/spectre/ahdlcmi/include/ahdlDevLibGlobal.h:2171:33: note: expected 'void *' but argument is of type 'long int'
 ASL_FUNC_DECL_START extern long aslDevInterAddStaticElement( void *, double, struct ahdlFuncModeParam * );
                                 ^
<stdin>:475:40: warning: passing argument 1 of 'aslDevInterAddStaticElement' makes pointer from integer without a cast [enabled by default]
In file included from <stdin>:24:0:
/pkg/cadence/installs/XCELIUM1803/tools.lnx86/spectre/ahdlcmi/include/ahdlDevLibGlobal.h:2171:33: note: expected 'void *' but argument is of type 'long int'
 ASL_FUNC_DECL_START extern long aslDevInterAddStaticElement( void *, double, struct ahdlFuncModeParam * );
                                 ^
<stdin>:477:4: warning: passing argument 1 of 'aslDevInterAddStaticElement' makes pointer from integer without a cast [enabled by default]
<stdin>: In function 'EMG_202009__MUX_16__verilogams__0x10000001_behavioral_pCompare':
<stdin>:430:4735: warning: assignment makes integer from pointer without a cast [enabled by default]
In file included from <stdin>:24:0:
/pkg/cadence/installs/XCELIUM1803/tools.lnx86/spectre/ahdlcmi/include/ahdlDevLibGlobal.h:2171:33: note: expected 'void *' but argument is of type 'long int'
 ASL_FUNC_DECL_START extern long aslDevInterAddStaticElement( void *, double, struct ahdlFuncModeParam * );
                                 ^
<stdin>:430:1207: warning: passing argument 1 of 'memcpy' makes pointer from integer without a cast [enabled by default]
<stdin>:478:40: warning: passing argument 1 of 'aslDevInterAddStaticElement' makes pointer from integer without a cast [enabled by default]
In file included from /pkg/cadence/installs/XCELIUM1803/tools.lnx86/spectre/ahdlcmi/include/ahdlPiCmi.h:5:0,
                 from /pkg/cadence/installs/XCELIUM1803/tools.lnx86/spectre/ahdlcmi/include/ahdlDevLibGlobal.h:83,
                 from <stdin>:24:
/usr/include/string.h:42:14: note: expected 'void * __restrict__' but argument is of type 'long int'
 extern void *memcpy (void *__restrict __dest, const void *__restrict __src,
              ^
<stdin>:430:1207: warning: passing argument 2 of 'memcpy' makes pointer from integer without a cast [enabled by default]
In file included from /pkg/cadence/installs/XCELIUM1803/tools.lnx86/spectre/ahdlcmi/include/ahdlPiCmi.h:5:0,
                 from /pkg/cadence/installs/XCELIUM1803/tools.lnx86/spectre/ahdlcmi/include/ahdlDevLibGlobal.h:83,
                 from <stdin>:24:
/usr/include/string.h:42:14: note: expected 'const void * __restrict__' but argument is of type 'long int'
 extern void *memcpy (void *__restrict __dest, const void *__restrict __src,
              ^
<stdin>:430:4982: warning: assignment makes integer from pointer without a cast [enabled by default]
In file included from <stdin>:24:0:
/pkg/cadence/installs/XCELIUM1803/tools.lnx86/spectre/ahdlcmi/include/ahdlDevLibGlobal.h:2171:33: note: expected 'void *' but argument is of type 'long int'
 ASL_FUNC_DECL_START extern long aslDevInterAddStaticElement( void *, double, struct ahdlFuncModeParam * );
                                 ^
<stdin>:480:4: warning: passing argument 1 of 'aslDevInterAddStaticElement' makes pointer from integer without a cast [enabled by default]
In file included from <stdin>:24:0:
/pkg/cadence/installs/XCELIUM1803/tools.lnx86/spectre/ahdlcmi/include/ahdlDevLibGlobal.h:2171:33: note: expected 'void *' but argument is of type 'long int'
 ASL_FUNC_DECL_START extern long aslDevInterAddStaticElement( void *, double, struct ahdlFuncModeParam * );
                                 ^
<stdin>:481:40: warning: passing argument 1 of 'aslDevInterAddStaticElement' makes pointer from integer without a cast [enabled by default]
<stdin>: In function 'EMG_202009__MUX_16__verilogams__0x10000001_behavioral_pGetMatrixPointers':
<stdin>:436:2803: warning: assignment makes integer from pointer without a cast [enabled by default]
In file included from <stdin>:24:0:
/pkg/cadence/installs/XCELIUM1803/tools.lnx86/spectre/ahdlcmi/include/ahdlDevLibGlobal.h:2171:33: note: expected 'void *' but argument is of type 'long int'
 ASL_FUNC_DECL_START extern long aslDevInterAddStaticElement( void *, double, struct ahdlFuncModeParam * );
                                 ^
<stdin>:483:4: warning: passing argument 1 of 'aslDevInterAddStaticElement' makes pointer from integer without a cast [enabled by default]
In file included from <stdin>:24:0:
/pkg/cadence/installs/XCELIUM1803/tools.lnx86/spectre/ahdlcmi/include/ahdlDevLibGlobal.h:2171:33: note: expected 'void *' but argument is of type 'long int'
 ASL_FUNC_DECL_START extern long aslDevInterAddStaticElement( void *, double, struct ahdlFuncModeParam * );
                                 ^
<stdin>:484:40: warning: passing argument 1 of 'aslDevInterAddStaticElement' makes pointer from integer without a cast [enabled by default]
In file included from <stdin>:24:0:
/pkg/cadence/installs/XCELIUM1803/tools.lnx86/spectre/ahdlcmi/include/ahdlDevLibGlobal.h:2171:33: note: expected 'void *' but argument is of type 'long int'
 ASL_FUNC_DECL_START extern long aslDevInterAddStaticElement( void *, double, struct ahdlFuncModeParam * );
                                 ^
<stdin>:486:4: warning: passing argument 1 of 'aslDevInterAddStaticElement' makes pointer from integer without a cast [enabled by default]
In file included from <stdin>:24:0:
/pkg/cadence/installs/XCELIUM1803/tools.lnx86/spectre/ahdlcmi/include/ahdlDevLibGlobal.h:2171:33: note: expected 'void *' but argument is of type 'long int'
 ASL_FUNC_DECL_START extern long aslDevInterAddStaticElement( void *, double, struct ahdlFuncModeParam * );
                                 ^
<stdin>:487:40: warning: passing argument 1 of 'aslDevInterAddStaticElement' makes pointer from integer without a cast [enabled by default]
In file included from <stdin>:24:0:
/pkg/cadence/installs/XCELIUM1803/tools.lnx86/spectre/ahdlcmi/include/ahdlDevLibGlobal.h:2171:33: note: expected 'void *' but argument is of type 'long int'
 ASL_FUNC_DECL_START extern long aslDevInterAddStaticElement( void *, double, struct ahdlFuncModeParam * );
                                 ^
<stdin>:489:4: warning: passing argument 1 of 'aslDevInterAddStaticElement' makes pointer from integer without a cast [enabled by default]
In file included from <stdin>:24:0:
/pkg/cadence/installs/XCELIUM1803/tools.lnx86/spectre/ahdlcmi/include/ahdlDevLibGlobal.h:2171:33: note: expected 'void *' but argument is of type 'long int'
 ASL_FUNC_DECL_START extern long aslDevInterAddStaticElement( void *, double, struct ahdlFuncModeParam * );
                                 ^
<stdin>:490:40: warning: passing argument 1 of 'aslDevInterAddStaticElement' makes pointer from integer without a cast [enabled by default]
<stdin>: In function 'EMG_202009__MUX_16__verilogams__0x10000001_behavioral_pAnalTranLoad':
<stdin>:468:2442: warning: passing argument 1 of 'aslDevFillZeorDiagonalElemet' makes pointer from integer without a cast [enabled by default]
In file included from <stdin>:24:0:
/pkg/cadence/installs/XCELIUM1803/tools.lnx86/spectre/ahdlcmi/include/ahdlDevLibGlobal.h:2715:33: note: expected 'void *' but argument is of type 'long int'
 ASL_FUNC_DECL_START extern void aslDevFillZeorDiagonalElemet( void *, int, unsigned int, struct ahdlFuncModeParam * );
                                 ^
In file included from <stdin>:24:0:
/pkg/cadence/installs/XCELIUM1803/tools.lnx86/spectre/ahdlcmi/include/ahdlDevLibGlobal.h:2171:33: note: expected 'void *' but argument is of type 'long int'
 ASL_FUNC_DECL_START extern long aslDevInterAddStaticElement( void *, double, struct ahdlFuncModeParam * );
                                 ^
<stdin>:492:4: warning: passing argument 1 of 'aslDevInterAddStaticElement' makes pointer from integer without a cast [enabled by default]
In file included from <stdin>:24:0:
/pkg/cadence/installs/XCELIUM1803/tools.lnx86/spectre/ahdlcmi/include/ahdlDevLibGlobal.h:2171:33: note: expected 'void *' but argument is of type 'long int'
 ASL_FUNC_DECL_START extern long aslDevInterAddStaticElement( void *, double, struct ahdlFuncModeParam * );
                                 ^
<stdin>:493:40: warning: passing argument 1 of 'aslDevInterAddStaticElement' makes pointer from integer without a cast [enabled by default]
In file included from <stdin>:24:0:
/pkg/cadence/installs/XCELIUM1803/tools.lnx86/spectre/ahdlcmi/include/ahdlDevLibGlobal.h:2171:33: note: expected 'void *' but argument is of type 'long int'
 ASL_FUNC_DECL_START extern long aslDevInterAddStaticElement( void *, double, struct ahdlFuncModeParam * );
                                 ^
<stdin>:495:4: warning: passing argument 1 of 'aslDevInterAddStaticElement' makes pointer from integer without a cast [enabled by default]
In file included from <stdin>:24:0:
/pkg/cadence/installs/XCELIUM1803/tools.lnx86/spectre/ahdlcmi/include/ahdlDevLibGlobal.h:2171:33: note: expected 'void *' but argument is of type 'long int'
 ASL_FUNC_DECL_START extern long aslDevInterAddStaticElement( void *, double, struct ahdlFuncModeParam * );
                                 ^
<stdin>:496:40: warning: passing argument 1 of 'aslDevInterAddStaticElement' makes pointer from integer without a cast [enabled by default]
In file included from <stdin>:24:0:
/pkg/cadence/installs/XCELIUM1803/tools.lnx86/spectre/ahdlcmi/include/ahdlDevLibGlobal.h:2171:33: note: expected 'void *' but argument is of type 'long int'
 ASL_FUNC_DECL_START extern long aslDevInterAddStaticElement( void *, double, struct ahdlFuncModeParam * );
                                 ^
<stdin>: In function 'EMG_202009__MUX_16__verilogams__0x10000001_behavioral_TranFuncLoad':
<stdin>:411:4: warning: passing argument 1 of 'aslDevInterAddStaticElement' makes pointer from integer without a cast [enabled by default]
In file included from <stdin>:24:0:
/pkg/cadence/installs/XCELIUM1803/tools.lnx86/spectre/ahdlcmi/include/ahdlDevLibGlobal.h:2171:33: note: expected 'void *' but argument is of type 'long int'
 ASL_FUNC_DECL_START extern long aslDevInterAddStaticElement( void *, double, struct ahdlFuncModeParam * );
                                 ^
rm -f -rf EMG_202009__MUX_16__verilogams__0x10000001_behavioral_DcFuncLoad.c
rm -f -rf EMG_202009__MUX_16__verilogams__0x10000001_behavioral_TranFuncLoad.c
rm -f -rf EMG_202009__MUX_16__verilogams__0x10000001_behavioral_func.c
rm -f -rf EMG_202009__MUX_16__verilogams__0x10000001_behavioral_TranFuncDerLoad.c
rm -f -rf EMG_202009__MUX_16__verilogams__0x10000001_behavioral_DcFuncDerLoad.c
rm -f -rf EMG_202009__MUX_16__verilogams__0x10000001_behavioral_cmi_c.c
/pkg/cadence/installs/XCELIUM1803/tools.lnx86/cdsgcc/gcc/4.8/bin/gcc -shared -O3 -m64 -fPIC -o obj/optimize/5.0/libahdlcmi_EMG_202009__MUX_16__verilogams__0x10000001_behavioral.so ./obj/optimize/5.0/EMG_202009__MUX_16__verilogams__0x10000001_behavioral_func.o ./obj/optimize/5.0/EMG_202009__MUX_16__verilogams__0x10000001_behavioral_DcFuncDerLoad.o ./obj/optimize/5.0/EMG_202009__MUX_16__verilogams__0x10000001_behavioral_DcFuncLoad.o ./obj/optimize/5.0/EMG_202009__MUX_16__verilogams__0x10000001_behavioral_TranFuncDerLoad.o ./obj/optimize/5.0/EMG_202009__MUX_16__verilogams__0x10000001_behavioral_TranFuncLoad.o ./obj/optimize/5.0/EMG_202009__MUX_16__verilogams__0x10000001_behavioral_cmi_c.o  -Wl,-rpath,/usr/lib -Wl,-rpath,/lib -s 
rm -f -f ./obj/optimize/5.0/EMG_202009__MUX_16__verilogams__0x10000001_behavioral_func.o ./obj/optimize/5.0/EMG_202009__MUX_16__verilogams__0x10000001_behavioral_DcFuncDerLoad.o ./obj/optimize/5.0/EMG_202009__MUX_16__verilogams__0x10000001_behavioral_DcFuncLoad.o ./obj/optimize/5.0/EMG_202009__MUX_16__verilogams__0x10000001_behavioral_TranFuncDerLoad.o ./obj/optimize/5.0/EMG_202009__MUX_16__verilogams__0x10000001_behavioral_TranFuncLoad.o ./obj/optimize/5.0/EMG_202009__MUX_16__verilogams__0x10000001_behavioral_cmi_c.o 
