================================================================================
Rule No. 479 : minority_BULK_connectors

Real Error Count : 14; Flat Error Count : 14
================================================================================

--------------------------------------------------------------------------------
Cell Name : CurrentMirror_ST layout Stimulator_IMP

                   Cell Errors    Real Errors   Cell Placements     Environments
                            14             14                 1                1
--------------------------------------------------------------------------------
Env.  Env. Placements            X1           Y1          X2           Y2

  1        1                103.025      368.295     313.065      589.270

Shape               Environments Status & Error Marker 

          1           X1         Y1         X2         Y2

   1      X      103.025    456.140    110.305    456.660
   2      X      111.505    499.970    140.905    544.370
   3      X      111.505    544.870    140.905    589.270
   4      X      116.375    424.190    195.915    492.470
   5      X      141.405    499.970    170.805    544.370
   6      X      141.405    544.870    170.805    589.270
   7      X      171.305    499.970    200.705    544.370
   8      X      171.305    544.870    200.705    589.270
   9      X      209.660    449.515    241.600    492.795
  10      X      225.915    368.295    257.855    426.575
  11      X      242.100    449.515    274.040    492.795
  12      X      281.125    368.300    313.065    446.580
  13      X      281.125    446.940    313.065    502.720
  14      X      281.125    503.080    313.065    581.360

================================================================================
Rule No. 480 : BULK_soft_connect

Real Error Count : 17; Flat Error Count : 261
================================================================================

--------------------------------------------------------------------------------
Cell Name : avPart2

                   Cell Errors    Real Errors   Cell Placements     Environments
                             1              1                44                1
--------------------------------------------------------------------------------
Env.  Env. Placements            X1           Y1          X2           Y2

  1       44                 16.430      214.170      33.550      231.290

Shape               Environments Status & Error Marker 

          1           X1         Y1         X2         Y2

   1      X       -1.000     -1.000     16.120     16.120

--------------------------------------------------------------------------------
Cell Name : avPart1

                   Cell Errors    Real Errors   Cell Placements     Environments
                             1              1                54                1
--------------------------------------------------------------------------------
Env.  Env. Placements            X1           Y1          X2           Y2

  1       54                 26.530      103.035      61.490      121.515

Shape               Environments Status & Error Marker 

          1           X1         Y1         X2         Y2

   1      X       -1.000     -1.000     33.960     17.480

--------------------------------------------------------------------------------
Cell Name : rpp1k1 layout PRIMLIB lstrip="25u" shapeType="Serpentine 90" strips=4 in1=R3

                   Cell Errors    Real Errors   Cell Placements     Environments
                             1              1                 2                1
--------------------------------------------------------------------------------
Env.  Env. Placements            X1           Y1          X2           Y2

  1        2                101.435      421.590     112.655      453.970

Shape               Environments Status & Error Marker 

          1           X1         Y1         X2         Y2

   1      X       -4.160     -1.220     28.220     10.000

--------------------------------------------------------------------------------
Cell Name : ped_bjt layout PRIMLIB w="30u" in1=M11

                   Cell Errors    Real Errors   Cell Placements     Environments
                             1              1                 6                1
--------------------------------------------------------------------------------
Env.  Env. Placements            X1           Y1          X2           Y2

  1        6                110.255      498.720     142.155      545.620

Shape               Environments Status & Error Marker 

          1           X1         Y1         X2         Y2

   1      X      -15.950    -15.950     15.950     30.950

--------------------------------------------------------------------------------
Cell Name : nedia_bjt layout PRIMLIB in1=M17

                   Cell Errors    Real Errors   Cell Placements     Environments
                             1              1                 2                1
--------------------------------------------------------------------------------
Env.  Env. Placements            X1           Y1          X2           Y2

  1        2                208.410      448.265     242.850      494.045

Shape               Environments Status & Error Marker 

          1           X1         Y1         X2         Y2

   1      X      -17.220    -20.390     17.220     25.390

--------------------------------------------------------------------------------
Cell Name : nedia_bjt layout PRIMLIB w="80u" in1=M32e10

                   Cell Errors    Real Errors   Cell Placements     Environments
                             1              1                24                1
--------------------------------------------------------------------------------
Env.  Env. Placements            X1           Y1          X2           Y2

  1       24                  1.250      138.150      35.690      218.930

Shape               Environments Status & Error Marker 

          1           X1         Y1         X2         Y2

   1      X      -17.220    -20.390     17.220     60.390

--------------------------------------------------------------------------------
Cell Name : nedia_bjt layout PRIMLIB ng="5" w="60u" in1=M16

                   Cell Errors    Real Errors   Cell Placements     Environments
                             1              1                 1                1
--------------------------------------------------------------------------------
Env.  Env. Placements            X1           Y1          X2           Y2

  1        1                115.125      422.940     197.165      493.720

Shape               Environments Status & Error Marker 

          1           X1         Y1         X2         Y2

   1      X      -17.220    -20.390     64.820     50.390

--------------------------------------------------------------------------------
Cell Name : ne3 layout PRIMLIB gContT="Met1" w="20u" in1=ModgenDummy_1_12_Modgen_1

                   Cell Errors    Real Errors   Cell Placements     Environments
                             1              1                 4                1
--------------------------------------------------------------------------------
Env.  Env. Placements            X1           Y1          X2           Y2

  1        4                133.545      370.515     137.495      393.485

Shape               Environments Status & Error Marker 

          1           X1         Y1         X2         Y2

   1      X       -1.800     -1.400      2.150     21.570

--------------------------------------------------------------------------------
Cell Name : ne3 layout PRIMLIB gContT="Met1" l="2u" w="20u" in1=M262e2

                   Cell Errors    Real Errors   Cell Placements     Environments
                             1              1                22                1
--------------------------------------------------------------------------------
Env.  Env. Placements            X1           Y1          X2           Y2

  1       22                135.495      370.515     141.095      393.485

Shape               Environments Status & Error Marker 

          1           X1         Y1         X2         Y2

   1      X       -1.800     -1.400      3.800     21.570

--------------------------------------------------------------------------------
Cell Name : csft5a layout PRIMLIB

                   Cell Errors    Real Errors   Cell Placements     Environments
                             1              1                60                1
--------------------------------------------------------------------------------
Env.  Env. Placements            X1           Y1          X2           Y2

  1       60                209.785      509.070     217.545      522.170

Shape               Environments Status & Error Marker 

          1           X1         Y1         X2         Y2

   1      X       -1.000     -1.000      6.760     12.100

--------------------------------------------------------------------------------
Cell Name : M3_MTPcell layout Stimulator_IMP

                   Cell Errors    Real Errors   Cell Placements     Environments
                             1              1                 4                1
--------------------------------------------------------------------------------
Env.  Env. Placements            X1           Y1          X2           Y2

  1        4                  8.870      214.170      18.430      223.730

Shape               Environments Status & Error Marker 

          1           X1         Y1         X2         Y2

   1      X       -1.000     -1.000      8.560      8.560

--------------------------------------------------------------------------------
Cell Name : M3_MTP_8_cell layout Stimulator_IMP

                   Cell Errors    Real Errors   Cell Placements     Environments
                             1              1                32                1
--------------------------------------------------------------------------------
Env.  Env. Placements            X1           Y1          X2           Y2

  1       32                 18.290      103.035      28.530      113.275

Shape               Environments Status & Error Marker 

          1           X1         Y1         X2         Y2

   1      X       -1.000     -1.000      9.240      9.240

--------------------------------------------------------------------------------
Cell Name : HVMOS_GateRingM1 layout Stimulator_IMP

                   Cell Errors    Real Errors   Cell Placements     Environments
                             1              1                 2                1
--------------------------------------------------------------------------------
Env.  Env. Placements            X1           Y1          X2           Y2

  1        2                284.355      371.530     309.835      443.355

Shape               Environments Status & Error Marker 

          1           X1         Y1         X2         Y2

   1      X       -1.000     -1.000     24.480     70.825

--------------------------------------------------------------------------------
Cell Name : CurrentMirror_ST layout Stimulator_IMP

                   Cell Errors    Real Errors   Cell Placements     Environments
                             4              4                 1                1
--------------------------------------------------------------------------------
Env.  Env. Placements            X1           Y1          X2           Y2

  1        1                -31.150     -666.990     391.090      593.020

Shape               Environments Status & Error Marker 

          1           X1         Y1         X2         Y2

   1      X      -31.150   -666.990    391.090    154.475
   2      X      -31.150    309.035    391.090    593.020
   3      X        1.810    216.930     10.870    243.650
   4      X      349.070    216.930    358.130    243.650

================================================================================
Rule No. 662 : A1IP : Minimum PIMP area = 0.3844

Real Error Count : 6; Flat Error Count : 6
================================================================================

--------------------------------------------------------------------------------
Cell Name : CurrentMirror_ST layout Stimulator_IMP

                   Cell Errors    Real Errors   Cell Placements     Environments
                             6              6                 1                1
--------------------------------------------------------------------------------
Env.  Env. Placements            X1           Y1          X2           Y2

  1        1                  0.440     -665.990       3.520     -664.670

Shape               Environments Status & Error Marker 

          1           X1         Y1         X2         Y2

   1      X        0.440   -665.990      0.880   -665.550
   2      X        0.440   -665.110      0.880   -664.670
   3      X        1.320   -665.990      1.760   -665.550
   4      X        1.320   -665.110      1.760   -664.670
   5      X        2.200   -665.110      2.640   -664.670
   6      X        3.080   -665.110      3.520   -664.670

