================================================================================
Rule No. 479 : minority_BULK_connectors

Real Error Count : 1; Flat Error Count : 1
================================================================================

--------------------------------------------------------------------------------
Cell Name : LS_HighSide_V3_ST layout Stimulator_IMP

                   Cell Errors    Real Errors   Cell Placements     Environments
                             1              1                 1                1
--------------------------------------------------------------------------------
Env.  Env. Placements            X1           Y1          X2           Y2

  1        1                  0.930       24.590       7.090       25.110

Shape               Environments Status & Error Marker 

          1           X1         Y1         X2         Y2

   1      X        0.930     24.590      7.090     25.110

================================================================================
Rule No. 480 : BULK_soft_connect

Real Error Count : 1; Flat Error Count : 1
================================================================================

--------------------------------------------------------------------------------
Cell Name : LS_HighSide_V3_ST layout Stimulator_IMP

                   Cell Errors    Real Errors   Cell Placements     Environments
                             1              1                 1                1
--------------------------------------------------------------------------------
Env.  Env. Placements            X1           Y1          X2           Y2

  1        1                 -4.855       -0.060     110.335       51.560

Shape               Environments Status & Error Marker 

          1           X1         Y1         X2         Y2

   1      X       -4.855     -0.060    110.335     51.560

================================================================================
Rule No. 528 : S1WDNW : Minimum DNWELL spacing to NWELL = 10.0

Real Error Count : 1; Flat Error Count : 1
================================================================================

--------------------------------------------------------------------------------
Cell Name : LS_HighSide_V3_ST layout Stimulator_IMP

                   Cell Errors    Real Errors   Cell Placements     Environments
                             1              1                 1                1
--------------------------------------------------------------------------------
Env.  Env. Placements            X1           Y1          X2           Y2

  1        1                  7.520       23.208      16.860       33.493

Shape               Environments Status & Error Marker 

          1           X1         Y1         X2         Y2

   1      X        7.520     23.208     16.860     33.493

================================================================================
Rule No. 631 : S1SBP1 : Minimum SBLK spacing to POLY1 = 0.3

Real Error Count : 8; Flat Error Count : 8
================================================================================

--------------------------------------------------------------------------------
Cell Name : LS_HighSide_V3_ST layout Stimulator_IMP

                   Cell Errors    Real Errors   Cell Placements     Environments
                             8              8                 1                1
--------------------------------------------------------------------------------
Env.  Env. Placements            X1           Y1          X2           Y2

  1        1                 50.355        2.822     107.115       48.678

Shape               Environments Status & Error Marker 

          1           X1         Y1         X2         Y2

   1      X       50.355      2.822     50.395      3.957
   2      X       50.355     21.702     50.395     22.837
   3      X       59.420     28.222     59.460     29.358
   4      X       59.420     47.103     59.460     48.237
   5      X       93.540     28.663     93.580     29.798
   6      X       93.540     47.542     93.580     48.678
   7      X      107.075      2.822    107.115      3.957
   8      X      107.075     21.702    107.115     22.837

================================================================================
Rule No. 635 : S1SBCT : Minimum SBLK spacing to CONT = 0.22

Real Error Count : 8; Flat Error Count : 8
================================================================================

--------------------------------------------------------------------------------
Cell Name : LS_HighSide_V3_ST layout Stimulator_IMP

                   Cell Errors    Real Errors   Cell Placements     Environments
                             8              8                 1                1
--------------------------------------------------------------------------------
Env.  Env. Placements            X1           Y1          X2           Y2

  1        1                 50.255        3.050     107.215       48.450

Shape               Environments Status & Error Marker 

          1           X1         Y1         X2         Y2

   1      X       50.255      3.050     50.395      3.609
   2      X       50.255     22.051     50.395     22.610
   3      X       59.320     28.451     59.460     29.010
   4      X       59.320     47.451     59.460     48.009
   5      X       93.540     28.890     93.680     29.449
   6      X       93.540     47.890     93.680     48.450
   7      X      107.075      3.050    107.215      3.609
   8      X      107.075     22.051    107.215     22.610

================================================================================
Rule No. 662 : A1IP : Minimum PIMP area = 0.3844

Real Error Count : 6; Flat Error Count : 6
================================================================================

--------------------------------------------------------------------------------
Cell Name : LS_HighSide_V3_ST layout Stimulator_IMP

                   Cell Errors    Real Errors   Cell Placements     Environments
                             6              6                 1                1
--------------------------------------------------------------------------------
Env.  Env. Placements            X1           Y1          X2           Y2

  1        1                 -3.855        6.250      -0.665        7.570

Shape               Environments Status & Error Marker 

          1           X1         Y1         X2         Y2

   1      X       -3.855      6.250     -3.415      6.690
   2      X       -3.855      7.130     -3.415      7.570
   3      X       -2.975      6.250     -2.535      6.690
   4      X       -2.975      7.130     -2.535      7.570
   5      X       -2.095      7.130     -1.655      7.570
   6      X       -1.105      7.130     -0.665      7.570

================================================================================
Rule No. 1521 : B3MR : MRES overlap of NIMP or PIMP is not allowed

Real Error Count : 8; Flat Error Count : 8
================================================================================

--------------------------------------------------------------------------------
Cell Name : LS_HighSide_V3_ST layout Stimulator_IMP

                   Cell Errors    Real Errors   Cell Placements     Environments
                             8              8                 1                1
--------------------------------------------------------------------------------
Env.  Env. Placements            X1           Y1          X2           Y2

  1        1                 50.435        2.940     107.035       48.560

Shape               Environments Status & Error Marker 

          1           X1         Y1         X2         Y2

   1      X       50.435      2.940     50.535      3.880
   2      X       50.435     21.780     50.535     22.720
   3      X       59.500     28.340     59.600     29.280
   4      X       59.500     47.180     59.600     48.120
   5      X       93.400     28.780     93.500     29.720
   6      X       93.400     47.620     93.500     48.560
   7      X      106.935      2.940    107.035      3.880
   8      X      106.935     21.780    107.035     22.720

================================================================================
Rule No. 1525 : S1MRP1 : Minimum MRES spacing to POLY1 = 0.32

Real Error Count : 8; Flat Error Count : 8
================================================================================

--------------------------------------------------------------------------------
Cell Name : LS_HighSide_V3_ST layout Stimulator_IMP

                   Cell Errors    Real Errors   Cell Placements     Environments
                             8              8                 1                1
--------------------------------------------------------------------------------
Env.  Env. Placements            X1           Y1          X2           Y2

  1        1                 50.355        2.810     107.115       48.690

Shape               Environments Status & Error Marker 

          1           X1         Y1         X2         Y2

   1      X       50.355      2.810     50.435      4.190
   2      X       50.355     21.470     50.435     22.850
   3      X       59.420     28.210     59.500     29.590
   4      X       59.420     46.870     59.500     48.250
   5      X       93.500     28.650     93.580     30.030
   6      X       93.500     47.310     93.580     48.690
   7      X      107.035      2.810    107.115      4.190
   8      X      107.035     21.470    107.115     22.850

