================================================================================
Rule No. 479 : minority_BULK_connectors

Real Error Count : 56; Flat Error Count : 56
================================================================================

--------------------------------------------------------------------------------
Cell Name : MultiChannel_ST layout Stimulator_IMP

                   Cell Errors    Real Errors   Cell Placements     Environments
                            56             56                 1                1
--------------------------------------------------------------------------------
Env.  Env. Placements            X1           Y1          X2           Y2

  1        1               1085.495    -1717.270    1965.090     -740.330

Shape               Environments Status & Error Marker 

          1           X1         Y1         X2         Y2

   1      X     1085.495  -1013.720   1131.275   -981.780
   2      X     1098.005   -905.550   1237.045   -827.270
   3      X     1100.025   -809.730   1235.025   -740.330
   4      X     1110.460  -1026.075   1110.980  -1019.915
   5      X     1143.495  -1012.450   1182.895   -983.050
   6      X     1195.330  -1013.720   1241.110   -981.780
   7      X     1220.295  -1026.075   1220.815  -1019.915
   8      X     1259.375  -1013.720   1305.155   -981.780
   9      X     1271.885   -905.550   1410.925   -827.270
  10      X     1273.905   -809.730   1408.905   -740.330
  11      X     1284.340  -1026.075   1284.860  -1019.915
  12      X     1317.375  -1012.450   1356.775   -983.050
  13      X     1369.210  -1013.720   1414.990   -981.780
  14      X     1394.175  -1026.075   1394.695  -1019.915
  15      X     1433.255  -1013.720   1479.035   -981.780
  16      X     1445.765   -905.550   1584.805   -827.270
  17      X     1447.785   -809.730   1582.785   -740.330
  18      X     1458.220  -1026.075   1458.740  -1019.915
  19      X     1491.255  -1012.450   1530.655   -983.050
  20      X     1543.090  -1013.720   1588.870   -981.780
  21      X     1568.055  -1026.075   1568.575  -1019.915
  22      X     1607.135  -1013.720   1652.915   -981.780
  23      X     1619.645   -905.550   1758.685   -827.270
  24      X     1621.665   -809.730   1756.665   -740.330
  25      X     1632.100  -1026.075   1632.620  -1019.915
  26      X     1665.135  -1012.450   1704.535   -983.050
  27      X     1679.345  -1696.975   1685.505  -1696.455
  28      X     1679.345  -1587.140   1685.505  -1586.620
  29      X     1679.345  -1523.095   1685.505  -1522.575
  30      X     1679.345  -1413.260   1685.505  -1412.740
  31      X     1679.345  -1349.215   1685.505  -1348.695
  32      X     1679.345  -1239.380   1685.505  -1238.860
  33      X     1679.345  -1175.335   1685.505  -1174.815
  34      X     1679.345  -1065.500   1685.505  -1064.980
  35      X     1691.700  -1717.270   1723.640  -1671.490
  36      X     1691.700  -1607.435   1723.640  -1561.655
  37      X     1691.700  -1543.390   1723.640  -1497.610
  38      X     1691.700  -1433.555   1723.640  -1387.775
  39      X     1691.700  -1369.510   1723.640  -1323.730
  40      X     1691.700  -1259.675   1723.640  -1213.895
  41      X     1691.700  -1195.630   1723.640  -1149.850
  42      X     1691.700  -1085.795   1723.640  -1040.015
  43      X     1692.970  -1659.055   1722.370  -1619.655
  44      X     1692.970  -1485.175   1722.370  -1445.775
  45      X     1692.970  -1311.295   1722.370  -1271.895
  46      X     1692.970  -1137.415   1722.370  -1098.015
  47      X     1716.970  -1013.720   1762.750   -981.780
  48      X     1741.935  -1026.075   1742.455  -1019.915
  49      X     1799.870  -1713.205   1878.150  -1574.165
  50      X     1799.870  -1539.325   1878.150  -1400.285
  51      X     1799.870  -1365.445   1878.150  -1226.405
  52      X     1799.870  -1191.565   1878.150  -1052.525
  53      X     1895.690  -1711.185   1965.090  -1576.185
  54      X     1895.690  -1537.305   1965.090  -1402.305
  55      X     1895.690  -1363.425   1965.090  -1228.425
  56      X     1895.690  -1189.545   1965.090  -1054.545

================================================================================
Rule No. 480 : BULK_soft_connect

Real Error Count : 240; Flat Error Count : 1271
================================================================================

--------------------------------------------------------------------------------
Cell Name : G23_1_2_10040_0_r0_A4 array 4 18 5.02 15.62 r0

                   Cell Errors    Real Errors   Cell Placements     Environments
                            48             48                 1                1
--------------------------------------------------------------------------------
Env.  Env. Placements            X1           Y1          X2           Y2

  1        1               1215.955    -1142.790    1308.315    -1085.870

Shape               Environments Status & Error Marker 

          1           X1         Y1         X2         Y2

   1      X       -2.510     -2.030      9.530      8.030
   2      X       -2.510      6.030      9.530     15.590
   3      X       -2.510     13.590      9.530     23.650
   4      X       -2.510     21.650      9.530     31.210
   5      X       -2.510     29.210      9.530     39.270
   6      X       -2.510     37.270      9.530     46.830
   7      X       -2.510     44.830      9.530     54.890
   8      X        7.530     -2.030     19.570      8.030
   9      X        7.530      6.030     79.810      8.030
  10      X        7.530      8.030     79.810     15.590
  11      X        7.530     13.590     19.570     23.650
  12      X        7.530     21.650     79.810     29.210
  13      X        7.530     23.650     79.810     31.210
  14      X        7.530     29.210     19.570     39.270
  15      X        7.530     37.270     79.810     44.830
  16      X        7.530     44.830     19.570     54.890
  17      X        7.530     44.830     79.810     46.830
  18      X       17.570     -2.030     29.610      8.030
  19      X       17.570     13.590     29.610     23.650
  20      X       17.570     29.210     29.610     39.270
  21      X       17.570     44.830     29.610     54.890
  22      X       27.610     -2.030     39.650      8.030
  23      X       27.610     13.590     39.650     23.650
  24      X       27.610     29.210     39.650     39.270
  25      X       27.610     44.830     39.650     54.890
  26      X       37.650     -2.030     49.690      8.030
  27      X       37.650     13.590     49.690     23.650
  28      X       37.650     29.210     49.690     39.270
  29      X       37.650     44.830     49.690     54.890
  30      X       47.690     -2.030     59.730      8.030
  31      X       47.690     13.590     59.730     23.650
  32      X       47.690     29.210     59.730     39.270
  33      X       47.690     44.830     59.730     54.890
  34      X       57.730     -2.030     69.770      8.030
  35      X       57.730     13.590     69.770     23.650
  36      X       57.730     29.210     69.770     39.270
  37      X       57.730     44.830     69.770     54.890
  38      X       67.770     -2.030     79.810      8.030
  39      X       67.770     13.590     79.810     23.650
  40      X       67.770     29.210     79.810     39.270
  41      X       67.770     44.830     79.810     54.890
  42      X       77.810     -2.030     89.850      8.030
  43      X       77.810      6.030     89.850     15.590
  44      X       77.810     13.590     89.850     23.650
  45      X       77.810     21.650     89.850     31.210
  46      X       77.810     29.210     89.850     39.270
  47      X       77.810     37.270     89.850     46.830
  48      X       77.810     44.830     89.850     54.890

--------------------------------------------------------------------------------
Cell Name : G8_1_2_11600_0_my_A3 array 3 10 5.8 20.59 my

                   Cell Errors    Real Errors   Cell Placements     Environments
                            18             18                 1                1
--------------------------------------------------------------------------------
Env.  Env. Placements            X1           Y1          X2           Y2

  1        1               1503.905    -1293.645    1562.705    -1237.495

Shape               Environments Status & Error Marker 

          1           X1         Y1         X2         Y2

   1      X       -4.800     -1.400      7.600     13.570
   2      X       -4.800     -1.400     40.400     54.750
   3      X       -4.800     19.190      7.600     34.160
   4      X       -4.800     39.780      7.600     54.750
   5      X        6.800     -1.400     19.200     13.570
   6      X        6.800     19.190     19.200     34.160
   7      X        6.800     39.780     19.200     54.750
   8      X       18.400     -1.400     30.800     13.570
   9      X       18.400     19.190     30.800     34.160
  10      X       18.400     39.780     30.800     54.750
  11      X       30.000     -1.400     42.400     13.570
  12      X       30.000     19.190     42.400     34.160
  13      X       30.000     39.780     42.400     54.750
  14      X       32.000     32.160     40.400     41.780
  15      X       40.400     -1.400     54.000     54.750
  16      X       41.600     -1.400     54.000     13.570
  17      X       41.600     19.190     54.000     34.160
  18      X       41.600     39.780     54.000     54.750

--------------------------------------------------------------------------------
Cell Name : G8_1_2_11600_0_r0_A2 array 3 12 5.8 20.59 r0

                   Cell Errors    Real Errors   Cell Placements     Environments
                            21             21                 1                1
--------------------------------------------------------------------------------
Env.  Env. Placements            X1           Y1          X2           Y2

  1        1               1434.305    -1293.645    1504.705    -1237.495

Shape               Environments Status & Error Marker 

          1           X1         Y1         X2         Y2

   1      X       -1.800     -1.400     10.600     13.570
   2      X       -1.800     -1.400     43.400     54.750
   3      X       -1.800     19.190     10.600     34.160
   4      X       -1.800     39.780     10.600     54.750
   5      X        9.800     -1.400     22.200     13.570
   6      X        9.800     19.190     22.200     34.160
   7      X        9.800     39.780     22.200     54.750
   8      X       21.400     -1.400     33.800     13.570
   9      X       21.400     19.190     33.800     34.160
  10      X       21.400     39.780     33.800     54.750
  11      X       33.000     -1.400     45.400     13.570
  12      X       33.000     19.190     45.400     34.160
  13      X       33.000     39.780     45.400     54.750
  14      X       35.000     32.160     43.400     41.780
  15      X       43.400     -1.400     68.600     54.750
  16      X       44.600     -1.400     57.000     13.570
  17      X       44.600     19.190     57.000     34.160
  18      X       44.600     39.780     57.000     54.750
  19      X       56.200     -1.400     68.600     13.570
  20      X       56.200     19.190     68.600     34.160
  21      X       56.200     39.780     68.600     54.750

--------------------------------------------------------------------------------
Cell Name : pe3 layout PRIMLIB gContT="Met1" l="2u" w="6u" in1=M382e4

                   Cell Errors    Real Errors   Cell Placements     Environments
                             1              1               192                1
--------------------------------------------------------------------------------
Env.  Env. Placements            X1           Y1          X2           Y2

  1      192               1220.535    -1258.155    1227.555    -1248.095

Shape               Environments Status & Error Marker 

          1           X1         Y1         X2         Y2

   1      X       -2.510     -2.030      4.510      8.030

--------------------------------------------------------------------------------
Cell Name : pe3 layout PRIMLIB gContT="Met1" ng="8" in1=M31

                   Cell Errors    Real Errors   Cell Placements     Environments
                             1              1                 5                1
--------------------------------------------------------------------------------
Env.  Env. Placements            X1           Y1          X2           Y2

  1        5               1278.525    -1298.060    1289.725    -1292.000

Shape               Environments Status & Error Marker 

          1           X1         Y1         X2         Y2

   1      X       -2.510     -2.030      8.690      4.030

--------------------------------------------------------------------------------
Cell Name : avPart4

                   Cell Errors    Real Errors   Cell Placements     Environments
                             1              1                96                1
--------------------------------------------------------------------------------
Env.  Env. Placements            X1           Y1          X2           Y2

  1       96               1774.475    -1581.105    1791.595    -1571.545

Shape               Environments Status & Error Marker 

          1           X1         Y1         X2         Y2

   1      X       -1.000     -1.000     16.120      8.560

--------------------------------------------------------------------------------
Cell Name : avPart3

                   Cell Errors    Real Errors   Cell Placements     Environments
                             1              1               128                1
--------------------------------------------------------------------------------
Env.  Env. Placements            X1           Y1          X2           Y2

  1      128               1246.465    -1482.475    1278.705    -1450.235

Shape               Environments Status & Error Marker 

          1           X1         Y1         X2         Y2

   1      X       -1.000     -1.000     31.240     31.240

--------------------------------------------------------------------------------
Cell Name : avPart2

                   Cell Errors    Real Errors   Cell Placements     Environments
                             1              1                60                1
--------------------------------------------------------------------------------
Env.  Env. Placements            X1           Y1          X2           Y2

  1       60               1203.705    -1575.345    1217.705    -1549.345

Shape               Environments Status & Error Marker 

          1           X1         Y1         X2         Y2

   1      X       -1.000     -1.000     13.000     25.000

--------------------------------------------------------------------------------
Cell Name : avPart1

                   Cell Errors    Real Errors   Cell Placements     Environments
                             1              1                64                1
--------------------------------------------------------------------------------
Env.  Env. Placements            X1           Y1          X2           Y2

  1       64               1250.785    -1620.300    1285.745    -1601.820

Shape               Environments Status & Error Marker 

          1           X1         Y1         X2         Y2

   1      X       -1.000     -1.000     33.960     17.480

--------------------------------------------------------------------------------
Cell Name : M1Cell_A1 array 3 30 12 12 r0

                   Cell Errors    Real Errors   Cell Placements     Environments
                            90             90                 2                1
--------------------------------------------------------------------------------
Env.  Env. Placements            X1           Y1          X2           Y2

  1        2               1239.705    -1599.340    1601.705    -1561.340

Shape               Environments Status & Error Marker 

          1           X1         Y1         X2         Y2

   1      X       -1.000     -1.000     13.000     13.000
   2      X       -1.000     11.000     13.000     25.000
   3      X       -1.000     23.000     13.000     37.000
   4      X       11.000     -1.000     25.000     13.000
   5      X       11.000     11.000     25.000     25.000
   6      X       11.000     23.000     25.000     37.000
   7      X       23.000     -1.000     37.000     13.000
   8      X       23.000     11.000     37.000     25.000
   9      X       23.000     23.000     37.000     37.000
  10      X       35.000     -1.000     49.000     13.000
  11      X       35.000     11.000     49.000     25.000
  12      X       35.000     23.000     49.000     37.000
  13      X       47.000     -1.000     61.000     13.000
  14      X       47.000     11.000     61.000     25.000
  15      X       47.000     23.000     61.000     37.000
  16      X       59.000     -1.000     73.000     13.000
  17      X       59.000     11.000     73.000     25.000
  18      X       59.000     23.000     73.000     37.000
  19      X       71.000     -1.000     85.000     13.000
  20      X       71.000     11.000     85.000     25.000
  21      X       71.000     23.000     85.000     37.000
  22      X       83.000     -1.000     97.000     13.000
  23      X       83.000     11.000     97.000     25.000
  24      X       83.000     23.000     97.000     37.000
  25      X       95.000     -1.000    109.000     13.000
  26      X       95.000     11.000    109.000     25.000
  27      X       95.000     23.000    109.000     37.000
  28      X      107.000     -1.000    121.000     13.000
  29      X      107.000     11.000    121.000     25.000
  30      X      107.000     23.000    121.000     37.000
  31      X      119.000     -1.000    133.000     13.000
  32      X      119.000     11.000    133.000     25.000
  33      X      119.000     23.000    133.000     37.000
  34      X      131.000     -1.000    145.000     13.000
  35      X      131.000     11.000    145.000     25.000
  36      X      131.000     23.000    145.000     37.000
  37      X      143.000     -1.000    157.000     13.000
  38      X      143.000     11.000    157.000     25.000
  39      X      143.000     23.000    157.000     37.000
  40      X      155.000     -1.000    169.000     13.000
  41      X      155.000     11.000    169.000     25.000
  42      X      155.000     23.000    169.000     37.000
  43      X      167.000     -1.000    181.000     13.000
  44      X      167.000     11.000    181.000     25.000
  45      X      167.000     23.000    181.000     37.000
  46      X      179.000     -1.000    193.000     13.000
  47      X      179.000     11.000    193.000     25.000
  48      X      179.000     23.000    193.000     37.000
  49      X      191.000     -1.000    205.000     13.000
  50      X      191.000     11.000    205.000     25.000
  51      X      191.000     23.000    205.000     37.000
  52      X      203.000     -1.000    217.000     13.000
  53      X      203.000     11.000    217.000     25.000
  54      X      203.000     23.000    217.000     37.000
  55      X      215.000     -1.000    229.000     13.000
  56      X      215.000     11.000    229.000     25.000
  57      X      215.000     23.000    229.000     37.000
  58      X      227.000     -1.000    241.000     13.000
  59      X      227.000     11.000    241.000     25.000
  60      X      227.000     23.000    241.000     37.000
  61      X      239.000     -1.000    253.000     13.000
  62      X      239.000     11.000    253.000     25.000
  63      X      239.000     23.000    253.000     37.000
  64      X      251.000     -1.000    265.000     13.000
  65      X      251.000     11.000    265.000     25.000
  66      X      251.000     23.000    265.000     37.000
  67      X      263.000     -1.000    277.000     13.000
  68      X      263.000     11.000    277.000     25.000
  69      X      263.000     23.000    277.000     37.000
  70      X      275.000     -1.000    289.000     13.000
  71      X      275.000     11.000    289.000     25.000
  72      X      275.000     23.000    289.000     37.000
  73      X      287.000     -1.000    301.000     13.000
  74      X      287.000     11.000    301.000     25.000
  75      X      287.000     23.000    301.000     37.000
  76      X      299.000     -1.000    313.000     13.000
  77      X      299.000     11.000    313.000     25.000
  78      X      299.000     23.000    313.000     37.000
  79      X      311.000     -1.000    325.000     13.000
  80      X      311.000     11.000    325.000     25.000
  81      X      311.000     23.000    325.000     37.000
  82      X      323.000     -1.000    337.000     13.000
  83      X      323.000     11.000    337.000     25.000
  84      X      323.000     23.000    337.000     37.000
  85      X      335.000     -1.000    349.000     13.000
  86      X      335.000     11.000    349.000     25.000
  87      X      335.000     23.000    349.000     37.000
  88      X      347.000     -1.000    361.000     13.000
  89      X      347.000     11.000    361.000     25.000
  90      X      347.000     23.000    361.000     37.000

--------------------------------------------------------------------------------
Cell Name : ped_bjt layout PRIMLIB ng="13" w="80u" in1=M66

                   Cell Errors    Real Errors   Cell Placements     Environments
                             1              1                 8                1
--------------------------------------------------------------------------------
Env.  Env. Placements            X1           Y1          X2           Y2

  1        8               1894.440    -1712.435    1966.340    -1574.935

Shape               Environments Status & Error Marker 

          1           X1         Y1         X2         Y2

   1      X      -15.950    -15.950    121.550     55.950

--------------------------------------------------------------------------------
Cell Name : nedia_bjt layout PRIMLIB ng="10" w="80u" in1=M34

                   Cell Errors    Real Errors   Cell Placements     Environments
                             1              1                 8                1
--------------------------------------------------------------------------------
Env.  Env. Placements            X1           Y1          X2           Y2

  1        8               1798.620    -1714.455    1879.400    -1572.915

Shape               Environments Status & Error Marker 

          1           X1         Y1         X2         Y2

   1      X      -17.220    -20.390    124.320     60.390

--------------------------------------------------------------------------------
Cell Name : Idac_5bit_ST_V3 layout Stimulator_IMP

                   Cell Errors    Real Errors   Cell Placements     Environments
                             1              1                 1                1
--------------------------------------------------------------------------------
Env.  Env. Placements            X1           Y1          X2           Y2

  1        1               1195.595    -1307.540    1408.115    -1071.610

Shape               Environments Status & Error Marker 

          1           X1         Y1         X2         Y2

   1      X       -8.540     -0.675    203.980    235.255

--------------------------------------------------------------------------------
Cell Name : IN_3VX2 layout D_CELLS_3V

                   Cell Errors    Real Errors   Cell Placements     Environments
                             1              1                 5                1
--------------------------------------------------------------------------------
Env.  Env. Placements            X1           Y1          X2           Y2

  1        5               1261.350    -1303.135    1266.450    -1295.375

Shape               Environments Status & Error Marker 

          1           X1         Y1         X2         Y2

   1      X       -1.430     -1.640      3.670      6.120

--------------------------------------------------------------------------------
Cell Name : AND2HDX0 layout D_CELLS_HD

                   Cell Errors    Real Errors   Cell Placements     Environments
                             1              1                 5                1
--------------------------------------------------------------------------------
Env.  Env. Placements            X1           Y1          X2           Y2

  1        5               1247.770    -1302.895    1253.430    -1295.375

Shape               Environments Status & Error Marker 

          1           X1         Y1         X2         Y2

   1      X       -1.430     -1.400      4.230      6.120

--------------------------------------------------------------------------------
Cell Name : rpp1k1 layout PRIMLIB lstrip="25u" shapeType="Serpentine 90" strips=4 in1=R3

                   Cell Errors    Real Errors   Cell Placements     Environments
                             1              1                 2                1
--------------------------------------------------------------------------------
Env.  Env. Placements            X1           Y1          X2           Y2

  1        2               1438.345    -1224.030    1449.565    -1191.650

Shape               Environments Status & Error Marker 

          1           X1         Y1         X2         Y2

   1      X       -4.160     -1.220     28.220     10.000

--------------------------------------------------------------------------------
Cell Name : ped_bjt layout PRIMLIB w="30u" in1=M11

                   Cell Errors    Real Errors   Cell Placements     Environments
                             1              1                 6                1
--------------------------------------------------------------------------------
Env.  Env. Placements            X1           Y1          X2           Y2

  1        6               1447.165    -1146.900    1479.065    -1100.000

Shape               Environments Status & Error Marker 

          1           X1         Y1         X2         Y2

   1      X      -15.950    -15.950     15.950     30.950

--------------------------------------------------------------------------------
Cell Name : nedia_bjt layout PRIMLIB in1=M17

                   Cell Errors    Real Errors   Cell Placements     Environments
                             1              1                 2                1
--------------------------------------------------------------------------------
Env.  Env. Placements            X1           Y1          X2           Y2

  1        2               1545.320    -1197.355    1579.760    -1151.575

Shape               Environments Status & Error Marker 

          1           X1         Y1         X2         Y2

   1      X      -17.220    -20.390     17.220     25.390

--------------------------------------------------------------------------------
Cell Name : nedia_bjt layout PRIMLIB ng="5" w="60u" in1=M16

                   Cell Errors    Real Errors   Cell Placements     Environments
                             1              1                 1                1
--------------------------------------------------------------------------------
Env.  Env. Placements            X1           Y1          X2           Y2

  1        1               1452.035    -1222.680    1534.075    -1151.900

Shape               Environments Status & Error Marker 

          1           X1         Y1         X2         Y2

   1      X      -17.220    -20.390     64.820     50.390

--------------------------------------------------------------------------------
Cell Name : ne3 layout PRIMLIB gContT="Met1" l="2u" w="8u" in1=M32e5

                   Cell Errors    Real Errors   Cell Placements     Environments
                             1              1                24                1
--------------------------------------------------------------------------------
Env.  Env. Placements            X1           Y1          X2           Y2

  1       24               1412.345    -1144.295    1417.945    -1133.325

Shape               Environments Status & Error Marker 

          1           X1         Y1         X2         Y2

   1      X       -1.800     -1.400      3.800      9.570

--------------------------------------------------------------------------------
Cell Name : csft5a layout PRIMLIB

                   Cell Errors    Real Errors   Cell Placements     Environments
                             1              1                60                1
--------------------------------------------------------------------------------
Env.  Env. Placements            X1           Y1          X2           Y2

  1       60               1546.695    -1136.590    1554.455    -1123.490

Shape               Environments Status & Error Marker 

          1           X1         Y1         X2         Y2

   1      X       -1.000     -1.000      6.760     12.100

--------------------------------------------------------------------------------
Cell Name : LS_HighSide_V3_ST layout Stimulator_IMP

                   Cell Errors    Real Errors   Cell Placements     Environments
                             1              1                16                1
--------------------------------------------------------------------------------
Env.  Env. Placements            X1           Y1          X2           Y2

  1       16               1677.915    -1723.285    1772.215    -1667.305

Shape               Environments Status & Error Marker 

          1           X1         Y1         X2         Y2

   1      X       -0.500     -2.720     93.800     53.260

--------------------------------------------------------------------------------
Cell Name : HVMOS_GateRingM1 layout Stimulator_IMP

                   Cell Errors    Real Errors   Cell Placements     Environments
                             1              1                 2                1
--------------------------------------------------------------------------------
Env.  Env. Placements            X1           Y1          X2           Y2

  1        2               1621.265    -1274.090    1646.745    -1202.265

Shape               Environments Status & Error Marker 

          1           X1         Y1         X2         Y2

   1      X       -1.000     -1.000     24.480     70.825

--------------------------------------------------------------------------------
Cell Name : CurrentMirror_x10_LV layout Stimulator_IMP

                   Cell Errors    Real Errors   Cell Placements     Environments
                             1              1                 1                1
--------------------------------------------------------------------------------
Env.  Env. Placements            X1           Y1          X2           Y2

  1        1               1420.695    -1306.235    1576.315    -1224.905

Shape               Environments Status & Error Marker 

          1           X1         Y1         X2         Y2

   1      X        1.920      1.410    157.540     82.740

--------------------------------------------------------------------------------
Cell Name : nedia_bjt layout PRIMLIB w="80u" in1=M02e1

                   Cell Errors    Real Errors   Cell Placements     Environments
                             1              1                24                1
--------------------------------------------------------------------------------
Env.  Env. Placements            X1           Y1          X2           Y2

  1       24               1241.985    -1558.495    1276.425    -1477.715

Shape               Environments Status & Error Marker 

          1           X1         Y1         X2         Y2

   1      X      -17.220    -20.390     17.220     60.390

--------------------------------------------------------------------------------
Cell Name : ResistiveDivider layout Stimulator_IMP

                   Cell Errors    Real Errors   Cell Placements     Environments
                             1              1                 8                1
--------------------------------------------------------------------------------
Env.  Env. Placements            X1           Y1          X2           Y2

  1        8               1726.975    -1668.605    1772.215    -1612.625

Shape               Environments Status & Error Marker 

          1           X1         Y1         X2         Y2

   1      X        0.720      1.035     45.960     57.015

--------------------------------------------------------------------------------
Cell Name : M3_MTPcell layout Stimulator_IMP

                   Cell Errors    Real Errors   Cell Placements     Environments
                             1              1               204                1
--------------------------------------------------------------------------------
Env.  Env. Placements            X1           Y1          X2           Y2

  1      204               1766.915     -930.945    1776.475     -921.385

Shape               Environments Status & Error Marker 

          1           X1         Y1         X2         Y2

   1      X       -1.000     -1.000      8.560      8.560

--------------------------------------------------------------------------------
Cell Name : M3_MTP_8_cell layout Stimulator_IMP

                   Cell Errors    Real Errors   Cell Placements     Environments
                             1              1                32                1
--------------------------------------------------------------------------------
Env.  Env. Placements            X1           Y1          X2           Y2

  1       32               1242.545    -1620.300    1252.785    -1610.060

Shape               Environments Status & Error Marker 

          1           X1         Y1         X2         Y2

   1      X       -1.000     -1.000      9.240      9.240

--------------------------------------------------------------------------------
Cell Name : LSHVT18U3VX1 layout D_CELLS_M3V

                   Cell Errors    Real Errors   Cell Placements     Environments
                             1              1                 5                1
--------------------------------------------------------------------------------
Env.  Env. Placements            X1           Y1          X2           Y2

  1        5               1255.190    -1303.135    1264.210    -1295.375

Shape               Environments Status & Error Marker 

          1           X1         Y1         X2         Y2

   1      X       -1.430     -1.640      7.590      6.120

--------------------------------------------------------------------------------
Cell Name : HalfBridge_ST layout Stimulator_IMP

                   Cell Errors    Real Errors   Cell Placements     Environments
                             1              1                 8                1
--------------------------------------------------------------------------------
Env.  Env. Placements            X1           Y1          X2           Y2

  1        8               1675.330    -1727.215    1989.230    -1553.785

Shape               Environments Status & Error Marker 

          1           X1         Y1         X2         Y2

   1      X       -0.245     16.545    313.655    189.975

--------------------------------------------------------------------------------
Cell Name : CurrentSource_All_ST layout Stimulator_IMP

                   Cell Errors    Real Errors   Cell Placements     Environments
                            29             29                 1                1
--------------------------------------------------------------------------------
Env.  Env. Placements            X1           Y1          X2           Y2

  1        1               1188.745    -1620.300    1652.665    -1052.600

Shape               Environments Status & Error Marker 

          1           X1         Y1         X2         Y2

   1      X      232.030   -896.405    287.830   -842.995
   2      X      232.030   -638.995    617.600   -328.705
   3      X      246.990   -875.445    260.990   -861.445
   4      X      246.990   -863.450    260.990   -849.450
   5      X      258.990   -875.445    272.990   -861.445
   6      X      258.990   -863.450    272.990   -849.450
   7      X      270.990   -875.445    284.990   -861.445
   8      X      270.990   -863.450    284.990   -849.450
   9      X      282.990   -839.445    644.990   -645.460
  10      X      465.980   -503.010    617.600   -328.705
  11      X      477.230   -400.120    480.830   -328.705
  12      X      591.980   -429.680    601.960   -328.705
  13      X      591.980   -401.595    595.740   -397.915
  14      X      601.960   -429.680    614.400   -328.705
  15      X      610.640   -429.680    620.620   -328.705
  16      X      610.640   -401.595    614.400   -397.915
  17      X      617.600   -638.995    695.950   -328.705
  18      X      620.620   -429.680    633.060   -328.705
  19      X      629.300   -429.680    639.280   -328.705
  20      X      629.300   -401.595    633.060   -397.915
  21      X      639.280   -429.680    651.720   -328.705
  22      X      640.150   -896.405    695.950   -842.995
  23      X      642.990   -875.445    656.990   -861.445
  24      X      642.990   -863.450    656.990   -849.450
  25      X      647.960   -401.595    651.720   -397.915
  26      X      654.990   -875.445    668.990   -861.445
  27      X      654.990   -863.450    668.990   -849.450
  28      X      666.990   -875.445    680.990   -861.445
  29      X      666.990   -863.450    680.990   -849.450

--------------------------------------------------------------------------------
Cell Name : MultiChannel_ST layout Stimulator_IMP

                   Cell Errors    Real Errors   Cell Placements     Environments
                             8              8                 1                1
--------------------------------------------------------------------------------
Env.  Env. Placements            X1           Y1          X2           Y2

  1        1               1077.625    -1727.215    1989.230     -716.190

Shape               Environments Status & Error Marker 

          1           X1         Y1         X2         Y2

   1      X     1077.625  -1727.215   1776.475   -928.945
   2      X     1249.055   -900.705   1253.505   -746.430
   3      X     1422.935   -900.705   1427.385   -746.430
   4      X     1596.815   -900.705   1601.265   -746.430
   5      X     1770.695  -1034.145   1989.230   -716.190
   6      X     1804.715  -1555.785   1958.990  -1551.335
   7      X     1804.715  -1381.905   1958.990  -1377.455
   8      X     1804.715  -1208.025   1958.990  -1203.575

