Begin Incremental Netlisting Mar  5 13:54:00 2021
End netlisting Mar  5 13:54:00 2021
Begin Incremental Netlisting Mar  8 11:04:41 2021
End netlisting Mar  8 11:04:41 2021
Begin Incremental Netlisting Mar  8 11:06:35 2021
WARNING (OSSHNL-160): The primitive, 'PRIMLIB/nmma_bjt/spectre', was not used in
the last netlisting session in this
current run directory. Therefore,
re-netlisting all cell views where this
primitive is instantiated.

End netlisting Mar  8 11:06:35 2021
Begin Incremental Netlisting Mar  8 11:07:08 2021
End netlisting Mar  8 11:07:08 2021
Begin Incremental Netlisting Mar  8 11:16:03 2021
End netlisting Mar  8 11:16:03 2021
Begin Incremental Netlisting Mar  8 11:24:09 2021
End netlisting Mar  8 11:24:09 2021
Begin Incremental Netlisting Mar  8 11:25:34 2021
End netlisting Mar  8 11:25:35 2021
Begin Incremental Netlisting Mar  8 11:26:20 2021
End netlisting Mar  8 11:26:20 2021
Begin Incremental Netlisting Mar  8 11:28:01 2021
End netlisting Mar  8 11:28:01 2021
Begin Incremental Netlisting Mar  8 11:31:33 2021
End netlisting Mar  8 11:31:33 2021
