Begin Incremental Netlisting May  4 16:29:21 2021
End netlisting May  4 16:29:21 2021
Begin Incremental Netlisting May  4 16:30:02 2021
WARNING (OSSHNL-269): Variable 'simModelNamePrefix' is not defined in the
current netlisting session. It had a value
'_unl' last time netlisting was done
in current run directory. Netlists from last
session cannot be used for
incremental netlisting. Therefore re-netlisting the
design.

End netlisting May  4 16:30:02 2021
Begin Incremental Netlisting May  4 16:30:49 2021
WARNING (OSSHNL-269): Variable 'simModelNamePrefix' is not defined in the
current netlisting session. It had a value
'_unl' last time netlisting was done
in current run directory. Netlists from last
session cannot be used for
incremental netlisting. Therefore re-netlisting the
design.

End netlisting May  4 16:30:49 2021
Begin Incremental Netlisting May  4 16:33:08 2021
WARNING (OSSHNL-269): Variable 'simModelNamePrefix' is not defined in the
current netlisting session. It had a value
'_unl' last time netlisting was done
in current run directory. Netlists from last
session cannot be used for
incremental netlisting. Therefore re-netlisting the
design.

End netlisting May  4 16:33:08 2021
Begin Incremental Netlisting May  4 16:33:21 2021
WARNING (OSSHNL-269): Variable 'simModelNamePrefix' is not defined in the
current netlisting session. It had a value
'_unl' last time netlisting was done
in current run directory. Netlists from last
session cannot be used for
incremental netlisting. Therefore re-netlisting the
design.

End netlisting May  4 16:33:21 2021
Begin Incremental Netlisting May  4 16:34:47 2021
WARNING (OSSHNL-269): Variable 'simModelNamePrefix' is not defined in the
current netlisting session. It had a value
'_unl' last time netlisting was done
in current run directory. Netlists from last
session cannot be used for
incremental netlisting. Therefore re-netlisting the
design.

End netlisting May  4 16:34:47 2021
