ahdlcmicompile: Compiling ahdlcmi in xcelium.d/AMSD/ahdlSimDB/1483_research_EMG_202009_MUX_16_verilogams_verilog.vams.EMG_202009__MUX_16__verilogams__0x10000001_behavioral.ahdlcmi/Linux-64/ for Linux-64 with optimize using gcc on Wed Sep 30 15:11:16 CEST 2020 [5.0]
ahdlcmicompile: Generating makefile
PATH:  /pkg/cadence/installs/IC618/bin:/pkg/cadence/installs/IC618/tools/bin/64bit:/pkg/cadence/installs/IC618/tools/bin:/pkg/cadence/installs/IC618/share/oa/bin:/pkg/xfab/XKIT/x_all/cadence/xenv:/usr/lib64/qt-3.3/bin:/usr/local/bin:/usr/bin:/usr/local/sbin:/usr/sbin:/home/ykhuang/.local/bin:/home/ykhuang/bin:/pkg/cadence/installs/IC618/tools/dfII/bin:/pkg/cadence/installs/SPECTRE181/tools/bin:/pkg/cadence/installs/ASSURA41/tools/bin:/pkg/cadence/installs/ASSURA41/tools/assura/bin:/pkg/cadence/installs/EXT182/tools/bin:/pkg/cadence/installs/XCELIUM1803/tools/bin/64bit:/pkg/cadence/installs/XCELIUM1803/tools/bin:/pkg/cadence/installs/GENUS181/tools.lnx86/bin:/pkg/cadence/installs/INNOVUS181/tools/bin/64bit:/pkg/cadence/installs/INNOVUS181/tools/bin
LD_LIBRARY_PATH:  /pkg/cadence/installs/XCELIUM1803/tools/lib/64bit:/pkg/cadence/installs/XCELIUM1803/tools/lib/64bit/SuSE:/pkg/cadence/installs/IC618/tools/lib/64bit:/pkg/cadence/installs/IC618/tools/lib:/pkg/cadence/installs/IC618/tools/lib/64bit/RHEL/RHEL7:/pkg/cadence/installs/IC618/share/oa/lib/linux_rhel60_64/opt:/pkg/cadence/installs/IC618/tools/dfII/lib/64bit:/pkg/cadence/installs/IC618/tools/sev/lib/64bit:/pkg/cadence/installs/IC618/tools/hdf5/lib/64bit:/pkg/cadence/installs/IC618/tools/lz4/lib/64bit:/pkg/cadence/installs/XCELIUM1803/tools.lnx86/lib/64bit:/pkg/cadence/installs/IC618/tools/Qt/v5/64bit/lib
/pkg/cadence/installs/XCELIUM1803/tools.lnx86/spectre/ahdlcmi/bin/gnumake -j32 -f GNUmakefile
Cleaning ./obj/optimize/5.0
rm -f -rf ./obj/optimize/5.0
Compiling C file EMG_202009__MUX_16__verilogams__0x10000001_behavioral_func.c (optimize)
/pkg/cadence/installs/XCELIUM1803/tools.lnx86/spectre/ahdlcmi/bin/64bit/ahdlcc 0 /pkg/cadence/installs/XCELIUM1803/tools.lnx86/cdsgcc/gcc/4.8/bin/gcc  -march=k8 -ffast-math  -fno-unsafe-math-optimizations -O3 -m64 -DSYSV -DSVR4 -D_REENTRANT -fPIC   -DconfigSPECTRE -I. -I/pkg/cadence/installs/XCELIUM1803/tools.lnx86/spectre/ahdlcmi/include -c EMG_202009__MUX_16__verilogams__0x10000001_behavioral_func.c -o obj/optimize/5.0/EMG_202009__MUX_16__verilogams__0x10000001_behavioral_func.o || rm -f -f obj/optimize/5.0/EMG_202009__MUX_16__verilogams__0x10000001_behavioral_func.o
Compiling C file EMG_202009__MUX_16__verilogams__0x10000001_behavioral_DcFuncDerLoad.c (optimize)
/pkg/cadence/installs/XCELIUM1803/tools.lnx86/spectre/ahdlcmi/bin/64bit/ahdlcc 0 /pkg/cadence/installs/XCELIUM1803/tools.lnx86/cdsgcc/gcc/4.8/bin/gcc  -march=k8 -ffast-math  -fno-unsafe-math-optimizations -O3 -m64 -DSYSV -DSVR4 -D_REENTRANT -fPIC   -DconfigSPECTRE -I. -I/pkg/cadence/installs/XCELIUM1803/tools.lnx86/spectre/ahdlcmi/include -c EMG_202009__MUX_16__verilogams__0x10000001_behavioral_DcFuncDerLoad.c -o obj/optimize/5.0/EMG_202009__MUX_16__verilogams__0x10000001_behavioral_DcFuncDerLoad.o || rm -f -f obj/optimize/5.0/EMG_202009__MUX_16__verilogams__0x10000001_behavioral_DcFuncDerLoad.o
Compiling C file EMG_202009__MUX_16__verilogams__0x10000001_behavioral_DcFuncLoad.c (optimize)
/pkg/cadence/installs/XCELIUM1803/tools.lnx86/spectre/ahdlcmi/bin/64bit/ahdlcc 0 /pkg/cadence/installs/XCELIUM1803/tools.lnx86/cdsgcc/gcc/4.8/bin/gcc  -march=k8 -ffast-math  -fno-unsafe-math-optimizations -O3 -m64 -DSYSV -DSVR4 -D_REENTRANT -fPIC   -DconfigSPECTRE -I. -I/pkg/cadence/installs/XCELIUM1803/tools.lnx86/spectre/ahdlcmi/include -c EMG_202009__MUX_16__verilogams__0x10000001_behavioral_DcFuncLoad.c -o obj/optimize/5.0/EMG_202009__MUX_16__verilogams__0x10000001_behavioral_DcFuncLoad.o || rm -f -f obj/optimize/5.0/EMG_202009__MUX_16__verilogams__0x10000001_behavioral_DcFuncLoad.o
Compiling C file EMG_202009__MUX_16__verilogams__0x10000001_behavioral_TranFuncDerLoad.c (optimize)
/pkg/cadence/installs/XCELIUM1803/tools.lnx86/spectre/ahdlcmi/bin/64bit/ahdlcc 0 /pkg/cadence/installs/XCELIUM1803/tools.lnx86/cdsgcc/gcc/4.8/bin/gcc  -march=k8 -ffast-math  -fno-unsafe-math-optimizations -O3 -m64 -DSYSV -DSVR4 -D_REENTRANT -fPIC   -DconfigSPECTRE -I. -I/pkg/cadence/installs/XCELIUM1803/tools.lnx86/spectre/ahdlcmi/include -c EMG_202009__MUX_16__verilogams__0x10000001_behavioral_TranFuncDerLoad.c -o obj/optimize/5.0/EMG_202009__MUX_16__verilogams__0x10000001_behavioral_TranFuncDerLoad.o || rm -f -f obj/optimize/5.0/EMG_202009__MUX_16__verilogams__0x10000001_behavioral_TranFuncDerLoad.o
Compiling C file EMG_202009__MUX_16__verilogams__0x10000001_behavioral_TranFuncLoad.c (optimize)
Compiling C file EMG_202009__MUX_16__verilogams__0x10000001_behavioral_cmi_c.c (optimize)
/pkg/cadence/installs/XCELIUM1803/tools.lnx86/spectre/ahdlcmi/bin/64bit/ahdlcc 0 /pkg/cadence/installs/XCELIUM1803/tools.lnx86/cdsgcc/gcc/4.8/bin/gcc  -march=k8 -ffast-math  -fno-unsafe-math-optimizations -O3 -m64 -DSYSV -DSVR4 -D_REENTRANT -fPIC   -DconfigSPECTRE -I. -I/pkg/cadence/installs/XCELIUM1803/tools.lnx86/spectre/ahdlcmi/include -c EMG_202009__MUX_16__verilogams__0x10000001_behavioral_TranFuncLoad.c -o obj/optimize/5.0/EMG_202009__MUX_16__verilogams__0x10000001_behavioral_TranFuncLoad.o || rm -f -f obj/optimize/5.0/EMG_202009__MUX_16__verilogams__0x10000001_behavioral_TranFuncLoad.o
/pkg/cadence/installs/XCELIUM1803/tools.lnx86/spectre/ahdlcmi/bin/64bit/ahdlcc 0 /pkg/cadence/installs/XCELIUM1803/tools.lnx86/cdsgcc/gcc/4.8/bin/gcc  -march=k8 -ffast-math  -fno-unsafe-math-optimizations -O3 -m64 -DSYSV -DSVR4 -D_REENTRANT -fPIC   -DconfigSPECTRE -I. -I/pkg/cadence/installs/XCELIUM1803/tools.lnx86/spectre/ahdlcmi/include -I/pkg/cadence/installs/XCELIUM1803/tools.lnx86/cmi/include -c EMG_202009__MUX_16__verilogams__0x10000001_behavioral_cmi_c.c -o obj/optimize/5.0/EMG_202009__MUX_16__verilogams__0x10000001_behavioral_cmi_c.o || rm -f -f obj/optimize/5.0/EMG_202009__MUX_16__verilogams__0x10000001_behavioral_cmi_c.o
<stdin>: In function 'EMG_202009__MUX_16__verilogams__0x10000001_behavioral_AcLoad':
<stdin>:191:2: warning: passing argument 1 of 'aslDevDoDACGetIntFromABInt' from incompatible pointer type [enabled by default]
In file included from <stdin>:24:0:
/pkg/cadence/installs/XCELIUM1803/tools.lnx86/spectre/ahdlcmi/include/ahdlDevLibGlobal.h:2159:38: note: expected 'char *' but argument is of type 'long int *'
 ASL_FUNC_DECL_START extern long long aslDevDoDACGetIntFromABInt ( char *, long, struct ahdlFuncModeParam *, int * );
                                      ^
<stdin>: In function 'EMG_202009__MUX_16__verilogams__0x10000001_behavioral_TranFuncDerLoad':
<stdin>:191:2: warning: passing argument 1 of 'aslDevDoDACGetIntFromABInt' from incompatible pointer type [enabled by default]
In file included from <stdin>:24:0:
/pkg/cadence/installs/XCELIUM1803/tools.lnx86/spectre/ahdlcmi/include/ahdlDevLibGlobal.h:2159:38: note: expected 'char *' but argument is of type 'long int *'
 ASL_FUNC_DECL_START extern long long aslDevDoDACGetIntFromABInt ( char *, long, struct ahdlFuncModeParam *, int * );
                                      ^
<stdin>:445:4: warning: passing argument 1 of 'aslDevInterAddStaticElement' makes pointer from integer without a cast [enabled by default]
In file included from <stdin>:24:0:
/pkg/cadence/installs/XCELIUM1803/tools.lnx86/spectre/ahdlcmi/include/ahdlDevLibGlobal.h:2171:33: note: expected 'void *' but argument is of type 'long int'
 ASL_FUNC_DECL_START extern long aslDevInterAddStaticElement( void *, double, struct ahdlFuncModeParam * );
                                 ^
<stdin>:452:4: warning: passing argument 1 of 'aslDevInterAddStaticElement' makes pointer from integer without a cast [enabled by default]
In file included from <stdin>:24:0:
/pkg/cadence/installs/XCELIUM1803/tools.lnx86/spectre/ahdlcmi/include/ahdlDevLibGlobal.h:2171:33: note: expected 'void *' but argument is of type 'long int'
 ASL_FUNC_DECL_START extern long aslDevInterAddStaticElement( void *, double, struct ahdlFuncModeParam * );
                                 ^
<stdin>:453:40: warning: passing argument 1 of 'aslDevInterAddStaticElement' makes pointer from integer without a cast [enabled by default]
In file included from <stdin>:24:0:
/pkg/cadence/installs/XCELIUM1803/tools.lnx86/spectre/ahdlcmi/include/ahdlDevLibGlobal.h:2171:33: note: expected 'void *' but argument is of type 'long int'
 ASL_FUNC_DECL_START extern long aslDevInterAddStaticElement( void *, double, struct ahdlFuncModeParam * );
                                 ^
<stdin>:455:4: warning: passing argument 1 of 'aslDevInterAddStaticElement' makes pointer from integer without a cast [enabled by default]
In file included from <stdin>:24:0:
/pkg/cadence/installs/XCELIUM1803/tools.lnx86/spectre/ahdlcmi/include/ahdlDevLibGlobal.h:2171:33: note: expected 'void *' but argument is of type 'long int'
 ASL_FUNC_DECL_START extern long aslDevInterAddStaticElement( void *, double, struct ahdlFuncModeParam * );
                                 ^
<stdin>:456:40: warning: passing argument 1 of 'aslDevInterAddStaticElement' makes pointer from integer without a cast [enabled by default]
In file included from <stdin>:24:0:
/pkg/cadence/installs/XCELIUM1803/tools.lnx86/spectre/ahdlcmi/include/ahdlDevLibGlobal.h:2171:33: note: expected 'void *' but argument is of type 'long int'
 ASL_FUNC_DECL_START extern long aslDevInterAddStaticElement( void *, double, struct ahdlFuncModeParam * );
                                 ^
<stdin>:458:4: warning: passing argument 1 of 'aslDevInterAddStaticElement' makes pointer from integer without a cast [enabled by default]
In file included from <stdin>:24:0:
/pkg/cadence/installs/XCELIUM1803/tools.lnx86/spectre/ahdlcmi/include/ahdlDevLibGlobal.h:2171:33: note: expected 'void *' but argument is of type 'long int'
 ASL_FUNC_DECL_START extern long aslDevInterAddStaticElement( void *, double, struct ahdlFuncModeParam * );
                                 ^
<stdin>:459:40: warning: passing argument 1 of 'aslDevInterAddStaticElement' makes pointer from integer without a cast [enabled by default]
<stdin>: In function 'EMG_202009__MUX_16__verilogams__0x10000001_behavioral_DcFuncDerLoad':
<stdin>:191:2: warning: passing argument 1 of 'aslDevDoDACGetIntFromABInt' from incompatible pointer type [enabled by default]
In file included from <stdin>:24:0:
/pkg/cadence/installs/XCELIUM1803/tools.lnx86/spectre/ahdlcmi/include/ahdlDevLibGlobal.h:2171:33: note: expected 'void *' but argument is of type 'long int'
 ASL_FUNC_DECL_START extern long aslDevInterAddStaticElement( void *, double, struct ahdlFuncModeParam * );
                                 ^
<stdin>:461:4: warning: passing argument 1 of 'aslDevInterAddStaticElement' makes pointer from integer without a cast [enabled by default]
In file included from <stdin>:24:0:
/pkg/cadence/installs/XCELIUM1803/tools.lnx86/spectre/ahdlcmi/include/ahdlDevLibGlobal.h:2159:38: note: expected 'char *' but argument is of type 'long int *'
 ASL_FUNC_DECL_START extern long long aslDevDoDACGetIntFromABInt ( char *, long, struct ahdlFuncModeParam *, int * );
                                      ^
In file included from <stdin>:24:0:
/pkg/cadence/installs/XCELIUM1803/tools.lnx86/spectre/ahdlcmi/include/ahdlDevLibGlobal.h:2171:33: note: expected 'void *' but argument is of type 'long int'
 ASL_FUNC_DECL_START extern long aslDevInterAddStaticElement( void *, double, struct ahdlFuncModeParam * );
                                 ^
<stdin>:462:40: warning: passing argument 1 of 'aslDevInterAddStaticElement' makes pointer from integer without a cast [enabled by default]
In file included from <stdin>:24:0:
/pkg/cadence/installs/XCELIUM1803/tools.lnx86/spectre/ahdlcmi/include/ahdlDevLibGlobal.h:2171:33: note: expected 'void *' but argument is of type 'long int'
 ASL_FUNC_DECL_START extern long aslDevInterAddStaticElement( void *, double, struct ahdlFuncModeParam * );
                                 ^
<stdin>:464:4: warning: passing argument 1 of 'aslDevInterAddStaticElement' makes pointer from integer without a cast [enabled by default]
In file included from <stdin>:24:0:
/pkg/cadence/installs/XCELIUM1803/tools.lnx86/spectre/ahdlcmi/include/ahdlDevLibGlobal.h:2171:33: note: expected 'void *' but argument is of type 'long int'
 ASL_FUNC_DECL_START extern long aslDevInterAddStaticElement( void *, double, struct ahdlFuncModeParam * );
                                 ^
<stdin>:465:40: warning: passing argument 1 of 'aslDevInterAddStaticElement' makes pointer from integer without a cast [enabled by default]
In file included from <stdin>:24:0:
/pkg/cadence/installs/XCELIUM1803/tools.lnx86/spectre/ahdlcmi/include/ahdlDevLibGlobal.h:2171:33: note: expected 'void *' but argument is of type 'long int'
 ASL_FUNC_DECL_START extern long aslDevInterAddStaticElement( void *, double, struct ahdlFuncModeParam * );
                                 ^
<stdin>:467:4: warning: passing argument 1 of 'aslDevInterAddStaticElement' makes pointer from integer without a cast [enabled by default]
<stdin>:445:4: warning: passing argument 1 of 'aslDevInterAddStaticElement' makes pointer from integer without a cast [enabled by default]
In file included from <stdin>:24:0:
/pkg/cadence/installs/XCELIUM1803/tools.lnx86/spectre/ahdlcmi/include/ahdlDevLibGlobal.h:2171:33: note: expected 'void *' but argument is of type 'long int'
 ASL_FUNC_DECL_START extern long aslDevInterAddStaticElement( void *, double, struct ahdlFuncModeParam * );
                                 ^
<stdin>:468:40: warning: passing argument 1 of 'aslDevInterAddStaticElement' makes pointer from integer without a cast [enabled by default]
In file included from <stdin>:24:0:
/pkg/cadence/installs/XCELIUM1803/tools.lnx86/spectre/ahdlcmi/include/ahdlDevLibGlobal.h:2171:33: note: expected 'void *' but argument is of type 'long int'
 ASL_FUNC_DECL_START extern long aslDevInterAddStaticElement( void *, double, struct ahdlFuncModeParam * );
                                 ^
In file included from <stdin>:24:0:
/pkg/cadence/installs/XCELIUM1803/tools.lnx86/spectre/ahdlcmi/include/ahdlDevLibGlobal.h:2171:33: note: expected 'void *' but argument is of type 'long int'
 ASL_FUNC_DECL_START extern long aslDevInterAddStaticElement( void *, double, struct ahdlFuncModeParam * );
                                 ^
<stdin>:470:4: warning: passing argument 1 of 'aslDevInterAddStaticElement' makes pointer from integer without a cast [enabled by default]
<stdin>:452:4: warning: passing argument 1 of 'aslDevInterAddStaticElement' makes pointer from integer without a cast [enabled by default]
In file included from <stdin>:24:0:
/pkg/cadence/installs/XCELIUM1803/tools.lnx86/spectre/ahdlcmi/include/ahdlDevLibGlobal.h:2171:33: note: expected 'void *' but argument is of type 'long int'
 ASL_FUNC_DECL_START extern long aslDevInterAddStaticElement( void *, double, struct ahdlFuncModeParam * );
                                 ^
<stdin>:471:40: warning: passing argument 1 of 'aslDevInterAddStaticElement' makes pointer from integer without a cast [enabled by default]
In file included from <stdin>:24:0:
/pkg/cadence/installs/XCELIUM1803/tools.lnx86/spectre/ahdlcmi/include/ahdlDevLibGlobal.h:2171:33: note: expected 'void *' but argument is of type 'long int'
 ASL_FUNC_DECL_START extern long aslDevInterAddStaticElement( void *, double, struct ahdlFuncModeParam * );
                                 ^
<stdin>:453:40: warning: passing argument 1 of 'aslDevInterAddStaticElement' makes pointer from integer without a cast [enabled by default]
In file included from <stdin>:24:0:
/pkg/cadence/installs/XCELIUM1803/tools.lnx86/spectre/ahdlcmi/include/ahdlDevLibGlobal.h:2171:33: note: expected 'void *' but argument is of type 'long int'
 ASL_FUNC_DECL_START extern long aslDevInterAddStaticElement( void *, double, struct ahdlFuncModeParam * );
                                 ^
<stdin>:473:4: warning: passing argument 1 of 'aslDevInterAddStaticElement' makes pointer from integer without a cast [enabled by default]
In file included from <stdin>:24:0:
/pkg/cadence/installs/XCELIUM1803/tools.lnx86/spectre/ahdlcmi/include/ahdlDevLibGlobal.h:2171:33: note: expected 'void *' but argument is of type 'long int'
 ASL_FUNC_DECL_START extern long aslDevInterAddStaticElement( void *, double, struct ahdlFuncModeParam * );
                                 ^
<stdin>:455:4: warning: passing argument 1 of 'aslDevInterAddStaticElement' makes pointer from integer without a cast [enabled by default]
In file included from <stdin>:24:0:
/pkg/cadence/installs/XCELIUM1803/tools.lnx86/spectre/ahdlcmi/include/ahdlDevLibGlobal.h:2171:33: note: expected 'void *' but argument is of type 'long int'
 ASL_FUNC_DECL_START extern long aslDevInterAddStaticElement( void *, double, struct ahdlFuncModeParam * );
                                 ^
<stdin>:474:40: warning: passing argument 1 of 'aslDevInterAddStaticElement' makes pointer from integer without a cast [enabled by default]
In file included from <stdin>:24:0:
/pkg/cadence/installs/XCELIUM1803/tools.lnx86/spectre/ahdlcmi/include/ahdlDevLibGlobal.h:2171:33: note: expected 'void *' but argument is of type 'long int'
 ASL_FUNC_DECL_START extern long aslDevInterAddStaticElement( void *, double, struct ahdlFuncModeParam * );
                                 ^
<stdin>:456:40: warning: passing argument 1 of 'aslDevInterAddStaticElement' makes pointer from integer without a cast [enabled by default]
In file included from <stdin>:24:0:
/pkg/cadence/installs/XCELIUM1803/tools.lnx86/spectre/ahdlcmi/include/ahdlDevLibGlobal.h:2171:33: note: expected 'void *' but argument is of type 'long int'
 ASL_FUNC_DECL_START extern long aslDevInterAddStaticElement( void *, double, struct ahdlFuncModeParam * );
                                 ^
<stdin>:476:4: warning: passing argument 1 of 'aslDevInterAddStaticElement' makes pointer from integer without a cast [enabled by default]
In file included from <stdin>:24:0:
/pkg/cadence/installs/XCELIUM1803/tools.lnx86/spectre/ahdlcmi/include/ahdlDevLibGlobal.h:2171:33: note: expected 'void *' but argument is of type 'long int'
 ASL_FUNC_DECL_START extern long aslDevInterAddStaticElement( void *, double, struct ahdlFuncModeParam * );
                                 ^
<stdin>:458:4: warning: passing argument 1 of 'aslDevInterAddStaticElement' makes pointer from integer without a cast [enabled by default]
In file included from <stdin>:24:0:
/pkg/cadence/installs/XCELIUM1803/tools.lnx86/spectre/ahdlcmi/include/ahdlDevLibGlobal.h:2171:33: note: expected 'void *' but argument is of type 'long int'
 ASL_FUNC_DECL_START extern long aslDevInterAddStaticElement( void *, double, struct ahdlFuncModeParam * );
                                 ^
<stdin>:477:40: warning: passing argument 1 of 'aslDevInterAddStaticElement' makes pointer from integer without a cast [enabled by default]
In file included from <stdin>:24:0:
/pkg/cadence/installs/XCELIUM1803/tools.lnx86/spectre/ahdlcmi/include/ahdlDevLibGlobal.h:2171:33: note: expected 'void *' but argument is of type 'long int'
 ASL_FUNC_DECL_START extern long aslDevInterAddStaticElement( void *, double, struct ahdlFuncModeParam * );
                                 ^
In file included from <stdin>:24:0:
/pkg/cadence/installs/XCELIUM1803/tools.lnx86/spectre/ahdlcmi/include/ahdlDevLibGlobal.h:2171:33: note: expected 'void *' but argument is of type 'long int'
 ASL_FUNC_DECL_START extern long aslDevInterAddStaticElement( void *, double, struct ahdlFuncModeParam * );
                                 ^
<stdin>:459:40: warning: passing argument 1 of 'aslDevInterAddStaticElement' makes pointer from integer without a cast [enabled by default]
<stdin>:479:4: warning: passing argument 1 of 'aslDevInterAddStaticElement' makes pointer from integer without a cast [enabled by default]
In file included from <stdin>:24:0:
/pkg/cadence/installs/XCELIUM1803/tools.lnx86/spectre/ahdlcmi/include/ahdlDevLibGlobal.h:2171:33: note: expected 'void *' but argument is of type 'long int'
 ASL_FUNC_DECL_START extern long aslDevInterAddStaticElement( void *, double, struct ahdlFuncModeParam * );
                                 ^
In file included from <stdin>:24:0:
/pkg/cadence/installs/XCELIUM1803/tools.lnx86/spectre/ahdlcmi/include/ahdlDevLibGlobal.h:2171:33: note: expected 'void *' but argument is of type 'long int'
 ASL_FUNC_DECL_START extern long aslDevInterAddStaticElement( void *, double, struct ahdlFuncModeParam * );
                                 ^
<stdin>:461:4: warning: passing argument 1 of 'aslDevInterAddStaticElement' makes pointer from integer without a cast [enabled by default]
<stdin>:480:40: warning: passing argument 1 of 'aslDevInterAddStaticElement' makes pointer from integer without a cast [enabled by default]
<stdin>: In function 'EMG_202009__MUX_16__verilogams__0x10000001_behavioral_TranFuncLoad':
<stdin>:175:2: warning: passing argument 1 of 'aslDevDoDACGetIntFromABInt' from incompatible pointer type [enabled by default]
<stdin>: In function 'EMG_202009__MUX_16__verilogams__0x10000001_behavioral_pDC_Load':
<stdin>:392:1054: warning: passing argument 1 of 'aslDevFillZeorDiagonalElemet' makes pointer from integer without a cast [enabled by default]
In file included from <stdin>:24:0:
/pkg/cadence/installs/XCELIUM1803/tools.lnx86/spectre/ahdlcmi/include/ahdlDevLibGlobal.h:2171:33: note: expected 'void *' but argument is of type 'long int'
 ASL_FUNC_DECL_START extern long aslDevInterAddStaticElement( void *, double, struct ahdlFuncModeParam * );
                                 ^
In file included from <stdin>:24:0:
/pkg/cadence/installs/XCELIUM1803/tools.lnx86/spectre/ahdlcmi/include/ahdlDevLibGlobal.h:2171:33: note: expected 'void *' but argument is of type 'long int'
 ASL_FUNC_DECL_START extern long aslDevInterAddStaticElement( void *, double, struct ahdlFuncModeParam * );
                                 ^
<stdin>:462:40: warning: passing argument 1 of 'aslDevInterAddStaticElement' makes pointer from integer without a cast [enabled by default]
<stdin>:482:4: warning: passing argument 1 of 'aslDevInterAddStaticElement' makes pointer from integer without a cast [enabled by default]
In file included from <stdin>:24:0:
/pkg/cadence/installs/XCELIUM1803/tools.lnx86/spectre/ahdlcmi/include/ahdlDevLibGlobal.h:2159:38: note: expected 'char *' but argument is of type 'long int *'
 ASL_FUNC_DECL_START extern long long aslDevDoDACGetIntFromABInt ( char *, long, struct ahdlFuncModeParam *, int * );
                                      ^
In file included from <stdin>:24:0:
/pkg/cadence/installs/XCELIUM1803/tools.lnx86/spectre/ahdlcmi/include/ahdlDevLibGlobal.h:2715:33: note: expected 'void *' but argument is of type 'long int'
 ASL_FUNC_DECL_START extern void aslDevFillZeorDiagonalElemet( void *, int, unsigned int, struct ahdlFuncModeParam * );
                                 ^
In file included from <stdin>:24:0:
/pkg/cadence/installs/XCELIUM1803/tools.lnx86/spectre/ahdlcmi/include/ahdlDevLibGlobal.h:2171:33: note: expected 'void *' but argument is of type 'long int'
 ASL_FUNC_DECL_START extern long aslDevInterAddStaticElement( void *, double, struct ahdlFuncModeParam * );
                                 ^
In file included from <stdin>:24:0:
/pkg/cadence/installs/XCELIUM1803/tools.lnx86/spectre/ahdlcmi/include/ahdlDevLibGlobal.h:2171:33: note: expected 'void *' but argument is of type 'long int'
 ASL_FUNC_DECL_START extern long aslDevInterAddStaticElement( void *, double, struct ahdlFuncModeParam * );
                                 ^
<stdin>:483:40: warning: passing argument 1 of 'aslDevInterAddStaticElement' makes pointer from integer without a cast [enabled by default]
<stdin>:464:4: warning: passing argument 1 of 'aslDevInterAddStaticElement' makes pointer from integer without a cast [enabled by default]
<stdin>: In function 'EMG_202009__MUX_16__verilogams__0x10000001_behavioral_DcFuncLoad':
<stdin>:175:2: warning: passing argument 1 of 'aslDevDoDACGetIntFromABInt' from incompatible pointer type [enabled by default]
In file included from <stdin>:24:0:
/pkg/cadence/installs/XCELIUM1803/tools.lnx86/spectre/ahdlcmi/include/ahdlDevLibGlobal.h:2171:33: note: expected 'void *' but argument is of type 'long int'
 ASL_FUNC_DECL_START extern long aslDevInterAddStaticElement( void *, double, struct ahdlFuncModeParam * );
                                 ^
In file included from <stdin>:24:0:
/pkg/cadence/installs/XCELIUM1803/tools.lnx86/spectre/ahdlcmi/include/ahdlDevLibGlobal.h:2171:33: note: expected 'void *' but argument is of type 'long int'
 ASL_FUNC_DECL_START extern long aslDevInterAddStaticElement( void *, double, struct ahdlFuncModeParam * );
                                 ^
<stdin>:465:40: warning: passing argument 1 of 'aslDevInterAddStaticElement' makes pointer from integer without a cast [enabled by default]
<stdin>:485:4: warning: passing argument 1 of 'aslDevInterAddStaticElement' makes pointer from integer without a cast [enabled by default]
In file included from <stdin>:24:0:
/pkg/cadence/installs/XCELIUM1803/tools.lnx86/spectre/ahdlcmi/include/ahdlDevLibGlobal.h:2159:38: note: expected 'char *' but argument is of type 'long int *'
 ASL_FUNC_DECL_START extern long long aslDevDoDACGetIntFromABInt ( char *, long, struct ahdlFuncModeParam *, int * );
                                      ^
In file included from <stdin>:24:0:
/pkg/cadence/installs/XCELIUM1803/tools.lnx86/spectre/ahdlcmi/include/ahdlDevLibGlobal.h:2171:33: note: expected 'void *' but argument is of type 'long int'
 ASL_FUNC_DECL_START extern long aslDevInterAddStaticElement( void *, double, struct ahdlFuncModeParam * );
                                 ^
In file included from <stdin>:24:0:
/pkg/cadence/installs/XCELIUM1803/tools.lnx86/spectre/ahdlcmi/include/ahdlDevLibGlobal.h:2171:33: note: expected 'void *' but argument is of type 'long int'
 ASL_FUNC_DECL_START extern long aslDevInterAddStaticElement( void *, double, struct ahdlFuncModeParam * );
                                 ^
<stdin>:486:40: warning: passing argument 1 of 'aslDevInterAddStaticElement' makes pointer from integer without a cast [enabled by default]
<stdin>:467:4: warning: passing argument 1 of 'aslDevInterAddStaticElement' makes pointer from integer without a cast [enabled by default]
In file included from <stdin>:24:0:
/pkg/cadence/installs/XCELIUM1803/tools.lnx86/spectre/ahdlcmi/include/ahdlDevLibGlobal.h:2171:33: note: expected 'void *' but argument is of type 'long int'
 ASL_FUNC_DECL_START extern long aslDevInterAddStaticElement( void *, double, struct ahdlFuncModeParam * );
                                 ^
In file included from <stdin>:24:0:
/pkg/cadence/installs/XCELIUM1803/tools.lnx86/spectre/ahdlcmi/include/ahdlDevLibGlobal.h:2171:33: note: expected 'void *' but argument is of type 'long int'
 ASL_FUNC_DECL_START extern long aslDevInterAddStaticElement( void *, double, struct ahdlFuncModeParam * );
                                 ^
<stdin>:488:4: warning: passing argument 1 of 'aslDevInterAddStaticElement' makes pointer from integer without a cast [enabled by default]
<stdin>:468:40: warning: passing argument 1 of 'aslDevInterAddStaticElement' makes pointer from integer without a cast [enabled by default]
<stdin>:413:4: warning: passing argument 1 of 'aslDevInterAddStaticElement' makes pointer from integer without a cast [enabled by default]
In file included from <stdin>:24:0:
/pkg/cadence/installs/XCELIUM1803/tools.lnx86/spectre/ahdlcmi/include/ahdlDevLibGlobal.h:2171:33: note: expected 'void *' but argument is of type 'long int'
 ASL_FUNC_DECL_START extern long aslDevInterAddStaticElement( void *, double, struct ahdlFuncModeParam * );
                                 ^
In file included from <stdin>:24:0:
/pkg/cadence/installs/XCELIUM1803/tools.lnx86/spectre/ahdlcmi/include/ahdlDevLibGlobal.h:2171:33: note: expected 'void *' but argument is of type 'long int'
 ASL_FUNC_DECL_START extern long aslDevInterAddStaticElement( void *, double, struct ahdlFuncModeParam * );
                                 ^
<stdin>:489:40: warning: passing argument 1 of 'aslDevInterAddStaticElement' makes pointer from integer without a cast [enabled by default]
<stdin>:470:4: warning: passing argument 1 of 'aslDevInterAddStaticElement' makes pointer from integer without a cast [enabled by default]
In file included from <stdin>:24:0:
/pkg/cadence/installs/XCELIUM1803/tools.lnx86/spectre/ahdlcmi/include/ahdlDevLibGlobal.h:2171:33: note: expected 'void *' but argument is of type 'long int'
 ASL_FUNC_DECL_START extern long aslDevInterAddStaticElement( void *, double, struct ahdlFuncModeParam * );
                                 ^
In file included from <stdin>:24:0:
/pkg/cadence/installs/XCELIUM1803/tools.lnx86/spectre/ahdlcmi/include/ahdlDevLibGlobal.h:2171:33: note: expected 'void *' but argument is of type 'long int'
 ASL_FUNC_DECL_START extern long aslDevInterAddStaticElement( void *, double, struct ahdlFuncModeParam * );
                                 ^
<stdin>:491:4: warning: passing argument 1 of 'aslDevInterAddStaticElement' makes pointer from integer without a cast [enabled by default]
In file included from <stdin>:24:0:
/pkg/cadence/installs/XCELIUM1803/tools.lnx86/spectre/ahdlcmi/include/ahdlDevLibGlobal.h:2171:33: note: expected 'void *' but argument is of type 'long int'
 ASL_FUNC_DECL_START extern long aslDevInterAddStaticElement( void *, double, struct ahdlFuncModeParam * );
                                 ^
<stdin>:471:40: warning: passing argument 1 of 'aslDevInterAddStaticElement' makes pointer from integer without a cast [enabled by default]
<stdin>:413:4: warning: passing argument 1 of 'aslDevInterAddStaticElement' makes pointer from integer without a cast [enabled by default]
In file included from <stdin>:24:0:
/pkg/cadence/installs/XCELIUM1803/tools.lnx86/spectre/ahdlcmi/include/ahdlDevLibGlobal.h:2171:33: note: expected 'void *' but argument is of type 'long int'
 ASL_FUNC_DECL_START extern long aslDevInterAddStaticElement( void *, double, struct ahdlFuncModeParam * );
                                 ^
<stdin>:492:40: warning: passing argument 1 of 'aslDevInterAddStaticElement' makes pointer from integer without a cast [enabled by default]
In file included from <stdin>:24:0:
/pkg/cadence/installs/XCELIUM1803/tools.lnx86/spectre/ahdlcmi/include/ahdlDevLibGlobal.h:2171:33: note: expected 'void *' but argument is of type 'long int'
 ASL_FUNC_DECL_START extern long aslDevInterAddStaticElement( void *, double, struct ahdlFuncModeParam * );
                                 ^
<stdin>: In function 'EMG_202009__MUX_16__verilogams__0x10000001_behavioral_pCompare':
<stdin>:473:4: warning: passing argument 1 of 'aslDevInterAddStaticElement' makes pointer from integer without a cast [enabled by default]
<stdin>:431:4735: warning: assignment makes integer from pointer without a cast [enabled by default]
<stdin>:431:1207: warning: passing argument 1 of 'memcpy' makes pointer from integer without a cast [enabled by default]
In file included from /pkg/cadence/installs/XCELIUM1803/tools.lnx86/spectre/ahdlcmi/include/ahdlPiCmi.h:5:0,
                 from /pkg/cadence/installs/XCELIUM1803/tools.lnx86/spectre/ahdlcmi/include/ahdlDevLibGlobal.h:83,
                 from <stdin>:24:
/usr/include/string.h:42:14: note: expected 'void * __restrict__' but argument is of type 'long int'
 extern void *memcpy (void *__restrict __dest, const void *__restrict __src,
              ^
In file included from <stdin>:24:0:
/pkg/cadence/installs/XCELIUM1803/tools.lnx86/spectre/ahdlcmi/include/ahdlDevLibGlobal.h:2171:33: note: expected 'void *' but argument is of type 'long int'
 ASL_FUNC_DECL_START extern long aslDevInterAddStaticElement( void *, double, struct ahdlFuncModeParam * );
                                 ^
<stdin>:431:1207: warning: passing argument 2 of 'memcpy' makes pointer from integer without a cast [enabled by default]
In file included from /pkg/cadence/installs/XCELIUM1803/tools.lnx86/spectre/ahdlcmi/include/ahdlPiCmi.h:5:0,
                 from /pkg/cadence/installs/XCELIUM1803/tools.lnx86/spectre/ahdlcmi/include/ahdlDevLibGlobal.h:83,
                 from <stdin>:24:
/usr/include/string.h:42:14: note: expected 'const void * __restrict__' but argument is of type 'long int'
 extern void *memcpy (void *__restrict __dest, const void *__restrict __src,
              ^
<stdin>:431:4982: warning: assignment makes integer from pointer without a cast [enabled by default]
In file included from <stdin>:24:0:
/pkg/cadence/installs/XCELIUM1803/tools.lnx86/spectre/ahdlcmi/include/ahdlDevLibGlobal.h:2171:33: note: expected 'void *' but argument is of type 'long int'
 ASL_FUNC_DECL_START extern long aslDevInterAddStaticElement( void *, double, struct ahdlFuncModeParam * );
                                 ^
<stdin>:494:4: warning: passing argument 1 of 'aslDevInterAddStaticElement' makes pointer from integer without a cast [enabled by default]
In file included from <stdin>:24:0:
/pkg/cadence/installs/XCELIUM1803/tools.lnx86/spectre/ahdlcmi/include/ahdlDevLibGlobal.h:2171:33: note: expected 'void *' but argument is of type 'long int'
 ASL_FUNC_DECL_START extern long aslDevInterAddStaticElement( void *, double, struct ahdlFuncModeParam * );
                                 ^
<stdin>:474:40: warning: passing argument 1 of 'aslDevInterAddStaticElement' makes pointer from integer without a cast [enabled by default]
In file included from <stdin>:24:0:
/pkg/cadence/installs/XCELIUM1803/tools.lnx86/spectre/ahdlcmi/include/ahdlDevLibGlobal.h:2171:33: note: expected 'void *' but argument is of type 'long int'
 ASL_FUNC_DECL_START extern long aslDevInterAddStaticElement( void *, double, struct ahdlFuncModeParam * );
                                 ^
<stdin>:495:40: warning: passing argument 1 of 'aslDevInterAddStaticElement' makes pointer from integer without a cast [enabled by default]
In file included from <stdin>:24:0:
/pkg/cadence/installs/XCELIUM1803/tools.lnx86/spectre/ahdlcmi/include/ahdlDevLibGlobal.h:2171:33: note: expected 'void *' but argument is of type 'long int'
 ASL_FUNC_DECL_START extern long aslDevInterAddStaticElement( void *, double, struct ahdlFuncModeParam * );
                                 ^
<stdin>:476:4: warning: passing argument 1 of 'aslDevInterAddStaticElement' makes pointer from integer without a cast [enabled by default]
In file included from <stdin>:24:0:
/pkg/cadence/installs/XCELIUM1803/tools.lnx86/spectre/ahdlcmi/include/ahdlDevLibGlobal.h:2171:33: note: expected 'void *' but argument is of type 'long int'
 ASL_FUNC_DECL_START extern long aslDevInterAddStaticElement( void *, double, struct ahdlFuncModeParam * );
                                 ^
<stdin>:497:4: warning: passing argument 1 of 'aslDevInterAddStaticElement' makes pointer from integer without a cast [enabled by default]
In file included from <stdin>:24:0:
/pkg/cadence/installs/XCELIUM1803/tools.lnx86/spectre/ahdlcmi/include/ahdlDevLibGlobal.h:2171:33: note: expected 'void *' but argument is of type 'long int'
 ASL_FUNC_DECL_START extern long aslDevInterAddStaticElement( void *, double, struct ahdlFuncModeParam * );
                                 ^
<stdin>:477:40: warning: passing argument 1 of 'aslDevInterAddStaticElement' makes pointer from integer without a cast [enabled by default]
<stdin>: In function 'EMG_202009__MUX_16__verilogams__0x10000001_behavioral_pGetMatrixPointers':
<stdin>:437:2803: warning: assignment makes integer from pointer without a cast [enabled by default]
In file included from <stdin>:24:0:
/pkg/cadence/installs/XCELIUM1803/tools.lnx86/spectre/ahdlcmi/include/ahdlDevLibGlobal.h:2171:33: note: expected 'void *' but argument is of type 'long int'
 ASL_FUNC_DECL_START extern long aslDevInterAddStaticElement( void *, double, struct ahdlFuncModeParam * );
                                 ^
<stdin>:498:40: warning: passing argument 1 of 'aslDevInterAddStaticElement' makes pointer from integer without a cast [enabled by default]
In file included from <stdin>:24:0:
/pkg/cadence/installs/XCELIUM1803/tools.lnx86/spectre/ahdlcmi/include/ahdlDevLibGlobal.h:2171:33: note: expected 'void *' but argument is of type 'long int'
 ASL_FUNC_DECL_START extern long aslDevInterAddStaticElement( void *, double, struct ahdlFuncModeParam * );
                                 ^
<stdin>:479:4: warning: passing argument 1 of 'aslDevInterAddStaticElement' makes pointer from integer without a cast [enabled by default]
In file included from <stdin>:24:0:
/pkg/cadence/installs/XCELIUM1803/tools.lnx86/spectre/ahdlcmi/include/ahdlDevLibGlobal.h:2171:33: note: expected 'void *' but argument is of type 'long int'
 ASL_FUNC_DECL_START extern long aslDevInterAddStaticElement( void *, double, struct ahdlFuncModeParam * );
                                 ^
In file included from <stdin>:24:0:
/pkg/cadence/installs/XCELIUM1803/tools.lnx86/spectre/ahdlcmi/include/ahdlDevLibGlobal.h:2171:33: note: expected 'void *' but argument is of type 'long int'
 ASL_FUNC_DECL_START extern long aslDevInterAddStaticElement( void *, double, struct ahdlFuncModeParam * );
                                 ^
<stdin>:480:40: warning: passing argument 1 of 'aslDevInterAddStaticElement' makes pointer from integer without a cast [enabled by default]
In file included from <stdin>:24:0:
/pkg/cadence/installs/XCELIUM1803/tools.lnx86/spectre/ahdlcmi/include/ahdlDevLibGlobal.h:2171:33: note: expected 'void *' but argument is of type 'long int'
 ASL_FUNC_DECL_START extern long aslDevInterAddStaticElement( void *, double, struct ahdlFuncModeParam * );
                                 ^
<stdin>:482:4: warning: passing argument 1 of 'aslDevInterAddStaticElement' makes pointer from integer without a cast [enabled by default]
In file included from <stdin>:24:0:
/pkg/cadence/installs/XCELIUM1803/tools.lnx86/spectre/ahdlcmi/include/ahdlDevLibGlobal.h:2171:33: note: expected 'void *' but argument is of type 'long int'
 ASL_FUNC_DECL_START extern long aslDevInterAddStaticElement( void *, double, struct ahdlFuncModeParam * );
                                 ^
<stdin>:483:40: warning: passing argument 1 of 'aslDevInterAddStaticElement' makes pointer from integer without a cast [enabled by default]
In file included from <stdin>:24:0:
/pkg/cadence/installs/XCELIUM1803/tools.lnx86/spectre/ahdlcmi/include/ahdlDevLibGlobal.h:2171:33: note: expected 'void *' but argument is of type 'long int'
 ASL_FUNC_DECL_START extern long aslDevInterAddStaticElement( void *, double, struct ahdlFuncModeParam * );
                                 ^
<stdin>:485:4: warning: passing argument 1 of 'aslDevInterAddStaticElement' makes pointer from integer without a cast [enabled by default]
In file included from <stdin>:24:0:
/pkg/cadence/installs/XCELIUM1803/tools.lnx86/spectre/ahdlcmi/include/ahdlDevLibGlobal.h:2171:33: note: expected 'void *' but argument is of type 'long int'
 ASL_FUNC_DECL_START extern long aslDevInterAddStaticElement( void *, double, struct ahdlFuncModeParam * );
                                 ^
<stdin>:486:40: warning: passing argument 1 of 'aslDevInterAddStaticElement' makes pointer from integer without a cast [enabled by default]
In file included from <stdin>:24:0:
/pkg/cadence/installs/XCELIUM1803/tools.lnx86/spectre/ahdlcmi/include/ahdlDevLibGlobal.h:2171:33: note: expected 'void *' but argument is of type 'long int'
 ASL_FUNC_DECL_START extern long aslDevInterAddStaticElement( void *, double, struct ahdlFuncModeParam * );
                                 ^
<stdin>:488:4: warning: passing argument 1 of 'aslDevInterAddStaticElement' makes pointer from integer without a cast [enabled by default]
In file included from <stdin>:24:0:
/pkg/cadence/installs/XCELIUM1803/tools.lnx86/spectre/ahdlcmi/include/ahdlDevLibGlobal.h:2171:33: note: expected 'void *' but argument is of type 'long int'
 ASL_FUNC_DECL_START extern long aslDevInterAddStaticElement( void *, double, struct ahdlFuncModeParam * );
                                 ^
<stdin>:489:40: warning: passing argument 1 of 'aslDevInterAddStaticElement' makes pointer from integer without a cast [enabled by default]
In file included from <stdin>:24:0:
/pkg/cadence/installs/XCELIUM1803/tools.lnx86/spectre/ahdlcmi/include/ahdlDevLibGlobal.h:2171:33: note: expected 'void *' but argument is of type 'long int'
 ASL_FUNC_DECL_START extern long aslDevInterAddStaticElement( void *, double, struct ahdlFuncModeParam * );
                                 ^
<stdin>:491:4: warning: passing argument 1 of 'aslDevInterAddStaticElement' makes pointer from integer without a cast [enabled by default]
In file included from <stdin>:24:0:
/pkg/cadence/installs/XCELIUM1803/tools.lnx86/spectre/ahdlcmi/include/ahdlDevLibGlobal.h:2171:33: note: expected 'void *' but argument is of type 'long int'
 ASL_FUNC_DECL_START extern long aslDevInterAddStaticElement( void *, double, struct ahdlFuncModeParam * );
                                 ^
<stdin>:492:40: warning: passing argument 1 of 'aslDevInterAddStaticElement' makes pointer from integer without a cast [enabled by default]
<stdin>: In function 'EMG_202009__MUX_16__verilogams__0x10000001_behavioral_pAnalTranLoad':
<stdin>:469:2442: warning: passing argument 1 of 'aslDevFillZeorDiagonalElemet' makes pointer from integer without a cast [enabled by default]
In file included from <stdin>:24:0:
/pkg/cadence/installs/XCELIUM1803/tools.lnx86/spectre/ahdlcmi/include/ahdlDevLibGlobal.h:2171:33: note: expected 'void *' but argument is of type 'long int'
 ASL_FUNC_DECL_START extern long aslDevInterAddStaticElement( void *, double, struct ahdlFuncModeParam * );
                                 ^
<stdin>:494:4: warning: passing argument 1 of 'aslDevInterAddStaticElement' makes pointer from integer without a cast [enabled by default]
In file included from <stdin>:24:0:
/pkg/cadence/installs/XCELIUM1803/tools.lnx86/spectre/ahdlcmi/include/ahdlDevLibGlobal.h:2715:33: note: expected 'void *' but argument is of type 'long int'
 ASL_FUNC_DECL_START extern void aslDevFillZeorDiagonalElemet( void *, int, unsigned int, struct ahdlFuncModeParam * );
                                 ^
In file included from <stdin>:24:0:
/pkg/cadence/installs/XCELIUM1803/tools.lnx86/spectre/ahdlcmi/include/ahdlDevLibGlobal.h:2171:33: note: expected 'void *' but argument is of type 'long int'
 ASL_FUNC_DECL_START extern long aslDevInterAddStaticElement( void *, double, struct ahdlFuncModeParam * );
                                 ^
<stdin>:495:40: warning: passing argument 1 of 'aslDevInterAddStaticElement' makes pointer from integer without a cast [enabled by default]
In file included from <stdin>:24:0:
/pkg/cadence/installs/XCELIUM1803/tools.lnx86/spectre/ahdlcmi/include/ahdlDevLibGlobal.h:2171:33: note: expected 'void *' but argument is of type 'long int'
 ASL_FUNC_DECL_START extern long aslDevInterAddStaticElement( void *, double, struct ahdlFuncModeParam * );
                                 ^
<stdin>:497:4: warning: passing argument 1 of 'aslDevInterAddStaticElement' makes pointer from integer without a cast [enabled by default]
In file included from <stdin>:24:0:
/pkg/cadence/installs/XCELIUM1803/tools.lnx86/spectre/ahdlcmi/include/ahdlDevLibGlobal.h:2171:33: note: expected 'void *' but argument is of type 'long int'
 ASL_FUNC_DECL_START extern long aslDevInterAddStaticElement( void *, double, struct ahdlFuncModeParam * );
                                 ^
<stdin>:498:40: warning: passing argument 1 of 'aslDevInterAddStaticElement' makes pointer from integer without a cast [enabled by default]
In file included from <stdin>:24:0:
/pkg/cadence/installs/XCELIUM1803/tools.lnx86/spectre/ahdlcmi/include/ahdlDevLibGlobal.h:2171:33: note: expected 'void *' but argument is of type 'long int'
 ASL_FUNC_DECL_START extern long aslDevInterAddStaticElement( void *, double, struct ahdlFuncModeParam * );
                                 ^
rm -f -rf EMG_202009__MUX_16__verilogams__0x10000001_behavioral_DcFuncLoad.c
rm -f -rf EMG_202009__MUX_16__verilogams__0x10000001_behavioral_TranFuncLoad.c
rm -f -rf EMG_202009__MUX_16__verilogams__0x10000001_behavioral_func.c
rm -f -rf EMG_202009__MUX_16__verilogams__0x10000001_behavioral_TranFuncDerLoad.c
rm -f -rf EMG_202009__MUX_16__verilogams__0x10000001_behavioral_DcFuncDerLoad.c
rm -f -rf EMG_202009__MUX_16__verilogams__0x10000001_behavioral_cmi_c.c
/pkg/cadence/installs/XCELIUM1803/tools.lnx86/cdsgcc/gcc/4.8/bin/gcc -shared -O3 -m64 -fPIC -o obj/optimize/5.0/libahdlcmi_EMG_202009__MUX_16__verilogams__0x10000001_behavioral.so ./obj/optimize/5.0/EMG_202009__MUX_16__verilogams__0x10000001_behavioral_func.o ./obj/optimize/5.0/EMG_202009__MUX_16__verilogams__0x10000001_behavioral_DcFuncDerLoad.o ./obj/optimize/5.0/EMG_202009__MUX_16__verilogams__0x10000001_behavioral_DcFuncLoad.o ./obj/optimize/5.0/EMG_202009__MUX_16__verilogams__0x10000001_behavioral_TranFuncDerLoad.o ./obj/optimize/5.0/EMG_202009__MUX_16__verilogams__0x10000001_behavioral_TranFuncLoad.o ./obj/optimize/5.0/EMG_202009__MUX_16__verilogams__0x10000001_behavioral_cmi_c.o  -Wl,-rpath,/usr/lib -Wl,-rpath,/lib -s 
rm -f -f ./obj/optimize/5.0/EMG_202009__MUX_16__verilogams__0x10000001_behavioral_func.o ./obj/optimize/5.0/EMG_202009__MUX_16__verilogams__0x10000001_behavioral_DcFuncDerLoad.o ./obj/optimize/5.0/EMG_202009__MUX_16__verilogams__0x10000001_behavioral_DcFuncLoad.o ./obj/optimize/5.0/EMG_202009__MUX_16__verilogams__0x10000001_behavioral_TranFuncDerLoad.o ./obj/optimize/5.0/EMG_202009__MUX_16__verilogams__0x10000001_behavioral_TranFuncLoad.o ./obj/optimize/5.0/EMG_202009__MUX_16__verilogams__0x10000001_behavioral_cmi_c.o 
