xmvlog(64): 18.03-s018: (c) Copyright 1995-2019 Cadence Design Systems, Inc.
TOOL:	xmvlog(64)	18.03-s018: Started on Feb 15, 2021 at 13:05:00 CET
xmvlog
    -use5x
    -SPECIFICUNIT Digital_Stimulus_EMG_NMES
    -zparse /tmp/vamsZparuw1135
    -NOWARN DLNOHV
    -work EMG_Model
    -view functional
    -nostdout
    -logfile /home/ykhuang/research/.cadence/dfII/TextSupport/Logs/Parser/verilog/EMG_Model/functional/compile4.log
    -messages
    -cdslib /home/ykhuang/research/cds.lib
    /home/ykhuang/research/EMG_Model/Digital_Stimulus_EMG_NMES/functional/verilog.v

file: /home/ykhuang/research/EMG_Model/Digital_Stimulus_EMG_NMES/functional/verilog.v
'include "/home/ykhuang/research/EMG_Model/Digital_Stimuli_EMG_V2/functional/verilog.v"
 |
xmvlog: *E,BADBSE (/home/ykhuang/research/EMG_Model/Digital_Stimulus_EMG_NMES/functional/verilog.v,2|1): illegal base specification: (i) [2.5][2.5.1(IEEE)].
'include "/home/ykhuang/research/EMG_Model/Digital_Stimuli_EMG_V2/functional/verilog.v"
       |
xmvlog: *E,EXPMPA (/home/ykhuang/research/EMG_Model/Digital_Stimulus_EMG_NMES/functional/verilog.v,2|7): expecting the keyword 'module', 'macromodule' or 'primitive'[A.1].
'include "/home/ykhuang/research/Stimulator_Model/Digital_Stimulus_ST/functional/verilog.v"
 |
xmvlog: *E,BADBSE (/home/ykhuang/research/EMG_Model/Digital_Stimulus_EMG_NMES/functional/verilog.v,3|1): illegal base specification: (i) [2.5][2.5.1(IEEE)].
	module EMG_Model.Digital_Stimulus_EMG_NMES:functional
		errors: 0, warnings: 0
	 writing out DPL output:
	Total errors/warnings found outside modules and primitives:
		errors: 3, warnings: 0
TOOL:	xmvlog(64)	18.03-s018: Exiting on Feb 15, 2021 at 13:05:00 CET  (total: 00:00:00)
