Begin Incremental Netlisting Mar 15 16:34:39 2021
End netlisting Mar 15 16:34:39 2021
Begin Incremental Netlisting Mar 15 16:35:37 2021
WARNING (OSSHNL-269): Variable 'simModelNamePrefix' is not defined in the
current netlisting session. It had a value
'_unl' last time netlisting was done
in current run directory. Netlists from last
session cannot be used for
incremental netlisting. Therefore re-netlisting the
design.

End netlisting Mar 15 16:35:37 2021
Begin Incremental Netlisting Mar 15 16:35:42 2021
WARNING (OSSHNL-269): Variable 'simModelNamePrefix' is not defined in the
current netlisting session. It had a value
'_unl' last time netlisting was done
in current run directory. Netlists from last
session cannot be used for
incremental netlisting. Therefore re-netlisting the
design.

End netlisting Mar 15 16:35:42 2021
Begin Incremental Netlisting Mar 15 16:36:34 2021
WARNING (OSSHNL-269): Variable 'simModelNamePrefix' is not defined in the
current netlisting session. It had a value
'_unl' last time netlisting was done
in current run directory. Netlists from last
session cannot be used for
incremental netlisting. Therefore re-netlisting the
design.

WARNING (OSSHNL-226): There are more design variables used in the current
netlisting session as
compared to the last session in the current run directory.
The netlist(s)
generated in the last netlisting session cannot be reused for
incremental
netlisting. Therefore re-netlisting the design.

End netlisting Mar 15 16:36:34 2021
Begin Incremental Netlisting Mar 15 16:36:53 2021
WARNING (OSSHNL-269): Variable 'simModelNamePrefix' is not defined in the
current netlisting session. It had a value
'_unl' last time netlisting was done
in current run directory. Netlists from last
session cannot be used for
incremental netlisting. Therefore re-netlisting the
design.

ERROR (OSSHNL-109): The cellview
'Stimulator_TestBench/TB_HighSide_LS_SW_DCop/schematic' has been modified since
the last extraction. Validate
that the schematic is correct and run Check and
Save to correct this error.

End netlisting Mar 15 16:36:53 2021
Begin Incremental Netlisting Mar 15 16:37:02 2021
ERROR (OSSHNL-109): The cellview
'Stimulator_TestBench/TB_HighSide_LS_SW_DCop/schematic' has been modified since
the last extraction. Validate
that the schematic is correct and run Check and
Save to correct this error.

End netlisting Mar 15 16:37:02 2021
Begin Incremental Netlisting Mar 15 16:37:08 2021
End netlisting Mar 15 16:37:08 2021
Begin Incremental Netlisting Mar 15 16:40:28 2021
WARNING (OSSHNL-269): Variable 'simModelNamePrefix' is not defined in the
current netlisting session. It had a value
'_unl' last time netlisting was done
in current run directory. Netlists from last
session cannot be used for
incremental netlisting. Therefore re-netlisting the
design.

End netlisting Mar 15 16:40:28 2021
