TOOL:	xrun(64)	18.03-s018: Started on Feb 15, 2021 at 22:30:34 CET
xrun
	-f /home/ykhuang/research/Sim/TB_Digital_Stimulus/ams/config/netlist/.mapi/mapi_run.args
		-64bit
		-compile
		-NOCOPYRIGHT
		-nostdout
		-nowarn DLNOHV
		-logfile /home/ykhuang/research/Sim/TB_Digital_Stimulus/ams/config/netlist/.mapi/mapirun.log
		-nowarn DLNOHV
		-nowarn DLCLAP
		-v93
		-allowredefinition
		-incdir /home/ykhuang/research/
		-nclibdirpath /home/ykhuang/research/Sim/TB_Digital_Stimulus/ams/config/netlist/.mapi/
		-cdslib /home/ykhuang/research/Sim/TB_Digital_Stimulus/ams/config/netlist/.mapi/cds.lib
		-amscompilefile "file:/home/ykhuang/research/Stimulator_Model/Digital_Stimulus_ST_V2/functional/verilog.v lib:Stimulator_Model cell:Digital_Stimulus_ST_V2 view:functional"
		/home/ykhuang/research/Sim/TB_Digital_Stimulus/ams/config/netlist/.mapi//dummyMapi.vams
		/home/ykhuang/research/Sim/TB_Digital_Stimulus/ams/config/netlist/.mapi//dummyMapi.vhms
xrun: *W,OPDEPRREN: Command Line Option (-nclibdirpath) is deprecated. Use (-xmlibdirpath) instead.
file: /home/ykhuang/research/Sim/TB_Digital_Stimulus/ams/config/netlist/.mapi//dummyMapi.vams
file: /home/ykhuang/research/Stimulator_Model/Digital_Stimulus_ST_V2/functional/verilog.v
	module Stimulator_Model.Digital_Stimulus_ST_V2:functional
		errors: 0, warnings: 0
xmvlog: *W,SPDUSD: Include directory /home/ykhuang/research/ given but not used.
	Total errors/warnings found outside modules and primitives:
		errors: 0, warnings: 1
TOOL:	xrun(64)	18.03-s018: Exiting on Feb 15, 2021 at 22:30:36 CET  (total: 00:00:02)
