Starting Single Run, Sweeps and Corners...

Current time: Tue Feb 16 16:52:18 2021 
Best design point: 1
Design specs: 
	BioZ_EMG_Model:BioZ_AFE_TB_2:ALL	corner	Nominal - 
	Zin_mag		Error	No
	Zin_pha		Error	No
	real_spectrum		4.472
	imag_spectrum		24.67
	mag_spectrum		25.07
	pha_spectrum		79.73
	input_referred_noise_voltage		Error	No
	integrated_noise		Error	No
	Isource_rms		70.09u
	Resolution		Error	No
	Resolution_rms		Error	No
	mag_d		Error	No
	pha_d		Error	No
	mag_rmsd		Error	No
	pha_rmsd		Error	No
	IoutDC		Error	No
	GainDC		Error	No
	G0		Error	No
	EP		Error	No
	EN		Error	No
	IM2		Error	No
	IM3		Error	No
	IM2_val		Error	No
	IM3_val		Error	No
	IM2_dB		Error	No
	IM3_dB		Error	No
Design parameters: 
	freq_bioz		976.6
	a1		950m
	a2		880m
	a3		860m
	R1		10.5
	R2		8.7
	R3		1.8
	Rinf		6
	Z1		2.4K
	Z2		1.7M
	Z3		6K
	IS		-100u
	IS_DC		0
	IS_offset		0
	IS_phase_AC		90
	IS_phase_trans		90
	IS_pk		100u
	t_meas		4.5m

Interactive.121
Number of points completed: 1
Number of simulation errors: 21
Interactive.121 completed. 
Current time: Tue Feb 16 16:52:54 2021 
