TOOL:	xrun(64)	18.03-s018: Started on Sep 27, 2020 at 23:47:38 CEST
xrun
	-f /home/ykhuang/research/Sim/TB_IA/ams/config/netlist/.mapi/mapi_run.args
		-64bit
		-compile
		-NOCOPYRIGHT
		-nostdout
		-nowarn DLNOHV
		-logfile /home/ykhuang/research/Sim/TB_IA/ams/config/netlist/.mapi/mapirun.log
		-nowarn DLNOHV
		-nowarn DLCLAP
		-v93
		-allowredefinition
		-incdir /home/ykhuang/research/
		-nclibdirpath /home/ykhuang/research/Sim/TB_IA/ams/config/netlist/.mapi/
		-cdslib /home/ykhuang/research/Sim/TB_IA/ams/config/netlist/.mapi/cds.lib
		-amscompilefile "file:/home/ykhuang/research/EMG_202009/IA/verilogams/verilog.vams lib:EMG_202009 cell:IA view:verilogams"
		/home/ykhuang/research/Sim/TB_IA/ams/config/netlist/.mapi//dummyMapi.vams
		/home/ykhuang/research/Sim/TB_IA/ams/config/netlist/.mapi//dummyMapi.vhms
xrun: *W,OPDEPRREN: Command Line Option (-nclibdirpath) is deprecated. Use (-xmlibdirpath) instead.
file: /home/ykhuang/research/Sim/TB_IA/ams/config/netlist/.mapi//dummyMapi.vams
file: /home/ykhuang/research/EMG_202009/IA/verilogams/verilog.vams
	module EMG_202009.IA:verilogams
		errors: 0, warnings: 0
xmvlog: *W,SPDUSD: Include directory /home/ykhuang/research/ given but not used.
	Total errors/warnings found outside modules and primitives:
		errors: 0, warnings: 1
TOOL:	xrun(64)	18.03-s018: Exiting on Sep 27, 2020 at 23:47:41 CEST  (total: 00:00:03)
