TOOL:	xrun(64)	18.03-s018: Started on Apr 14, 2021 at 21:39:03 CEST
xrun
	-f /home/ykhuang/research/Sim/SAR4_sim/ams/config/netlist/.mapi/mapi_run.args
		-64bit
		-compile
		-NOCOPYRIGHT
		-nostdout
		-nowarn DLNOHV
		-logfile /home/ykhuang/research/Sim/SAR4_sim/ams/config/netlist/.mapi/mapirun.log
		-nowarn DLNOHV
		-nowarn DLCLAP
		-v93
		-allowredefinition
		-incdir /home/ykhuang/research/
		-nclibdirpath /home/ykhuang/research/Sim/SAR4_sim/ams/config/netlist/.mapi/
		-cdslib /home/ykhuang/research/Sim/SAR4_sim/ams/config/netlist/.mapi/cds.lib
		-amscompilefile "file:/home/ykhuang/research/IL2239_SAR_ADC/digital_stimuli_SAR4/verilogams/verilog.vams lib:IL2239_SAR_ADC cell:digital_stimuli_SAR4 view:verilogams"
		-amscompilefile "file:/home/ykhuang/research/IL2239_SAR_ADC/SAR4/verilogams/verilog.vams lib:IL2239_SAR_ADC cell:SAR4 view:verilogams"
		/home/ykhuang/research/Sim/SAR4_sim/ams/config/netlist/.mapi//dummyMapi.vams
		/home/ykhuang/research/Sim/SAR4_sim/ams/config/netlist/.mapi//dummyMapi.vhms
xrun: *W,OPDEPRREN: Command Line Option (-nclibdirpath) is deprecated. Use (-xmlibdirpath) instead.
file: /home/ykhuang/research/Sim/SAR4_sim/ams/config/netlist/.mapi//dummyMapi.vams
file: /home/ykhuang/research/IL2239_SAR_ADC/digital_stimuli_SAR4/verilogams/verilog.vams
	module IL2239_SAR_ADC.digital_stimuli_SAR4:verilogams
		errors: 0, warnings: 0
file: /home/ykhuang/research/IL2239_SAR_ADC/SAR4/verilogams/verilog.vams
	module IL2239_SAR_ADC.SAR4:verilogams
		errors: 0, warnings: 0
xmvlog: *W,SPDUSD: Include directory /home/ykhuang/research/ given but not used.
	Total errors/warnings found outside modules and primitives:
		errors: 0, warnings: 1
TOOL:	xrun(64)	18.03-s018: Exiting on Apr 14, 2021 at 21:39:06 CEST  (total: 00:00:03)
