Begin Incremental Netlisting Mar 23 10:52:27 2021
WARNING (OSSHNL-269): Variable 'simModelNamePrefix' is not defined in the
current netlisting session. It had a value
'_unl' last time netlisting was done
in current run directory. Netlists from last
session cannot be used for
incremental netlisting. Therefore re-netlisting the
design.

End netlisting Mar 23 10:52:27 2021
Begin Incremental Netlisting Mar 23 10:56:21 2021
WARNING (OSSHNL-269): Variable 'simModelNamePrefix' is not defined in the
current netlisting session. It had a value
'_unl' last time netlisting was done
in current run directory. Netlists from last
session cannot be used for
incremental netlisting. Therefore re-netlisting the
design.

WARNING (OSSHNL-225): The design variable 'Ibias', used in the last netlisting
session in the current
run directory is not used in this netlisting session. The
netlist(s) generated
in the last netlisting session cannot be reused for
incremental netlisting.
Therefore re-netlisting the design.

ERROR (OSSHNL-109): The cellview
'Stimulator_TestBench/TB_LS_HighSide_ST/schematic' has been modified since the
last extraction. Validate
that the schematic is correct and run Check and Save
to correct this error.

End netlisting Mar 23 10:56:21 2021
Begin Incremental Netlisting Mar 23 10:56:30 2021
End netlisting Mar 23 10:56:30 2021
Begin Incremental Netlisting Mar 23 10:57:57 2021
WARNING (OSSHNL-269): Variable 'simModelNamePrefix' is not defined in the
current netlisting session. It had a value
'_unl' last time netlisting was done
in current run directory. Netlists from last
session cannot be used for
incremental netlisting. Therefore re-netlisting the
design.

End netlisting Mar 23 10:57:57 2021
Begin Incremental Netlisting Mar 23 10:58:22 2021
WARNING (OSSHNL-269): Variable 'simModelNamePrefix' is not defined in the
current netlisting session. It had a value
'_unl' last time netlisting was done
in current run directory. Netlists from last
session cannot be used for
incremental netlisting. Therefore re-netlisting the
design.

End netlisting Mar 23 10:58:22 2021
Begin Incremental Netlisting Mar 23 10:59:14 2021
WARNING (OSSHNL-269): Variable 'simModelNamePrefix' is not defined in the
current netlisting session. It had a value
'_unl' last time netlisting was done
in current run directory. Netlists from last
session cannot be used for
incremental netlisting. Therefore re-netlisting the
design.

End netlisting Mar 23 10:59:14 2021
Begin Incremental Netlisting Mar 23 10:59:45 2021
WARNING (OSSHNL-269): Variable 'simModelNamePrefix' is not defined in the
current netlisting session. It had a value
'_unl' last time netlisting was done
in current run directory. Netlists from last
session cannot be used for
incremental netlisting. Therefore re-netlisting the
design.

End netlisting Mar 23 10:59:45 2021
